#
# There is insufficient memory for the Java Runtime Environment to continue.
# Native memory allocation (malloc) failed to allocate 32744 bytes. Error detail: ChunkPool::allocate
# Possible reasons:
#   The system is out of physical RAM or swap space
#   This process is running with CompressedOops enabled, and the Java Heap may be blocking the growth of the native heap
# Possible solutions:
#   Reduce memory load on the system
#   Increase physical memory or swap space
#   Check if swap backing store is full
#   Decrease Java heap size (-Xmx/-Xms)
#   Decrease number of Java threads
#   Decrease Java thread stack sizes (-Xss)
#   Set larger code cache with -XX:ReservedCodeCacheSize=
#   JVM is running with Unscaled Compressed Oops mode in which the Java heap is
#     placed in the first 4GB address space. The Java Heap base address is the
#     maximum limit for the native heap growth. Please use -XX:HeapBaseMinAddress
#     to set the Java Heap base and to place the Java Heap above 4GB virtual address.
# This output file may be truncated or incomplete.
#
#  Out of Memory Error (arena.cpp:79), pid=38212, tid=26540
#
# JRE version: OpenJDK Runtime Environment Temurin-17.0.11+9 (17.0.11+9) (build 17.0.11+9)
# Java VM: OpenJDK 64-Bit Server VM Temurin-17.0.11+9 (17.0.11+9, mixed mode, tiered, compressed oops, compressed class ptrs, parallel gc, windows-amd64)
# No core dump will be written. Minidumps are not enabled by default on client versions of Windows
#

---------------  S U M M A R Y ------------

Command Line: --add-modules=ALL-SYSTEM --add-opens=java.base/java.util=ALL-UNNAMED --add-opens=java.base/java.lang=ALL-UNNAMED --add-opens=java.base/sun.nio.fs=ALL-UNNAMED -Declipse.application=org.eclipse.jdt.ls.core.id1 -Dosgi.bundles.defaultStartLevel=4 -Declipse.product=org.eclipse.jdt.ls.core.product -Djava.import.generatesMetadataFilesAtProjectRoot=false -DDetectVMInstallationsJob.disabled=true -Dfile.encoding=utf8 -XX:+UseParallelGC -XX:GCTimeRatio=4 -XX:AdaptiveSizePolicyWeight=90 -Dsun.zip.disableMemoryMapping=true -Xmx1G -Xms100m -Xlog:disable -javaagent:c:\Users\Cassel Robson\.vscode\extensions\redhat.java-1.32.0-win32-x64\lombok\lombok-1.18.33.jar c:\Users\Cassel Robson\.vscode\extensions\redhat.java-1.32.0-win32-x64\server\plugins\org.eclipse.equinox.launcher_1.6.900.v20240613-2009.jar -configuration c:\Users\Cassel Robson\AppData\Roaming\Code\User\globalStorage\redhat.java\1.32.0\config_ss_win -data c:\Users\Cassel Robson\AppData\Roaming\Code\User\workspaceStorage\91d333ee4e4b4ecfdc62c85a850c3d8d\redhat.java\ss_ws --pipe=\\.\pipe\lsp-a792f1ed8611a58b9a4aaa2680a6d7e9-sock

Host: 12th Gen Intel(R) Core(TM) i7-12700K, 20 cores, 31G,  Windows 11 , 64 bit Build 22621 (10.0.22621.3672)
Time: Thu Jul 25 14:44:20 2024 Eastern Daylight Time elapsed time: 2.002511 seconds (0d 0h 0m 2s)

---------------  T H R E A D  ---------------

Current thread (0x000001f6906e7050):  JavaThread "C2 CompilerThread4" daemon [_thread_in_native, id=26540, stack(0x000000d79ba00000,0x000000d79bb00000)]


Current CompileTask:
C2:   2002 4537       4       lombok.patcher.PatchScript$MethodPatcher::visitMethod (158 bytes)

Stack: [0x000000d79ba00000,0x000000d79bb00000]
Native frames: (J=compiled Java code, j=interpreted, Vv=VM code, C=native code)
V  [jvm.dll+0x67d429]
V  [jvm.dll+0x834b7a]
V  [jvm.dll+0x83663e]
V  [jvm.dll+0x836ca3]
V  [jvm.dll+0x247dbf]
V  [jvm.dll+0xac731]
V  [jvm.dll+0xacb7c]
V  [jvm.dll+0x6593c8]
V  [jvm.dll+0x65926c]
V  [jvm.dll+0xa045a]
V  [jvm.dll+0x7902f5]
V  [jvm.dll+0x6a448b]
V  [jvm.dll+0x690b6b]
V  [jvm.dll+0x690d6e]
V  [jvm.dll+0x693627]
V  [jvm.dll+0x68d82b]
V  [jvm.dll+0x68ce67]
V  [jvm.dll+0x68ad52]
V  [jvm.dll+0x1a85ac]
V  [jvm.dll+0x2ae4e4]
V  [jvm.dll+0x695875]
V  [jvm.dll+0x68d82b]
V  [jvm.dll+0x68ce67]
V  [jvm.dll+0x68ad52]
V  [jvm.dll+0x1a85ac]
V  [jvm.dll+0x1a9146]
V  [jvm.dll+0x2ae4e4]
V  [jvm.dll+0x695875]
V  [jvm.dll+0x68d82b]
V  [jvm.dll+0x68ce67]
V  [jvm.dll+0x68ad52]
V  [jvm.dll+0x1a85ac]
V  [jvm.dll+0x2ae4e4]
V  [jvm.dll+0x695875]
V  [jvm.dll+0x68d82b]
V  [jvm.dll+0x68ce67]
V  [jvm.dll+0x68ad52]
V  [jvm.dll+0x1a85ac]
V  [jvm.dll+0x2ae4e4]
V  [jvm.dll+0x695875]
V  [jvm.dll+0x68d82b]
V  [jvm.dll+0x68ce67]
V  [jvm.dll+0x68ad52]
V  [jvm.dll+0x1a85ac]
V  [jvm.dll+0x219468]
V  [jvm.dll+0x1a534d]
V  [jvm.dll+0x2295cd]
V  [jvm.dll+0x22779c]
V  [jvm.dll+0x7e9d07]
V  [jvm.dll+0x7e410a]
V  [jvm.dll+0x67c315]
C  [ucrtbase.dll+0x29333]
C  [KERNEL32.DLL+0x1257d]
C  [ntdll.dll+0x5af28]


---------------  P R O C E S S  ---------------

Threads class SMR info:
_java_thread_list=0x000001f6936cb7c0, length=55, elements={
0x000001f6f49d31a0, 0x000001f6f9858020, 0x000001f6f9859550, 0x000001f6f4a7afb0,
0x000001f6f4a7bae0, 0x000001f6f4a7e780, 0x000001f6fe9e2310, 0x000001f6fe9e9830,
0x000001f6fe9ec200, 0x000001f6fe9ed2f0, 0x000001f6feacec10, 0x000001f6f4a32230,
0x000001f6febbd4f0, 0x000001f6febc2a30, 0x000001f69015b1e0, 0x000001f69015b700,
0x000001f69021e600, 0x000001f6906e6910, 0x000001f6906e7050, 0x000001f690575920,
0x000001f6905730a0, 0x000001f690572170, 0x000001f690572680, 0x000001f6905735b0,
0x000001f690573ac0, 0x000001f690572b90, 0x000001f690574f00, 0x000001f6905744e0,
0x000001f6905749f0, 0x000001f692aa7f90, 0x000001f692aa9df0, 0x000001f692aa84a0,
0x000001f692aaa300, 0x000001f692aad5a0, 0x000001f692aaad20, 0x000001f692aa89b0,
0x000001f692aaa810, 0x000001f692aae4d0, 0x000001f692aa8ec0, 0x000001f692aadab0,
0x000001f692aac160, 0x000001f692aa93d0, 0x000001f692aac670, 0x000001f692aa98e0,
0x000001f692aab230, 0x000001f692aab740, 0x000001f692aad090, 0x000001f692aa7570,
0x000001f692aadfc0, 0x000001f692aa7060, 0x000001f692aacb80, 0x000001f692aae9e0,
0x000001f6935ad850, 0x000001f69ce28bf0, 0x000001f690ffe840
}

Java Threads: ( => current thread )
  0x000001f6f49d31a0 JavaThread "main" [_thread_blocked, id=21908, stack(0x000000d79a500000,0x000000d79a600000)]
  0x000001f6f9858020 JavaThread "Reference Handler" daemon [_thread_blocked, id=12056, stack(0x000000d79a800000,0x000000d79a900000)]
  0x000001f6f9859550 JavaThread "Finalizer" daemon [_thread_blocked, id=37852, stack(0x000000d79a900000,0x000000d79aa00000)]
  0x000001f6f4a7afb0 JavaThread "Signal Dispatcher" daemon [_thread_blocked, id=27112, stack(0x000000d79aa00000,0x000000d79ab00000)]
  0x000001f6f4a7bae0 JavaThread "Attach Listener" daemon [_thread_blocked, id=3388, stack(0x000000d79ab00000,0x000000d79ac00000)]
  0x000001f6f4a7e780 JavaThread "Service Thread" daemon [_thread_blocked, id=39416, stack(0x000000d79ac00000,0x000000d79ad00000)]
  0x000001f6fe9e2310 JavaThread "Monitor Deflation Thread" daemon [_thread_blocked, id=9332, stack(0x000000d79ad00000,0x000000d79ae00000)]
  0x000001f6fe9e9830 JavaThread "C2 CompilerThread0" daemon [_thread_in_native, id=32376, stack(0x000000d79ae00000,0x000000d79af00000)]
  0x000001f6fe9ec200 JavaThread "C1 CompilerThread0" daemon [_thread_in_native, id=29104, stack(0x000000d79af00000,0x000000d79b000000)]
  0x000001f6fe9ed2f0 JavaThread "Sweeper thread" daemon [_thread_blocked, id=32840, stack(0x000000d79b000000,0x000000d79b100000)]
  0x000001f6feacec10 JavaThread "Common-Cleaner" daemon [_thread_blocked, id=15096, stack(0x000000d79b100000,0x000000d79b200000)]
  0x000001f6f4a32230 JavaThread "C1 CompilerThread1" daemon [_thread_in_vm, id=42296, stack(0x000000d79b200000,0x000000d79b300000)]
  0x000001f6febbd4f0 JavaThread "C2 CompilerThread1" daemon [_thread_in_native, id=37280, stack(0x000000d79b300000,0x000000d79b400000)]
  0x000001f6febc2a30 JavaThread "C2 CompilerThread2" daemon [_thread_in_native, id=3444, stack(0x000000d79b400000,0x000000d79b500000)]
  0x000001f69015b1e0 JavaThread "C1 CompilerThread2" daemon [_thread_blocked, id=28016, stack(0x000000d79b500000,0x000000d79b600000)]
  0x000001f69015b700 JavaThread "C1 CompilerThread3" daemon [_thread_blocked, id=22444, stack(0x000000d79b600000,0x000000d79b700000)]
  0x000001f69021e600 JavaThread "Notification Thread" daemon [_thread_blocked, id=36764, stack(0x000000d79b700000,0x000000d79b800000)]
  0x000001f6906e6910 JavaThread "C2 CompilerThread3" daemon [_thread_in_native, id=37048, stack(0x000000d79b900000,0x000000d79ba00000)]
=>0x000001f6906e7050 JavaThread "C2 CompilerThread4" daemon [_thread_in_native, id=26540, stack(0x000000d79ba00000,0x000000d79bb00000)]
  0x000001f690575920 JavaThread "Active Thread: Equinox Container: 7a09132d-2fee-470b-abd8-ff3bd495b49a" [_thread_blocked, id=2636, stack(0x000000d79c000000,0x000000d79c100000)]
  0x000001f6905730a0 JavaThread "Framework Event Dispatcher: Equinox Container: 7a09132d-2fee-470b-abd8-ff3bd495b49a" daemon [_thread_blocked, id=11560, stack(0x000000d79c100000,0x000000d79c200000)]
  0x000001f690572170 JavaThread "Start Level: Equinox Container: 7a09132d-2fee-470b-abd8-ff3bd495b49a" daemon [_thread_blocked, id=39344, stack(0x000000d79c200000,0x000000d79c300000)]
  0x000001f690572680 JavaThread "SCR Component Actor" daemon [_thread_blocked, id=41608, stack(0x000000d79c300000,0x000000d79c400000)]
  0x000001f6905735b0 JavaThread "SCR Component Registry" daemon [_thread_blocked, id=33024, stack(0x000000d79c600000,0x000000d79c700000)]
  0x000001f690573ac0 JavaThread "Worker-JM" [_thread_blocked, id=6360, stack(0x000000d79c700000,0x000000d79c800000)]
  0x000001f690572b90 JavaThread "Worker-0: Building" [_thread_blocked, id=40220, stack(0x000000d79cb00000,0x000000d79cc00000)]
  0x000001f690574f00 JavaThread "Worker-1" [_thread_blocked, id=36300, stack(0x000000d79cc00000,0x000000d79cd00000)]
  0x000001f6905744e0 JavaThread "JNA Cleaner" daemon [_thread_blocked, id=3364, stack(0x000000d79d100000,0x000000d79d200000)]
  0x000001f6905749f0 JavaThread "Thread-2" daemon [_thread_in_native, id=17064, stack(0x000000d79d200000,0x000000d79d300000)]
  0x000001f692aa7f90 JavaThread "Thread-3" daemon [_thread_in_native, id=38468, stack(0x000000d79d300000,0x000000d79d400000)]
  0x000001f692aa9df0 JavaThread "Thread-4" daemon [_thread_in_native, id=40004, stack(0x000000d79d400000,0x000000d79d500000)]
  0x000001f692aa84a0 JavaThread "Thread-5" daemon [_thread_in_native, id=8048, stack(0x000000d79d500000,0x000000d79d600000)]
  0x000001f692aaa300 JavaThread "Thread-6" daemon [_thread_in_native, id=27908, stack(0x000000d79d600000,0x000000d79d700000)]
  0x000001f692aad5a0 JavaThread "Thread-7" daemon [_thread_in_native, id=6916, stack(0x000000d79d700000,0x000000d79d800000)]
  0x000001f692aaad20 JavaThread "Thread-8" daemon [_thread_in_native, id=38124, stack(0x000000d79d800000,0x000000d79d900000)]
  0x000001f692aa89b0 JavaThread "Thread-9" daemon [_thread_in_native, id=42744, stack(0x000000d79d900000,0x000000d79da00000)]
  0x000001f692aaa810 JavaThread "Thread-10" daemon [_thread_in_native, id=34224, stack(0x000000d79da00000,0x000000d79db00000)]
  0x000001f692aae4d0 JavaThread "Thread-11" daemon [_thread_in_native, id=7400, stack(0x000000d79db00000,0x000000d79dc00000)]
  0x000001f692aa8ec0 JavaThread "Thread-12" daemon [_thread_in_native, id=17260, stack(0x000000d79dc00000,0x000000d79dd00000)]
  0x000001f692aadab0 JavaThread "Thread-13" daemon [_thread_in_native, id=36720, stack(0x000000d79dd00000,0x000000d79de00000)]
  0x000001f692aac160 JavaThread "Thread-14" daemon [_thread_in_native, id=31100, stack(0x000000d79de00000,0x000000d79df00000)]
  0x000001f692aa93d0 JavaThread "Thread-15" daemon [_thread_in_native, id=30960, stack(0x000000d79df00000,0x000000d79e000000)]
  0x000001f692aac670 JavaThread "Thread-16" daemon [_thread_in_native, id=37024, stack(0x000000d79e000000,0x000000d79e100000)]
  0x000001f692aa98e0 JavaThread "Thread-17" daemon [_thread_in_native, id=36604, stack(0x000000d79e100000,0x000000d79e200000)]
  0x000001f692aab230 JavaThread "Thread-18" daemon [_thread_in_native, id=35452, stack(0x000000d79e200000,0x000000d79e300000)]
  0x000001f692aab740 JavaThread "Thread-19" daemon [_thread_in_native, id=35644, stack(0x000000d79e300000,0x000000d79e400000)]
  0x000001f692aad090 JavaThread "Thread-20" daemon [_thread_in_native, id=37436, stack(0x000000d79e400000,0x000000d79e500000)]
  0x000001f692aa7570 JavaThread "Thread-21" daemon [_thread_in_native, id=39604, stack(0x000000d79e500000,0x000000d79e600000)]
  0x000001f692aadfc0 JavaThread "Thread-22" daemon [_thread_in_native, id=31276, stack(0x000000d79e600000,0x000000d79e700000)]
  0x000001f692aa7060 JavaThread "pool-2-thread-1" [_thread_blocked, id=38232, stack(0x000000d79e700000,0x000000d79e800000)]
  0x000001f692aacb80 JavaThread "WorkspaceEventsHandler" [_thread_blocked, id=36820, stack(0x000000d79e800000,0x000000d79e900000)]
  0x000001f692aae9e0 JavaThread "pool-1-thread-1" [_thread_blocked, id=39400, stack(0x000000d79e900000,0x000000d79ea00000)]
  0x000001f6935ad850 JavaThread "Worker-2" [_thread_blocked, id=12124, stack(0x000000d79ed00000,0x000000d79ee00000)]
  0x000001f69ce28bf0 JavaThread "C2 CompilerThread5" daemon [_thread_blocked, id=4540, stack(0x000000d79ea00000,0x000000d79eb00000)]
  0x000001f690ffe840 JavaThread "C2 CompilerThread6" daemon [_thread_blocked, id=22700, stack(0x000000d79eb00000,0x000000d79ec00000)]

Other Threads:
  0x000001f6f9844150 VMThread "VM Thread" [stack: 0x000000d79a700000,0x000000d79a800000] [id=2116] _threads_hazard_ptr=0x000001f6936cb7c0
  0x000001f69021ed30 WatcherThread [stack: 0x000000d79b800000,0x000000d79b900000] [id=19440]
  0x000001f6f49e6bf0 GCTaskThread "GC Thread#0" [stack: 0x000000d79a600000,0x000000d79a700000] [id=3100]
  0x000001f690820aa0 GCTaskThread "GC Thread#1" [stack: 0x000000d79bb00000,0x000000d79bc00000] [id=35864]
  0x000001f6907af1a0 GCTaskThread "GC Thread#2" [stack: 0x000000d79bc00000,0x000000d79bd00000] [id=37744]
  0x000001f69074eeb0 GCTaskThread "GC Thread#3" [stack: 0x000000d79bd00000,0x000000d79be00000] [id=6304]
  0x000001f69074f170 GCTaskThread "GC Thread#4" [stack: 0x000000d79be00000,0x000000d79bf00000] [id=37820]
  0x000001f69074f430 GCTaskThread "GC Thread#5" [stack: 0x000000d79bf00000,0x000000d79c000000] [id=3084]
  0x000001f690ae0a40 GCTaskThread "GC Thread#6" [stack: 0x000000d79c400000,0x000000d79c500000] [id=13032]
  0x000001f690bbbc20 GCTaskThread "GC Thread#7" [stack: 0x000000d79c500000,0x000000d79c600000] [id=42884]
  0x000001f690e7cf40 GCTaskThread "GC Thread#8" [stack: 0x000000d79c800000,0x000000d79c900000] [id=38748]
  0x000001f690e7d200 GCTaskThread "GC Thread#9" [stack: 0x000000d79c900000,0x000000d79ca00000] [id=8340]
  0x000001f690e7d4c0 GCTaskThread "GC Thread#10" [stack: 0x000000d79ca00000,0x000000d79cb00000] [id=33720]
  0x000001f690d52850 GCTaskThread "GC Thread#11" [stack: 0x000000d79cd00000,0x000000d79ce00000] [id=36884]
  0x000001f690d52b10 GCTaskThread "GC Thread#12" [stack: 0x000000d79ce00000,0x000000d79cf00000] [id=34308]
  0x000001f6918b9b90 GCTaskThread "GC Thread#13" [stack: 0x000000d79cf00000,0x000000d79d000000] [id=39540]
  0x000001f690fe2f20 GCTaskThread "GC Thread#14" [stack: 0x000000d79d000000,0x000000d79d100000] [id=39296]

Threads with active compile tasks:
C2 CompilerThread0     2017 4490       4       jdk.internal.jimage.ImageReader$SharedImageReader::visitLocation (73 bytes)
C1 CompilerThread0     2017 4539       3       org.lombokweb.asm.ClassReader::readCode (5117 bytes)
C1 CompilerThread1     2017 4550       3       org.lombokweb.asm.ByteVector::put122 (93 bytes)
C2 CompilerThread1     2017 4522 %     4       org.lombokweb.asm.SymbolTable::<init> @ 98 (536 bytes)
C2 CompilerThread2     2017 4502       4       org.lombokweb.asm.ClassReader::readMethod (1066 bytes)
C2 CompilerThread3     2017 4304   !   4       org.eclipse.osgi.internal.loader.classpath.ClasspathManager::findLocalClass (210 bytes)
C2 CompilerThread4     2017 4537       4       lombok.patcher.PatchScript$MethodPatcher::visitMethod (158 bytes)
C2 CompilerThread5     2018 4536       4       java.util.regex.Matcher::search (154 bytes)
C2 CompilerThread6     2018 4541       4       java.util.regex.Matcher::match (154 bytes)

VM state: synchronizing (normal execution)

VM Mutex/Monitor currently owned by a thread:  ([mutex/lock_event])
[0x000001f6f49cfb30] Threads_lock - owner thread: 0x000001f6f9844150
[0x000001f6f49d0310] Heap_lock - owner thread: 0x000001f692aae9e0

Heap address: 0x00000000c0000000, size: 1024 MB, Compressed Oops mode: 32-bit

CDS archive(s) not mapped
Compressed class space mapped at: 0x0000000100000000-0x0000000140000000, reserved size: 1073741824
Narrow klass base: 0x0000000000000000, Narrow klass shift: 3, Narrow klass range: 0x140000000

GC Precious Log:
 CPUs: 20 total, 20 available
 Memory: 32508M
 Large Page Support: Disabled
 NUMA Support: Disabled
 Compressed Oops: Enabled (32-bit)
 Alignments: Space 512K, Generation 512K, Heap 2M
 Heap Min Capacity: 100M
 Heap Initial Capacity: 100M
 Heap Max Capacity: 1G
 Pre-touch: Disabled
 Parallel Workers: 15

Heap:
 PSYoungGen      total 24576K, used 24075K [0x00000000eab00000, 0x00000000ec800000, 0x0000000100000000)
  eden space 21504K, 100% used [0x00000000eab00000,0x00000000ec000000,0x00000000ec000000)
  from space 3072K, 83% used [0x00000000ec500000,0x00000000ec782fb8,0x00000000ec800000)
  to   space 3584K, 0% used [0x00000000ec100000,0x00000000ec100000,0x00000000ec480000)
 ParOldGen       total 68608K, used 26129K [0x00000000c0000000, 0x00000000c4300000, 0x00000000eab00000)
  object space 68608K, 38% used [0x00000000c0000000,0x00000000c19846c0,0x00000000c4300000)
 Metaspace       used 43399K, committed 44160K, reserved 1114112K
  class space    used 4381K, committed 4736K, reserved 1048576K

Card table byte_map: [0x000001f6f4360000,0x000001f6f4570000] _byte_map_base: 0x000001f6f3d60000

Marking Bits: (ParMarkBitMap*) 0x00007ffe4039d820
 Begin Bits: [0x000001f6f7660000, 0x000001f6f8660000)
 End Bits:   [0x000001f6f8660000, 0x000001f6f9660000)

Polling page: 0x000001f6f28e0000

Metaspace:

Usage:
  Non-class:     38.10 MB used.
      Class:      4.28 MB used.
       Both:     42.38 MB used.

Virtual space:
  Non-class space:       64.00 MB reserved,      38.50 MB ( 60%) committed,  1 nodes.
      Class space:        1.00 GB reserved,       4.62 MB ( <1%) committed,  1 nodes.
             Both:        1.06 GB reserved,      43.12 MB (  4%) committed. 

Chunk freelists:
   Non-Class:  8.67 MB
       Class:  11.41 MB
        Both:  20.08 MB

MaxMetaspaceSize: unlimited
CompressedClassSpaceSize: 1.00 GB
Initial GC threshold: 21.00 MB
Current GC threshold: 58.38 MB
CDS: off
MetaspaceReclaimPolicy: balanced
 - commit_granule_bytes: 65536.
 - commit_granule_words: 8192.
 - virtual_space_node_default_size: 8388608.
 - enlarge_chunks_in_place: 1.
 - new_chunks_are_fully_committed: 0.
 - uncommit_free_chunks: 1.
 - use_allocation_guard: 0.
 - handle_deallocations: 1.


Internal statistics:

num_allocs_failed_limit: 6.
num_arena_births: 396.
num_arena_deaths: 14.
num_vsnodes_births: 2.
num_vsnodes_deaths: 0.
num_space_committed: 690.
num_space_uncommitted: 0.
num_chunks_returned_to_freelist: 20.
num_chunks_taken_from_freelist: 1838.
num_chunk_merges: 8.
num_chunk_splits: 1165.
num_chunks_enlarged: 782.
num_inconsistent_stats: 0.

CodeHeap 'non-profiled nmethods': size=119168Kb used=2359Kb max_used=2359Kb free=116809Kb
 bounds [0x000001f687ba0000, 0x000001f687e10000, 0x000001f68f000000]
CodeHeap 'profiled nmethods': size=119104Kb used=9878Kb max_used=9878Kb free=109225Kb
 bounds [0x000001f680000000, 0x000001f6809b0000, 0x000001f687450000]
CodeHeap 'non-nmethods': size=7488Kb used=3010Kb max_used=3042Kb free=4477Kb
 bounds [0x000001f687450000, 0x000001f687750000, 0x000001f687ba0000]
 total_blobs=5202 nmethods=4546 adapters=567
 compilation: enabled
              stopped_count=0, restarted_count=0
 full_count=0

Compilation events (20 events):
Event: 1.994 Thread 0x000001f6906e7050 4521       4       org.lombokweb.asm.ClassReader::<init> (371 bytes)
Event: 1.994 Thread 0x000001f69015b1e0 4531       3       org.lombokweb.asm.SymbolTable::addConstantMethodHandle (41 bytes)
Event: 1.995 Thread 0x000001f69015b1e0 nmethod 4531 0x000001f68099cf90 code [0x000001f68099d180, 0x000001f68099d528]
Event: 1.998 Thread 0x000001f6906e7050 nmethod 4521 0x000001f687deba10 code [0x000001f687debbc0, 0x000001f687dec288]
Event: 1.998 Thread 0x000001f69015b1e0 4533       3       lombok.patcher.Hook::getMethodDescriptor (80 bytes)
Event: 1.998 Thread 0x000001f6906e7050 4528       4       java.util.Arrays::fill (21 bytes)
Event: 1.998 Thread 0x000001f6fe9ec200 4534       3       java.util.Arrays$ArrayList::iterator (12 bytes)
Event: 1.998 Thread 0x000001f69015b700 4535       3       java.util.Arrays$ArrayItr::<init> (10 bytes)
Event: 1.998 Thread 0x000001f6fe9ec200 nmethod 4534 0x000001f68099d810 code [0x000001f68099d9c0, 0x000001f68099dbf8]
Event: 1.998 Thread 0x000001f69015b700 nmethod 4535 0x000001f68099dd10 code [0x000001f68099dea0, 0x000001f68099e018]
Event: 1.998 Thread 0x000001f69015b1e0 nmethod 4533 0x000001f68099e110 code [0x000001f68099e3c0, 0x000001f68099ee98]
Event: 1.999 Thread 0x000001f6fe9ec200 4539       3       org.lombokweb.asm.ClassReader::readCode (5117 bytes)
Event: 1.999 Thread 0x000001f69015b700 4543       3       org.lombokweb.asm.ClassReader::getTypeAnnotationBytecodeOffset (34 bytes)
Event: 1.999 Thread 0x000001f69015b700 nmethod 4543 0x000001f68099f210 code [0x000001f68099f3e0, 0x000001f68099f6e8]
Event: 2.000 Thread 0x000001f6906e7050 nmethod 4528 0x000001f687dec690 code [0x000001f687dec800, 0x000001f687dec938]
Event: 2.000 Thread 0x000001f6906e7050 4537       4       lombok.patcher.PatchScript$MethodPatcher::visitMethod (158 bytes)
Event: 2.001 Thread 0x000001f69015b1e0 4545       3       org.lombokweb.asm.Handler::getExceptionTableLength (21 bytes)
Event: 2.001 Thread 0x000001f69015b700 4546       3       org.lombokweb.asm.Handler::getExceptionTableSize (10 bytes)
Event: 2.001 Thread 0x000001f69015b1e0 nmethod 4545 0x000001f68099f890 code [0x000001f68099fa20, 0x000001f68099fbb8]
Event: 2.001 Thread 0x000001f69015b700 nmethod 4546 0x000001f68099fc90 code [0x000001f68099fe40, 0x000001f6809a0038]

GC Heap History (20 events):
Event: 1.341 GC heap before
{Heap before GC invocations=11 (full 2):
 PSYoungGen      total 27136K, used 3470K [0x00000000eab00000, 0x00000000eca00000, 0x0000000100000000)
  eden space 23552K, 0% used [0x00000000eab00000,0x00000000eab00000,0x00000000ec200000)
  from space 3584K, 96% used [0x00000000ec280000,0x00000000ec5e3ba0,0x00000000ec600000)
  to   space 4096K, 0% used [0x00000000ec600000,0x00000000ec600000,0x00000000eca00000)
 ParOldGen       total 68608K, used 9470K [0x00000000c0000000, 0x00000000c4300000, 0x00000000eab00000)
  object space 68608K, 13% used [0x00000000c0000000,0x00000000c093fba0,0x00000000c4300000)
 Metaspace       used 35159K, committed 35840K, reserved 1114112K
  class space    used 3514K, committed 3840K, reserved 1048576K
}
Event: 1.350 GC heap after
{Heap after GC invocations=11 (full 2):
 PSYoungGen      total 27136K, used 0K [0x00000000eab00000, 0x00000000eca00000, 0x0000000100000000)
  eden space 23552K, 0% used [0x00000000eab00000,0x00000000eab00000,0x00000000ec200000)
  from space 3584K, 0% used [0x00000000ec280000,0x00000000ec280000,0x00000000ec600000)
  to   space 4096K, 0% used [0x00000000ec600000,0x00000000ec600000,0x00000000eca00000)
 ParOldGen       total 68608K, used 12479K [0x00000000c0000000, 0x00000000c4300000, 0x00000000eab00000)
  object space 68608K, 18% used [0x00000000c0000000,0x00000000c0c2fdf0,0x00000000c4300000)
 Metaspace       used 35159K, committed 35840K, reserved 1114112K
  class space    used 3514K, committed 3840K, reserved 1048576K
}
Event: 1.499 GC heap before
{Heap before GC invocations=12 (full 2):
 PSYoungGen      total 27136K, used 23552K [0x00000000eab00000, 0x00000000eca00000, 0x0000000100000000)
  eden space 23552K, 100% used [0x00000000eab00000,0x00000000ec200000,0x00000000ec200000)
  from space 3584K, 0% used [0x00000000ec280000,0x00000000ec280000,0x00000000ec600000)
  to   space 4096K, 0% used [0x00000000ec600000,0x00000000ec600000,0x00000000eca00000)
 ParOldGen       total 68608K, used 12479K [0x00000000c0000000, 0x00000000c4300000, 0x00000000eab00000)
  object space 68608K, 18% used [0x00000000c0000000,0x00000000c0c2fdf0,0x00000000c4300000)
 Metaspace       used 37848K, committed 38592K, reserved 1114112K
  class space    used 3812K, committed 4160K, reserved 1048576K
}
Event: 1.500 GC heap after
{Heap after GC invocations=12 (full 2):
 PSYoungGen      total 25088K, used 1963K [0x00000000eab00000, 0x00000000ec800000, 0x0000000100000000)
  eden space 23040K, 0% used [0x00000000eab00000,0x00000000eab00000,0x00000000ec180000)
  from space 2048K, 95% used [0x00000000ec600000,0x00000000ec7eadb8,0x00000000ec800000)
  to   space 3072K, 0% used [0x00000000ec200000,0x00000000ec200000,0x00000000ec500000)
 ParOldGen       total 68608K, used 12487K [0x00000000c0000000, 0x00000000c4300000, 0x00000000eab00000)
  object space 68608K, 18% used [0x00000000c0000000,0x00000000c0c31df0,0x00000000c4300000)
 Metaspace       used 37848K, committed 38592K, reserved 1114112K
  class space    used 3812K, committed 4160K, reserved 1048576K
}
Event: 1.531 GC heap before
{Heap before GC invocations=13 (full 2):
 PSYoungGen      total 25088K, used 25003K [0x00000000eab00000, 0x00000000ec800000, 0x0000000100000000)
  eden space 23040K, 100% used [0x00000000eab00000,0x00000000ec180000,0x00000000ec180000)
  from space 2048K, 95% used [0x00000000ec600000,0x00000000ec7eadb8,0x00000000ec800000)
  to   space 3072K, 0% used [0x00000000ec200000,0x00000000ec200000,0x00000000ec500000)
 ParOldGen       total 68608K, used 12487K [0x00000000c0000000, 0x00000000c4300000, 0x00000000eab00000)
  object space 68608K, 18% used [0x00000000c0000000,0x00000000c0c31df0,0x00000000c4300000)
 Metaspace       used 37956K, committed 38656K, reserved 1114112K
  class space    used 3821K, committed 4160K, reserved 1048576K
}
Event: 1.532 GC heap after
{Heap after GC invocations=13 (full 2):
 PSYoungGen      total 25088K, used 2144K [0x00000000eab00000, 0x00000000ec680000, 0x0000000100000000)
  eden space 22528K, 0% used [0x00000000eab00000,0x00000000eab00000,0x00000000ec100000)
  from space 2560K, 83% used [0x00000000ec200000,0x00000000ec418010,0x00000000ec480000)
  to   space 2048K, 0% used [0x00000000ec480000,0x00000000ec480000,0x00000000ec680000)
 ParOldGen       total 68608K, used 14196K [0x00000000c0000000, 0x00000000c4300000, 0x00000000eab00000)
  object space 68608K, 20% used [0x00000000c0000000,0x00000000c0ddd0f8,0x00000000c4300000)
 Metaspace       used 37956K, committed 38656K, reserved 1114112K
  class space    used 3821K, committed 4160K, reserved 1048576K
}
Event: 1.554 GC heap before
{Heap before GC invocations=14 (full 2):
 PSYoungGen      total 25088K, used 24672K [0x00000000eab00000, 0x00000000ec680000, 0x0000000100000000)
  eden space 22528K, 100% used [0x00000000eab00000,0x00000000ec100000,0x00000000ec100000)
  from space 2560K, 83% used [0x00000000ec200000,0x00000000ec418010,0x00000000ec480000)
  to   space 2048K, 0% used [0x00000000ec480000,0x00000000ec480000,0x00000000ec680000)
 ParOldGen       total 68608K, used 14196K [0x00000000c0000000, 0x00000000c4300000, 0x00000000eab00000)
  object space 68608K, 20% used [0x00000000c0000000,0x00000000c0ddd0f8,0x00000000c4300000)
 Metaspace       used 38013K, committed 38720K, reserved 1114112K
  class space    used 3821K, committed 4160K, reserved 1048576K
}
Event: 1.555 GC heap after
{Heap after GC invocations=14 (full 2):
 PSYoungGen      total 23552K, used 2016K [0x00000000eab00000, 0x00000000ec980000, 0x0000000100000000)
  eden space 21504K, 0% used [0x00000000eab00000,0x00000000eab00000,0x00000000ec000000)
  from space 2048K, 98% used [0x00000000ec480000,0x00000000ec678010,0x00000000ec680000)
  to   space 4608K, 0% used [0x00000000ec000000,0x00000000ec000000,0x00000000ec480000)
 ParOldGen       total 68608K, used 16108K [0x00000000c0000000, 0x00000000c4300000, 0x00000000eab00000)
  object space 68608K, 23% used [0x00000000c0000000,0x00000000c0fbb0f8,0x00000000c4300000)
 Metaspace       used 38013K, committed 38720K, reserved 1114112K
  class space    used 3821K, committed 4160K, reserved 1048576K
}
Event: 1.726 GC heap before
{Heap before GC invocations=15 (full 2):
 PSYoungGen      total 23552K, used 23520K [0x00000000eab00000, 0x00000000ec980000, 0x0000000100000000)
  eden space 21504K, 100% used [0x00000000eab00000,0x00000000ec000000,0x00000000ec000000)
  from space 2048K, 98% used [0x00000000ec480000,0x00000000ec678010,0x00000000ec680000)
  to   space 4608K, 0% used [0x00000000ec000000,0x00000000ec000000,0x00000000ec480000)
 ParOldGen       total 68608K, used 16108K [0x00000000c0000000, 0x00000000c4300000, 0x00000000eab00000)
  object space 68608K, 23% used [0x00000000c0000000,0x00000000c0fbb0f8,0x00000000c4300000)
 Metaspace       used 40291K, committed 41024K, reserved 1114112K
  class space    used 4092K, committed 4416K, reserved 1048576K
}
Event: 1.727 GC heap after
{Heap after GC invocations=15 (full 2):
 PSYoungGen      total 23040K, used 1063K [0x00000000eab00000, 0x00000000ec500000, 0x0000000100000000)
  eden space 21504K, 0% used [0x00000000eab00000,0x00000000eab00000,0x00000000ec000000)
  from space 1536K, 69% used [0x00000000ec000000,0x00000000ec109d48,0x00000000ec180000)
  to   space 2560K, 0% used [0x00000000ec280000,0x00000000ec280000,0x00000000ec500000)
 ParOldGen       total 68608K, used 18076K [0x00000000c0000000, 0x00000000c4300000, 0x00000000eab00000)
  object space 68608K, 26% used [0x00000000c0000000,0x00000000c11a7108,0x00000000c4300000)
 Metaspace       used 40291K, committed 41024K, reserved 1114112K
  class space    used 4092K, committed 4416K, reserved 1048576K
}
Event: 1.842 GC heap before
{Heap before GC invocations=16 (full 2):
 PSYoungGen      total 23040K, used 22567K [0x00000000eab00000, 0x00000000ec500000, 0x0000000100000000)
  eden space 21504K, 100% used [0x00000000eab00000,0x00000000ec000000,0x00000000ec000000)
  from space 1536K, 69% used [0x00000000ec000000,0x00000000ec109d48,0x00000000ec180000)
  to   space 2560K, 0% used [0x00000000ec280000,0x00000000ec280000,0x00000000ec500000)
 ParOldGen       total 68608K, used 18076K [0x00000000c0000000, 0x00000000c4300000, 0x00000000eab00000)
  object space 68608K, 26% used [0x00000000c0000000,0x00000000c11a7108,0x00000000c4300000)
 Metaspace       used 41464K, committed 42240K, reserved 1114112K
  class space    used 4221K, committed 4608K, reserved 1048576K
}
Event: 1.843 GC heap after
{Heap after GC invocations=16 (full 2):
 PSYoungGen      total 23040K, used 1517K [0x00000000eab00000, 0x00000000ec400000, 0x0000000100000000)
  eden space 21504K, 0% used [0x00000000eab00000,0x00000000eab00000,0x00000000ec000000)
  from space 1536K, 98% used [0x00000000ec280000,0x00000000ec3fb550,0x00000000ec400000)
  to   space 2048K, 0% used [0x00000000ec000000,0x00000000ec000000,0x00000000ec200000)
 ParOldGen       total 68608K, used 18951K [0x00000000c0000000, 0x00000000c4300000, 0x00000000eab00000)
  object space 68608K, 27% used [0x00000000c0000000,0x00000000c1281f60,0x00000000c4300000)
 Metaspace       used 41464K, committed 42240K, reserved 1114112K
  class space    used 4221K, committed 4608K, reserved 1048576K
}
Event: 1.963 GC heap before
{Heap before GC invocations=17 (full 2):
 PSYoungGen      total 23040K, used 23021K [0x00000000eab00000, 0x00000000ec400000, 0x0000000100000000)
  eden space 21504K, 100% used [0x00000000eab00000,0x00000000ec000000,0x00000000ec000000)
  from space 1536K, 98% used [0x00000000ec280000,0x00000000ec3fb550,0x00000000ec400000)
  to   space 2048K, 0% used [0x00000000ec000000,0x00000000ec000000,0x00000000ec200000)
 ParOldGen       total 68608K, used 18951K [0x00000000c0000000, 0x00000000c4300000, 0x00000000eab00000)
  object space 68608K, 27% used [0x00000000c0000000,0x00000000c1281f60,0x00000000c4300000)
 Metaspace       used 43104K, committed 43904K, reserved 1114112K
  class space    used 4361K, committed 4736K, reserved 1048576K
}
Event: 1.964 GC heap after
{Heap after GC invocations=17 (full 2):
 PSYoungGen      total 23552K, used 1529K [0x00000000eab00000, 0x00000000ec400000, 0x0000000100000000)
  eden space 21504K, 0% used [0x00000000eab00000,0x00000000eab00000,0x00000000ec000000)
  from space 2048K, 74% used [0x00000000ec000000,0x00000000ec17e4a0,0x00000000ec200000)
  to   space 2048K, 0% used [0x00000000ec200000,0x00000000ec200000,0x00000000ec400000)
 ParOldGen       total 68608K, used 20125K [0x00000000c0000000, 0x00000000c4300000, 0x00000000eab00000)
  object space 68608K, 29% used [0x00000000c0000000,0x00000000c13a7490,0x00000000c4300000)
 Metaspace       used 43104K, committed 43904K, reserved 1114112K
  class space    used 4361K, committed 4736K, reserved 1048576K
}
Event: 1.975 GC heap before
{Heap before GC invocations=18 (full 2):
 PSYoungGen      total 23552K, used 23033K [0x00000000eab00000, 0x00000000ec400000, 0x0000000100000000)
  eden space 21504K, 100% used [0x00000000eab00000,0x00000000ec000000,0x00000000ec000000)
  from space 2048K, 74% used [0x00000000ec000000,0x00000000ec17e4a0,0x00000000ec200000)
  to   space 2048K, 0% used [0x00000000ec200000,0x00000000ec200000,0x00000000ec400000)
 ParOldGen       total 68608K, used 20125K [0x00000000c0000000, 0x00000000c4300000, 0x00000000eab00000)
  object space 68608K, 29% used [0x00000000c0000000,0x00000000c13a7728,0x00000000c4300000)
 Metaspace       used 43316K, committed 44096K, reserved 1114112K
  class space    used 4374K, committed 4736K, reserved 1048576K
}
Event: 1.977 GC heap after
{Heap after GC invocations=18 (full 2):
 PSYoungGen      total 23552K, used 1856K [0x00000000eab00000, 0x00000000ec400000, 0x0000000100000000)
  eden space 21504K, 0% used [0x00000000eab00000,0x00000000eab00000,0x00000000ec000000)
  from space 2048K, 90% used [0x00000000ec200000,0x00000000ec3d0000,0x00000000ec400000)
  to   space 2048K, 0% used [0x00000000ec000000,0x00000000ec000000,0x00000000ec200000)
 ParOldGen       total 68608K, used 21386K [0x00000000c0000000, 0x00000000c4300000, 0x00000000eab00000)
  object space 68608K, 31% used [0x00000000c0000000,0x00000000c14e28c0,0x00000000c4300000)
 Metaspace       used 43316K, committed 44096K, reserved 1114112K
  class space    used 4374K, committed 4736K, reserved 1048576K
}
Event: 1.985 GC heap before
{Heap before GC invocations=19 (full 2):
 PSYoungGen      total 23552K, used 23360K [0x00000000eab00000, 0x00000000ec400000, 0x0000000100000000)
  eden space 21504K, 100% used [0x00000000eab00000,0x00000000ec000000,0x00000000ec000000)
  from space 2048K, 90% used [0x00000000ec200000,0x00000000ec3d0000,0x00000000ec400000)
  to   space 2048K, 0% used [0x00000000ec000000,0x00000000ec000000,0x00000000ec200000)
 ParOldGen       total 68608K, used 21387K [0x00000000c0000000, 0x00000000c4300000, 0x00000000eab00000)
  object space 68608K, 31% used [0x00000000c0000000,0x00000000c14e2f60,0x00000000c4300000)
 Metaspace       used 43360K, committed 44096K, reserved 1114112K
  class space    used 4378K, committed 4736K, reserved 1048576K
}
Event: 1.987 GC heap after
{Heap after GC invocations=19 (full 2):
 PSYoungGen      total 23552K, used 2047K [0x00000000eab00000, 0x00000000eca00000, 0x0000000100000000)
  eden space 21504K, 0% used [0x00000000eab00000,0x00000000eab00000,0x00000000ec000000)
  from space 2048K, 99% used [0x00000000ec000000,0x00000000ec1ffea8,0x00000000ec200000)
  to   space 5120K, 0% used [0x00000000ec500000,0x00000000ec500000,0x00000000eca00000)
 ParOldGen       total 68608K, used 23697K [0x00000000c0000000, 0x00000000c4300000, 0x00000000eab00000)
  object space 68608K, 34% used [0x00000000c0000000,0x00000000c1724598,0x00000000c4300000)
 Metaspace       used 43360K, committed 44096K, reserved 1114112K
  class space    used 4378K, committed 4736K, reserved 1048576K
}
Event: 1.995 GC heap before
{Heap before GC invocations=20 (full 2):
 PSYoungGen      total 23552K, used 23551K [0x00000000eab00000, 0x00000000eca00000, 0x0000000100000000)
  eden space 21504K, 100% used [0x00000000eab00000,0x00000000ec000000,0x00000000ec000000)
  from space 2048K, 99% used [0x00000000ec000000,0x00000000ec1ffea8,0x00000000ec200000)
  to   space 5120K, 0% used [0x00000000ec500000,0x00000000ec500000,0x00000000eca00000)
 ParOldGen       total 68608K, used 23697K [0x00000000c0000000, 0x00000000c4300000, 0x00000000eab00000)
  object space 68608K, 34% used [0x00000000c0000000,0x00000000c1724598,0x00000000c4300000)
 Metaspace       used 43374K, committed 44096K, reserved 1114112K
  class space    used 4378K, committed 4736K, reserved 1048576K
}
Event: 1.996 GC heap after
{Heap after GC invocations=20 (full 2):
 PSYoungGen      total 24576K, used 2571K [0x00000000eab00000, 0x00000000ec800000, 0x0000000100000000)
  eden space 21504K, 0% used [0x00000000eab00000,0x00000000eab00000,0x00000000ec000000)
  from space 3072K, 83% used [0x00000000ec500000,0x00000000ec782fb8,0x00000000ec800000)
  to   space 3584K, 0% used [0x00000000ec100000,0x00000000ec100000,0x00000000ec480000)
 ParOldGen       total 68608K, used 26129K [0x00000000c0000000, 0x00000000c4300000, 0x00000000eab00000)
  object space 68608K, 38% used [0x00000000c0000000,0x00000000c19846c0,0x00000000c4300000)
 Metaspace       used 43374K, committed 44096K, reserved 1114112K
  class space    used 4378K, committed 4736K, reserved 1048576K
}

Dll operation events (10 events):
Event: 0.004 Loaded shared library c:\Users\Cassel Robson\.vscode\extensions\redhat.java-1.32.0-win32-x64\jre\17.0.11-win32-x86_64\bin\java.dll
Event: 0.061 Loaded shared library c:\Users\Cassel Robson\.vscode\extensions\redhat.java-1.32.0-win32-x64\jre\17.0.11-win32-x86_64\bin\zip.dll
Event: 0.063 Loaded shared library C:\Users\Cassel Robson\.vscode\extensions\redhat.java-1.32.0-win32-x64\jre\17.0.11-win32-x86_64\bin\instrument.dll
Event: 0.069 Loaded shared library C:\Users\Cassel Robson\.vscode\extensions\redhat.java-1.32.0-win32-x64\jre\17.0.11-win32-x86_64\bin\net.dll
Event: 0.070 Loaded shared library C:\Users\Cassel Robson\.vscode\extensions\redhat.java-1.32.0-win32-x64\jre\17.0.11-win32-x86_64\bin\nio.dll
Event: 0.073 Loaded shared library C:\Users\Cassel Robson\.vscode\extensions\redhat.java-1.32.0-win32-x64\jre\17.0.11-win32-x86_64\bin\zip.dll
Event: 0.079 Loaded shared library C:\Users\Cassel Robson\.vscode\extensions\redhat.java-1.32.0-win32-x64\jre\17.0.11-win32-x86_64\bin\jimage.dll
Event: 0.103 Loaded shared library c:\Users\Cassel Robson\.vscode\extensions\redhat.java-1.32.0-win32-x64\jre\17.0.11-win32-x86_64\bin\verify.dll
Event: 0.481 Loaded shared library C:\Users\Cassel Robson\AppData\Roaming\Code\User\globalStorage\redhat.java\1.32.0\config_ss_win\org.eclipse.equinox.launcher\org.eclipse.equinox.launcher.win32.win32.x86_64_1.2.1100.v20240613-2013\eclipse_11903.dll
Event: 1.181 Loaded shared library C:\Users\Cassel Robson\AppData\Local\Temp\jna-2001893832\jna14899741200139523309.dll

Deoptimization events (20 events):
Event: 1.993 Thread 0x000001f692aae9e0 DEOPT PACKING pc=0x000001f6804f119b sp=0x000000d79e9f8df0
Event: 1.994 Thread 0x000001f692aae9e0 DEOPT UNPACKING pc=0x000001f6874a6e43 sp=0x000000d79e9f82f0 mode 0
Event: 1.997 Thread 0x000001f692aae9e0 DEOPT PACKING pc=0x000001f6804f119b sp=0x000000d79e9f8df0
Event: 1.997 Thread 0x000001f692aae9e0 DEOPT UNPACKING pc=0x000001f6874a6e43 sp=0x000000d79e9f82f0 mode 0
Event: 1.997 Thread 0x000001f692aae9e0 Uncommon trap: trap_request=0xffffffde fr.pc=0x000001f687cb08b4 relative=0x0000000000000ff4
Event: 1.997 Thread 0x000001f692aae9e0 Uncommon trap: reason=class_check action=maybe_recompile pc=0x000001f687cb08b4 method=lombok.patcher.PatchScript$MethodPatcher.visitMethod(ILjava/lang/String;Ljava/lang/String;Ljava/lang/String;[Ljava/lang/String;)Lorg/lombokweb/asm/MethodVisitor; @ 101 c
Event: 1.997 Thread 0x000001f692aae9e0 DEOPT PACKING pc=0x000001f687cb08b4 sp=0x000000d79e9f8c20
Event: 1.997 Thread 0x000001f692aae9e0 DEOPT UNPACKING pc=0x000001f6874a66a3 sp=0x000000d79e9f8c08 mode 2
Event: 1.997 Thread 0x000001f692aae9e0 Uncommon trap: trap_request=0xffffffde fr.pc=0x000001f687cb08b4 relative=0x0000000000000ff4
Event: 1.997 Thread 0x000001f692aae9e0 Uncommon trap: reason=class_check action=maybe_recompile pc=0x000001f687cb08b4 method=lombok.patcher.PatchScript$MethodPatcher.visitMethod(ILjava/lang/String;Ljava/lang/String;Ljava/lang/String;[Ljava/lang/String;)Lorg/lombokweb/asm/MethodVisitor; @ 101 c
Event: 1.997 Thread 0x000001f692aae9e0 DEOPT PACKING pc=0x000001f687cb08b4 sp=0x000000d79e9f8c20
Event: 1.997 Thread 0x000001f692aae9e0 DEOPT UNPACKING pc=0x000001f6874a66a3 sp=0x000000d79e9f8c08 mode 2
Event: 1.997 Thread 0x000001f692aae9e0 Uncommon trap: trap_request=0xffffffde fr.pc=0x000001f687cb08b4 relative=0x0000000000000ff4
Event: 1.997 Thread 0x000001f692aae9e0 Uncommon trap: reason=class_check action=maybe_recompile pc=0x000001f687cb08b4 method=lombok.patcher.PatchScript$MethodPatcher.visitMethod(ILjava/lang/String;Ljava/lang/String;Ljava/lang/String;[Ljava/lang/String;)Lorg/lombokweb/asm/MethodVisitor; @ 101 c
Event: 1.997 Thread 0x000001f692aae9e0 DEOPT PACKING pc=0x000001f687cb08b4 sp=0x000000d79e9f8c20
Event: 1.997 Thread 0x000001f692aae9e0 DEOPT UNPACKING pc=0x000001f6874a66a3 sp=0x000000d79e9f8c08 mode 2
Event: 1.997 Thread 0x000001f692aae9e0 Uncommon trap: trap_request=0xffffffde fr.pc=0x000001f687cb08b4 relative=0x0000000000000ff4
Event: 1.997 Thread 0x000001f692aae9e0 Uncommon trap: reason=class_check action=maybe_recompile pc=0x000001f687cb08b4 method=lombok.patcher.PatchScript$MethodPatcher.visitMethod(ILjava/lang/String;Ljava/lang/String;Ljava/lang/String;[Ljava/lang/String;)Lorg/lombokweb/asm/MethodVisitor; @ 101 c
Event: 1.997 Thread 0x000001f692aae9e0 DEOPT PACKING pc=0x000001f687cb08b4 sp=0x000000d79e9f8c20
Event: 1.997 Thread 0x000001f692aae9e0 DEOPT UNPACKING pc=0x000001f6874a66a3 sp=0x000000d79e9f8c08 mode 2

Classes unloaded (7 events):
Event: 0.768 Thread 0x000001f6f9844150 Unloading class 0x000000010021bc00 'java/lang/invoke/LambdaForm$MH+0x000000010021bc00'
Event: 0.768 Thread 0x000001f6f9844150 Unloading class 0x000000010021b800 'java/lang/invoke/LambdaForm$MH+0x000000010021b800'
Event: 0.768 Thread 0x000001f6f9844150 Unloading class 0x000000010021b400 'java/lang/invoke/LambdaForm$MH+0x000000010021b400'
Event: 0.768 Thread 0x000001f6f9844150 Unloading class 0x000000010021b000 'java/lang/invoke/LambdaForm$MH+0x000000010021b000'
Event: 0.768 Thread 0x000001f6f9844150 Unloading class 0x000000010021ac00 'java/lang/invoke/LambdaForm$BMH+0x000000010021ac00'
Event: 0.768 Thread 0x000001f6f9844150 Unloading class 0x000000010021a800 'java/lang/invoke/LambdaForm$DMH+0x000000010021a800'
Event: 0.768 Thread 0x000001f6f9844150 Unloading class 0x0000000100214400 'java/lang/invoke/LambdaForm$DMH+0x0000000100214400'

Classes redefined (0 events):
No events

Internal exceptions (20 events):
Event: 1.427 Thread 0x000001f692aae9e0 Exception <a 'sun/nio/fs/WindowsException'{0x00000000eb4a8530}> (0x00000000eb4a8530) 
thrown [s\src\hotspot\share\prims\jni.cpp, line 516]
Event: 1.427 Thread 0x000001f692aae9e0 Exception <a 'sun/nio/fs/WindowsException'{0x00000000eb4a8ea0}> (0x00000000eb4a8ea0) 
thrown [s\src\hotspot\share\prims\jni.cpp, line 516]
Event: 1.427 Thread 0x000001f692aae9e0 Exception <a 'sun/nio/fs/WindowsException'{0x00000000eb4a9cc8}> (0x00000000eb4a9cc8) 
thrown [s\src\hotspot\share\prims\jni.cpp, line 516]
Event: 1.427 Thread 0x000001f692aae9e0 Exception <a 'sun/nio/fs/WindowsException'{0x00000000eb4aa638}> (0x00000000eb4aa638) 
thrown [s\src\hotspot\share\prims\jni.cpp, line 516]
Event: 1.428 Thread 0x000001f692aae9e0 Exception <a 'sun/nio/fs/WindowsException'{0x00000000eb4ac1a0}> (0x00000000eb4ac1a0) 
thrown [s\src\hotspot\share\prims\jni.cpp, line 516]
Event: 1.428 Thread 0x000001f692aae9e0 Exception <a 'sun/nio/fs/WindowsException'{0x00000000eb4acb10}> (0x00000000eb4acb10) 
thrown [s\src\hotspot\share\prims\jni.cpp, line 516]
Event: 1.428 Thread 0x000001f692aae9e0 Exception <a 'java/lang/NoSuchMethodError'{0x00000000eb4c0df0}: 'void java.lang.invoke.DirectMethodHandle$Holder.invokeVirtual(java.lang.Object, java.lang.Object, java.lang.Object, java.lang.Object)'> (0x00000000eb4c0df0) 
thrown [s\src\hotspot\share\interpreter\linkResolver.cpp, line 759]
Event: 1.443 Thread 0x000001f692aae9e0 Exception <a 'java/lang/NoSuchMethodError'{0x00000000eb6fba10}: 'java.lang.Object java.lang.invoke.Invokers$Holder.invoke_MT(java.lang.Object, java.lang.Object, java.lang.Object)'> (0x00000000eb6fba10) 
thrown [s\src\hotspot\share\interpreter\linkResolver.cpp, line 759]
Event: 1.832 Thread 0x000001f690574f00 Exception <a 'java/io/FileNotFoundException'{0x00000000ebd283a8}> (0x00000000ebd283a8) 
thrown [s\src\hotspot\share\prims\jni.cpp, line 516]
Event: 1.834 Thread 0x000001f690574f00 Exception <a 'java/io/FileNotFoundException'{0x00000000ebe9b9f8}> (0x00000000ebe9b9f8) 
thrown [s\src\hotspot\share\prims\jni.cpp, line 516]
Event: 1.834 Thread 0x000001f690574f00 Exception <a 'java/io/FileNotFoundException'{0x00000000ebe9cca8}> (0x00000000ebe9cca8) 
thrown [s\src\hotspot\share\prims\jni.cpp, line 516]
Event: 1.834 Thread 0x000001f690574f00 Exception <a 'java/io/FileNotFoundException'{0x00000000ebe9da48}> (0x00000000ebe9da48) 
thrown [s\src\hotspot\share\prims\jni.cpp, line 516]
Event: 1.839 Thread 0x000001f692aae9e0 Implicit null exception at 0x000001f687da6fcb to 0x000001f687da7c04
Event: 1.839 Thread 0x000001f692aae9e0 Implicit null exception at 0x000001f687da89d0 to 0x000001f687da9660
Event: 1.942 Thread 0x000001f690572b90 Exception <a 'java/lang/NoSuchMethodError'{0x00000000eb599b90}: 'java.lang.Object java.lang.invoke.DirectMethodHandle$Holder.newInvokeSpecial(java.lang.Object, java.lang.Object, java.lang.Object, java.lang.Object, java.lang.Object, java.lang.Object)'> (0x00000000eb599b90) 
thrown [s\src\hotspot\share\interpreter\linkResolver.cpp, line 759]
Event: 1.950 Thread 0x000001f690572b90 Exception <a 'java/io/FileNotFoundException'{0x00000000eb645df8}> (0x00000000eb645df8) 
thrown [s\src\hotspot\share\prims\jni.cpp, line 516]
Event: 1.950 Thread 0x000001f690572b90 Exception <a 'java/io/FileNotFoundException'{0x00000000eb646e28}> (0x00000000eb646e28) 
thrown [s\src\hotspot\share\prims\jni.cpp, line 516]
Event: 1.950 Thread 0x000001f690572b90 Exception <a 'java/io/FileNotFoundException'{0x00000000eb6488c0}> (0x00000000eb6488c0) 
thrown [s\src\hotspot\share\prims\jni.cpp, line 516]
Event: 1.950 Thread 0x000001f690572b90 Exception <a 'java/io/FileNotFoundException'{0x00000000eb649de8}> (0x00000000eb649de8) 
thrown [s\src\hotspot\share\prims\jni.cpp, line 516]
Event: 1.950 Thread 0x000001f690572b90 Exception <a 'java/io/FileNotFoundException'{0x00000000eb64b078}> (0x00000000eb64b078) 
thrown [s\src\hotspot\share\prims\jni.cpp, line 516]

VM Operations (20 events):
Event: 1.554 Executing VM operation: ParallelGCFailedAllocation
Event: 1.555 Executing VM operation: ParallelGCFailedAllocation done
Event: 1.671 Executing VM operation: HandshakeAllThreads
Event: 1.671 Executing VM operation: HandshakeAllThreads done
Event: 1.726 Executing VM operation: ParallelGCFailedAllocation
Event: 1.727 Executing VM operation: ParallelGCFailedAllocation done
Event: 1.842 Executing VM operation: ParallelGCFailedAllocation
Event: 1.843 Executing VM operation: ParallelGCFailedAllocation done
Event: 1.944 Executing VM operation: HandshakeAllThreads
Event: 1.944 Executing VM operation: HandshakeAllThreads done
Event: 1.963 Executing VM operation: ParallelGCFailedAllocation
Event: 1.964 Executing VM operation: ParallelGCFailedAllocation done
Event: 1.975 Executing VM operation: ParallelGCFailedAllocation
Event: 1.975 Executing VM operation: ParallelGCFailedAllocation done
Event: 1.975 Executing VM operation: ParallelGCSystemGC
Event: 1.977 Executing VM operation: ParallelGCSystemGC done
Event: 1.985 Executing VM operation: ParallelGCFailedAllocation
Event: 1.987 Executing VM operation: ParallelGCFailedAllocation done
Event: 1.995 Executing VM operation: ParallelGCFailedAllocation
Event: 1.996 Executing VM operation: ParallelGCFailedAllocation done

Events (20 events):
Event: 1.570 loading class sun/nio/cs/ThreadLocalCoders$Cache done
Event: 1.570 loading class sun/nio/cs/ThreadLocalCoders$1 done
Event: 1.570 loading class sun/nio/cs/ThreadLocalCoders$2
Event: 1.570 loading class sun/nio/cs/ThreadLocalCoders$2 done
Event: 1.639 loading class java/lang/ExceptionInInitializerError
Event: 1.639 loading class java/lang/ExceptionInInitializerError done
Event: 1.756 loading class java/util/Vector$1
Event: 1.756 loading class java/util/Vector$1 done
Event: 1.833 Thread 0x000001f6935ad850 Thread added: 0x000001f6935ad850
Event: 1.833 loading class java/util/WeakHashMap$KeyIterator
Event: 1.833 loading class java/util/WeakHashMap$KeyIterator done
Event: 1.839 loading class java/util/Collections$UnmodifiableSortedSet
Event: 1.839 loading class java/util/Collections$UnmodifiableSortedSet done
Event: 1.857 loading class java/util/regex/Pattern$Caret
Event: 1.857 loading class java/util/regex/Pattern$Caret done
Event: 1.873 Thread 0x000001f6935263b0 Thread exited: 0x000001f6935263b0
Event: 1.874 Thread 0x000001f693424070 Thread exited: 0x000001f693424070
Event: 1.875 Thread 0x000001f69335c570 Thread exited: 0x000001f69335c570
Event: 1.892 loading class java/util/Hashtable$ValueCollection
Event: 1.892 loading class java/util/Hashtable$ValueCollection done


Dynamic libraries:
0x00007ff729cd0000 - 0x00007ff729cde000 	c:\Users\Cassel Robson\.vscode\extensions\redhat.java-1.32.0-win32-x64\jre\17.0.11-win32-x86_64\bin\java.exe
0x00007ffee1af0000 - 0x00007ffee1d07000 	C:\WINDOWS\SYSTEM32\ntdll.dll
0x00007ffee0c50000 - 0x00007ffee0d14000 	C:\WINDOWS\System32\KERNEL32.DLL
0x00007ffedf240000 - 0x00007ffedf5ed000 	C:\WINDOWS\System32\KERNELBASE.dll
0x00007ffedf710000 - 0x00007ffedf821000 	C:\WINDOWS\System32\ucrtbase.dll
0x00007ffecc4e0000 - 0x00007ffecc4f7000 	c:\Users\Cassel Robson\.vscode\extensions\redhat.java-1.32.0-win32-x64\jre\17.0.11-win32-x86_64\bin\jli.dll
0x00007ffecc4c0000 - 0x00007ffecc4db000 	c:\Users\Cassel Robson\.vscode\extensions\redhat.java-1.32.0-win32-x64\jre\17.0.11-win32-x86_64\bin\VCRUNTIME140.dll
0x00007ffee10f0000 - 0x00007ffee129e000 	C:\WINDOWS\System32\USER32.dll
0x00007ffecdac0000 - 0x00007ffecdd53000 	C:\WINDOWS\WinSxS\amd64_microsoft.windows.common-controls_6595b64144ccf1df_6.0.22621.3672_none_2713b9d173822955\COMCTL32.dll
0x00007ffedf0a0000 - 0x00007ffedf0c6000 	C:\WINDOWS\System32\win32u.dll
0x00007ffee0100000 - 0x00007ffee01a7000 	C:\WINDOWS\System32\msvcrt.dll
0x00007ffee1960000 - 0x00007ffee1989000 	C:\WINDOWS\System32\GDI32.dll
0x00007ffedf5f0000 - 0x00007ffedf709000 	C:\WINDOWS\System32\gdi32full.dll
0x00007ffedefd0000 - 0x00007ffedf06a000 	C:\WINDOWS\System32\msvcp_win.dll
0x00007ffee0f80000 - 0x00007ffee0fb1000 	C:\WINDOWS\System32\IMM32.DLL
0x00007ffed6f60000 - 0x00007ffed6f6c000 	c:\Users\Cassel Robson\.vscode\extensions\redhat.java-1.32.0-win32-x64\jre\17.0.11-win32-x86_64\bin\vcruntime140_1.dll
0x00007ffe964d0000 - 0x00007ffe9655d000 	c:\Users\Cassel Robson\.vscode\extensions\redhat.java-1.32.0-win32-x64\jre\17.0.11-win32-x86_64\bin\msvcp140.dll
0x00007ffe3f800000 - 0x00007ffe40462000 	c:\Users\Cassel Robson\.vscode\extensions\redhat.java-1.32.0-win32-x64\jre\17.0.11-win32-x86_64\bin\server\jvm.dll
0x00007ffee01c0000 - 0x00007ffee0272000 	C:\WINDOWS\System32\ADVAPI32.dll
0x00007ffee0d20000 - 0x00007ffee0dc9000 	C:\WINDOWS\System32\sechost.dll
0x00007ffedf070000 - 0x00007ffedf098000 	C:\WINDOWS\System32\bcrypt.dll
0x00007ffee0690000 - 0x00007ffee07a4000 	C:\WINDOWS\System32\RPCRT4.dll
0x00007ffea4690000 - 0x00007ffea4699000 	C:\WINDOWS\SYSTEM32\WSOCK32.dll
0x00007ffeddc70000 - 0x00007ffeddcbd000 	C:\WINDOWS\SYSTEM32\POWRPROF.dll
0x00007ffee1070000 - 0x00007ffee10e1000 	C:\WINDOWS\System32\WS2_32.dll
0x00007ffed4a00000 - 0x00007ffed4a34000 	C:\WINDOWS\SYSTEM32\WINMM.dll
0x00007ffed5dd0000 - 0x00007ffed5dda000 	C:\WINDOWS\SYSTEM32\VERSION.dll
0x00007ffeddc50000 - 0x00007ffeddc63000 	C:\WINDOWS\SYSTEM32\UMPDC.dll
0x00007ffeddf00000 - 0x00007ffeddf18000 	C:\WINDOWS\SYSTEM32\kernel.appcore.dll
0x00007ffed4430000 - 0x00007ffed443a000 	c:\Users\Cassel Robson\.vscode\extensions\redhat.java-1.32.0-win32-x64\jre\17.0.11-win32-x86_64\bin\jimage.dll
0x00007ffedc5d0000 - 0x00007ffedc802000 	C:\WINDOWS\SYSTEM32\DBGHELP.DLL
0x00007ffee08c0000 - 0x00007ffee0c48000 	C:\WINDOWS\System32\combase.dll
0x00007ffee1880000 - 0x00007ffee1957000 	C:\WINDOWS\System32\OLEAUT32.dll
0x00007ffea44d0000 - 0x00007ffea4502000 	C:\WINDOWS\SYSTEM32\dbgcore.DLL
0x00007ffedee20000 - 0x00007ffedee9b000 	C:\WINDOWS\System32\bcryptPrimitives.dll
0x00007ffed6f20000 - 0x00007ffed6f2e000 	c:\Users\Cassel Robson\.vscode\extensions\redhat.java-1.32.0-win32-x64\jre\17.0.11-win32-x86_64\bin\instrument.dll
0x00007ffecc500000 - 0x00007ffecc525000 	c:\Users\Cassel Robson\.vscode\extensions\redhat.java-1.32.0-win32-x64\jre\17.0.11-win32-x86_64\bin\java.dll
0x00007ffed6f00000 - 0x00007ffed6f18000 	c:\Users\Cassel Robson\.vscode\extensions\redhat.java-1.32.0-win32-x64\jre\17.0.11-win32-x86_64\bin\zip.dll
0x00007ffedf830000 - 0x00007ffee008f000 	C:\WINDOWS\System32\SHELL32.dll
0x00007ffedcd30000 - 0x00007ffedd62c000 	C:\WINDOWS\SYSTEM32\windows.storage.dll
0x00007ffedcbf0000 - 0x00007ffedcd2f000 	C:\WINDOWS\SYSTEM32\wintypes.dll
0x00007ffee07b0000 - 0x00007ffee08a4000 	C:\WINDOWS\System32\SHCORE.dll
0x00007ffee1820000 - 0x00007ffee187e000 	C:\WINDOWS\System32\shlwapi.dll
0x00007ffeded50000 - 0x00007ffeded71000 	C:\WINDOWS\SYSTEM32\profapi.dll
0x00007ffecc5f0000 - 0x00007ffecc609000 	C:\Users\Cassel Robson\.vscode\extensions\redhat.java-1.32.0-win32-x64\jre\17.0.11-win32-x86_64\bin\net.dll
0x00007ffed6ac0000 - 0x00007ffed6bf6000 	C:\WINDOWS\SYSTEM32\WINHTTP.dll
0x00007ffede360000 - 0x00007ffede3c9000 	C:\WINDOWS\system32\mswsock.dll
0x00007ffecc460000 - 0x00007ffecc476000 	C:\Users\Cassel Robson\.vscode\extensions\redhat.java-1.32.0-win32-x64\jre\17.0.11-win32-x86_64\bin\nio.dll
0x00007ffecc450000 - 0x00007ffecc460000 	c:\Users\Cassel Robson\.vscode\extensions\redhat.java-1.32.0-win32-x64\jre\17.0.11-win32-x86_64\bin\verify.dll
0x00007ffeba860000 - 0x00007ffeba8a4000 	C:\Users\Cassel Robson\AppData\Roaming\Code\User\globalStorage\redhat.java\1.32.0\config_ss_win\org.eclipse.equinox.launcher\org.eclipse.equinox.launcher.win32.win32.x86_64_1.2.1100.v20240613-2013\eclipse_11903.dll
0x00007ffee0dd0000 - 0x00007ffee0f75000 	C:\WINDOWS\System32\ole32.dll
0x00007ffede600000 - 0x00007ffede61b000 	C:\WINDOWS\SYSTEM32\CRYPTSP.dll
0x00007ffedde60000 - 0x00007ffedde95000 	C:\WINDOWS\system32\rsaenh.dll
0x00007ffede400000 - 0x00007ffede428000 	C:\WINDOWS\SYSTEM32\USERENV.dll
0x00007ffede560000 - 0x00007ffede56c000 	C:\WINDOWS\SYSTEM32\CRYPTBASE.dll
0x00007ffedd900000 - 0x00007ffedd92d000 	C:\WINDOWS\SYSTEM32\IPHLPAPI.DLL
0x00007ffee02d0000 - 0x00007ffee02d9000 	C:\WINDOWS\System32\NSI.dll
0x00007ffed6820000 - 0x00007ffed6839000 	C:\WINDOWS\SYSTEM32\dhcpcsvc6.DLL
0x00007ffed6770000 - 0x00007ffed678f000 	C:\WINDOWS\SYSTEM32\dhcpcsvc.DLL
0x00007ffedd970000 - 0x00007ffedda68000 	C:\WINDOWS\SYSTEM32\DNSAPI.dll
0x00007ffeabc80000 - 0x00007ffeabcc5000 	C:\Users\Cassel Robson\AppData\Local\Temp\jna-2001893832\jna14899741200139523309.dll
0x00007ffee01b0000 - 0x00007ffee01b8000 	C:\WINDOWS\System32\PSAPI.DLL

dbghelp: loaded successfully - version: 4.0.5 - missing functions: none
symbol engine: initialized successfully - sym options: 0x614 - pdb path: .;c:\Users\Cassel Robson\.vscode\extensions\redhat.java-1.32.0-win32-x64\jre\17.0.11-win32-x86_64\bin;C:\WINDOWS\SYSTEM32;C:\WINDOWS\WinSxS\amd64_microsoft.windows.common-controls_6595b64144ccf1df_6.0.22621.3672_none_2713b9d173822955;c:\Users\Cassel Robson\.vscode\extensions\redhat.java-1.32.0-win32-x64\jre\17.0.11-win32-x86_64\bin\server;C:\Users\Cassel Robson\AppData\Roaming\Code\User\globalStorage\redhat.java\1.32.0\config_ss_win\org.eclipse.equinox.launcher\org.eclipse.equinox.launcher.win32.win32.x86_64_1.2.1100.v20240613-2013;C:\Users\Cassel Robson\AppData\Local\Temp\jna-2001893832

VM Arguments:
jvm_args: --add-modules=ALL-SYSTEM --add-opens=java.base/java.util=ALL-UNNAMED --add-opens=java.base/java.lang=ALL-UNNAMED --add-opens=java.base/sun.nio.fs=ALL-UNNAMED -Declipse.application=org.eclipse.jdt.ls.core.id1 -Dosgi.bundles.defaultStartLevel=4 -Declipse.product=org.eclipse.jdt.ls.core.product -Djava.import.generatesMetadataFilesAtProjectRoot=false -DDetectVMInstallationsJob.disabled=true -Dfile.encoding=utf8 -XX:+UseParallelGC -XX:GCTimeRatio=4 -XX:AdaptiveSizePolicyWeight=90 -Dsun.zip.disableMemoryMapping=true -Xmx1G -Xms100m -Xlog:disable -javaagent:c:\Users\Cassel Robson\.vscode\extensions\redhat.java-1.32.0-win32-x64\lombok\lombok-1.18.33.jar 
java_command: c:\Users\Cassel Robson\.vscode\extensions\redhat.java-1.32.0-win32-x64\server\plugins\org.eclipse.equinox.launcher_1.6.900.v20240613-2009.jar -configuration c:\Users\Cassel Robson\AppData\Roaming\Code\User\globalStorage\redhat.java\1.32.0\config_ss_win -data c:\Users\Cassel Robson\AppData\Roaming\Code\User\workspaceStorage\91d333ee4e4b4ecfdc62c85a850c3d8d\redhat.java\ss_ws --pipe=\\.\pipe\lsp-a792f1ed8611a58b9a4aaa2680a6d7e9-sock
java_class_path (initial): c:\Users\Cassel Robson\.vscode\extensions\redhat.java-1.32.0-win32-x64\server\plugins\org.eclipse.equinox.launcher_1.6.900.v20240613-2009.jar
Launcher Type: SUN_STANDARD

[Global flags]
    uintx AdaptiveSizePolicyWeight                 = 90                                        {product} {command line}
     intx CICompilerCount                          = 12                                        {product} {ergonomic}
    uintx GCTimeRatio                              = 4                                         {product} {command line}
   size_t InitialHeapSize                          = 104857600                                 {product} {command line}
   size_t MaxHeapSize                              = 1073741824                                {product} {command line}
   size_t MaxNewSize                               = 357564416                                 {product} {ergonomic}
   size_t MinHeapDeltaBytes                        = 524288                                    {product} {ergonomic}
   size_t MinHeapSize                              = 104857600                                 {product} {command line}
   size_t NewSize                                  = 34603008                                  {product} {ergonomic}
    uintx NonNMethodCodeHeapSize                   = 7602480                                {pd product} {ergonomic}
    uintx NonProfiledCodeHeapSize                  = 122027880                              {pd product} {ergonomic}
   size_t OldSize                                  = 70254592                                  {product} {ergonomic}
    uintx ProfiledCodeHeapSize                     = 122027880                              {pd product} {ergonomic}
    uintx ReservedCodeCacheSize                    = 251658240                              {pd product} {ergonomic}
     bool SegmentedCodeCache                       = true                                      {product} {ergonomic}
   size_t SoftMaxHeapSize                          = 1073741824                             {manageable} {ergonomic}
     bool UseCompressedClassPointers               = true                           {product lp64_product} {ergonomic}
     bool UseCompressedOops                        = true                           {product lp64_product} {ergonomic}
     bool UseLargePagesIndividualAllocation        = false                                  {pd product} {ergonomic}
     bool UseParallelGC                            = true                                      {product} {command line}

Logging:
Log output configuration:
 #0: stdout all=off uptime,level,tags
 #1: stderr all=off uptime,level,tags

Environment Variables:
JAVA_HOME=C:\Program Files\Amazon Corretto\jdk21.0.1_12
PATH=C:\Program Files\Amazon Corretto\jdk21.0.1_12\bin;C:\MinGW\bin;"C:\MinGW\bin;C:\MinGW\msys\1.0\bin";C:\Program Files (x86)\Common Files\Oracle\Java\javapath;C:\Program Files (x86)\Intel\Intel(R) Management Engine Components\iCLS\;C:\Program Files\Intel\Intel(R) Management Engine Components\iCLS\;C:\Windows\system32;C:\Windows;C:\Windows\System32\Wbem;C:\Windows\System32\WindowsPowerShell\v1.0\;C:\Program Files (x86)\NVIDIA Corporation\PhysX\Common;C:\Program Files (x86)\Intel\Intel(R) Management Engine Components\DAL;C:\Program Files\Intel\Intel(R) Management Engine Components\DAL;C:\Program Files (x86)\Intel\Intel(R) Management Engine Components\IPT;C:\Program Files\Intel\Intel(R) Management Engine Components\IPT;C:\Program Files\Intel\WiFi\bin\;C:\Program Files\Common Files\Intel\WirelessCommon\;C:\WINDOWS\system32;C:\WINDOWS;C:\WINDOWS\System32\Wbem;C:\WINDOWS\System32\WindowsPowerShell\v1.0\;C:\WINDOWS\System32\OpenSSH\;C:\Program Files (x86)\Common Files\Seagate\VirtualFile\;C:\Program Files (x86)\Common Files\Seagate\VirtualFile64\;C:\Program Files (x86)\Common Files\Seagate\SnapAPI\;C:\Program Files\NVIDIA Corporation\NVIDIA NvDLISR;C:\WINDOWS\system32;C:\WINDOWS;C:\WINDOWS\System32\Wbem;C:\WINDOWS\System32\WindowsPowerShell\v1.0\;C:\WINDOWS\System32\OpenSSH\;C:\Program Files\dotnet\;C:\cygwin64\bin;C:\Program Files\Git\cmd;C:\Program Files\wooting-analog-sdk\;C:\Program Files\Docker\Docker\resources\bin;C:\Program Files\MySQL\MySQL Shell 8.0\bin\;C:\Program Files (x86)\Common Files\Oracle\Java\javapath;C:\Program Files (x86)\Intel\Intel(R) Management Engine Components\iCLS\;C:\Program Files\Intel\Intel(R) Management Engine Components\iCLS\;C:\Windows\system32;C:\Windows;C:\Windows\System32\Wbem;C:\Windows\System32\WindowsPowerShell\v1.0\;C:\Program Files (x86)\NVIDIA Corporation\PhysX\Common;C:\Program Files (x86)\Intel\Intel(R) Management Engine Components\DAL;C:\Program Files\Intel\Intel(R) Management Engine Components\DAL;C:\Program Files (x86)\Intel\In
USERNAME=Cassel Robson
OS=Windows_NT
PROCESSOR_IDENTIFIER=Intel64 Family 6 Model 151 Stepping 2, GenuineIntel
TMP=C:\Users\CASSEL~1\AppData\Local\Temp
TEMP=C:\Users\CASSEL~1\AppData\Local\Temp



Periodic native trim disabled


---------------  S Y S T E M  ---------------

OS:
 Windows 11 , 64 bit Build 22621 (10.0.22621.3672)
OS uptime: 1 days 15:47 hours
Hyper-V role detected

CPU: total 20 (initial active 20) (10 cores per cpu, 2 threads per core) family 6 model 151 stepping 2 microcode 0x26, cx8, cmov, fxsr, ht, mmx, 3dnowpref, sse, sse2, sse3, ssse3, sse4.1, sse4.2, popcnt, lzcnt, tsc, tscinvbit, avx, avx2, aes, erms, clmul, bmi1, bmi2, adx, sha, fma, vzeroupper, clflush, clflushopt, clwb, hv
Processor Information for all 20 processors :
  Max Mhz: 3600, Current Mhz: 3600, Mhz Limit: 3600

Memory: 4k page, system-wide physical 32508M (17728M free)
TotalPageFile size 44482M (AvailPageFile size 16M)
current process WorkingSet (physical memory assigned to process): 210M, peak: 215M
current process commit charge ("private bytes"): 318M, peak: 323M

vm_info: OpenJDK 64-Bit Server VM (17.0.11+9) for windows-amd64 JRE (17.0.11+9), built on Apr 17 2024 06:07:48 by "admin" with MS VC++ 16.10 / 16.11 (VS2019)

END.
