#
# There is insufficient memory for the Java Runtime Environment to continue.
# Native memory allocation (malloc) failed to allocate 578416 bytes. Error detail: Chunk::new
# Possible reasons:
#   The system is out of physical RAM or swap space
#   This process is running with CompressedOops enabled, and the Java Heap may be blocking the growth of the native heap
# Possible solutions:
#   Reduce memory load on the system
#   Increase physical memory or swap space
#   Check if swap backing store is full
#   Decrease Java heap size (-Xmx/-Xms)
#   Decrease number of Java threads
#   Decrease Java thread stack sizes (-Xss)
#   Set larger code cache with -XX:ReservedCodeCacheSize=
#   JVM is running with Unscaled Compressed Oops mode in which the Java heap is
#     placed in the first 4GB address space. The Java Heap base address is the
#     maximum limit for the native heap growth. Please use -XX:HeapBaseMinAddress
#     to set the Java Heap base and to place the Java Heap above 4GB virtual address.
# This output file may be truncated or incomplete.
#
#  Out of Memory Error (arena.cpp:191), pid=42152, tid=40928
#
# JRE version: OpenJDK Runtime Environment Temurin-17.0.11+9 (17.0.11+9) (build 17.0.11+9)
# Java VM: OpenJDK 64-Bit Server VM Temurin-17.0.11+9 (17.0.11+9, mixed mode, tiered, compressed oops, compressed class ptrs, parallel gc, windows-amd64)
# No core dump will be written. Minidumps are not enabled by default on client versions of Windows
#

---------------  S U M M A R Y ------------

Command Line: --add-modules=ALL-SYSTEM --add-opens=java.base/java.util=ALL-UNNAMED --add-opens=java.base/java.lang=ALL-UNNAMED --add-opens=java.base/sun.nio.fs=ALL-UNNAMED -Declipse.application=org.eclipse.jdt.ls.core.id1 -Dosgi.bundles.defaultStartLevel=4 -Declipse.product=org.eclipse.jdt.ls.core.product -Djava.import.generatesMetadataFilesAtProjectRoot=false -DDetectVMInstallationsJob.disabled=true -Dfile.encoding=utf8 -XX:+UseParallelGC -XX:GCTimeRatio=4 -XX:AdaptiveSizePolicyWeight=90 -Dsun.zip.disableMemoryMapping=true -Xmx1G -Xms100m -Xlog:disable -javaagent:c:\Users\Cassel Robson\.vscode\extensions\redhat.java-1.32.0-win32-x64\lombok\lombok-1.18.33.jar -XX:+HeapDumpOnOutOfMemoryError -XX:HeapDumpPath=c:\Users\Cassel Robson\AppData\Roaming\Code\User\workspaceStorage\91d333ee4e4b4ecfdc62c85a850c3d8d\redhat.java -Daether.dependencyCollector.impl=bf c:\Users\Cassel Robson\.vscode\extensions\redhat.java-1.32.0-win32-x64\server\plugins\org.eclipse.equinox.launcher_1.6.900.v20240613-2009.jar -configuration c:\Users\Cassel Robson\AppData\Roaming\Code\User\globalStorage\redhat.java\1.32.0\config_win -data c:\Users\Cassel Robson\AppData\Roaming\Code\User\workspaceStorage\91d333ee4e4b4ecfdc62c85a850c3d8d\redhat.java\jdt_ws --pipe=\\.\pipe\lsp-09dd4091f456b484eb873d0edf9e4e65-sock

Host: 12th Gen Intel(R) Core(TM) i7-12700K, 20 cores, 31G,  Windows 11 , 64 bit Build 22621 (10.0.22621.3672)
Time: Thu Jul 25 14:44:21 2024 Eastern Daylight Time elapsed time: 6.773370 seconds (0d 0h 0m 6s)

---------------  T H R E A D  ---------------

Current thread (0x000002149f28a540):  JavaThread "C2 CompilerThread0" daemon [_thread_in_native, id=40928, stack(0x000000b305a00000,0x000000b305b00000)]


Current CompileTask:
C2:   6773 2238   !   4       java.util.jar.Attributes::read (498 bytes)

Stack: [0x000000b305a00000,0x000000b305b00000]
Native frames: (J=compiled Java code, j=interpreted, Vv=VM code, C=native code)
V  [jvm.dll+0x67d429]
V  [jvm.dll+0x834b7a]
V  [jvm.dll+0x83663e]
V  [jvm.dll+0x836ca3]
V  [jvm.dll+0x247dbf]
V  [jvm.dll+0xac534]
V  [jvm.dll+0xacb7c]
V  [jvm.dll+0x3665f2]
V  [jvm.dll+0x330bba]
V  [jvm.dll+0x33005a]
V  [jvm.dll+0x21a471]
V  [jvm.dll+0x2198b1]
V  [jvm.dll+0x1a534d]
V  [jvm.dll+0x2295cd]
V  [jvm.dll+0x22779c]
V  [jvm.dll+0x7e9d07]
V  [jvm.dll+0x7e410a]
V  [jvm.dll+0x67c315]
C  [ucrtbase.dll+0x29333]
C  [KERNEL32.DLL+0x1257d]
C  [ntdll.dll+0x5af28]


---------------  P R O C E S S  ---------------

Threads class SMR info:
_java_thread_list=0x00000214a2428b40, length=17, elements={
0x00000214861e6380, 0x000002149f24bc70, 0x000002149f24d1a0, 0x000002149a061dc0,
0x000002149a0628f0, 0x000002149a065d30, 0x000002149f283be0, 0x000002149f28a540,
0x000002149f28c1a0, 0x000002149f28d690, 0x0000021499f4be10, 0x000002149f405f60,
0x00000214a19b8590, 0x00000214a2396840, 0x00000214a19a1580, 0x00000214a22b4400,
0x00000214a2697ce0
}

Java Threads: ( => current thread )
  0x00000214861e6380 JavaThread "main" [_thread_blocked, id=39016, stack(0x000000b305100000,0x000000b305200000)]
  0x000002149f24bc70 JavaThread "Reference Handler" daemon [_thread_blocked, id=40084, stack(0x000000b305400000,0x000000b305500000)]
  0x000002149f24d1a0 JavaThread "Finalizer" daemon [_thread_blocked, id=38824, stack(0x000000b305500000,0x000000b305600000)]
  0x000002149a061dc0 JavaThread "Signal Dispatcher" daemon [_thread_blocked, id=42752, stack(0x000000b305600000,0x000000b305700000)]
  0x000002149a0628f0 JavaThread "Attach Listener" daemon [_thread_blocked, id=42284, stack(0x000000b305700000,0x000000b305800000)]
  0x000002149a065d30 JavaThread "Service Thread" daemon [_thread_blocked, id=29824, stack(0x000000b305800000,0x000000b305900000)]
  0x000002149f283be0 JavaThread "Monitor Deflation Thread" daemon [_thread_blocked, id=8012, stack(0x000000b305900000,0x000000b305a00000)]
=>0x000002149f28a540 JavaThread "C2 CompilerThread0" daemon [_thread_in_native, id=40928, stack(0x000000b305a00000,0x000000b305b00000)]
  0x000002149f28c1a0 JavaThread "C1 CompilerThread0" daemon [_thread_blocked, id=40384, stack(0x000000b305b00000,0x000000b305c00000)]
  0x000002149f28d690 JavaThread "Sweeper thread" daemon [_thread_blocked, id=28596, stack(0x000000b305c00000,0x000000b305d00000)]
  0x0000021499f4be10 JavaThread "Common-Cleaner" daemon [_thread_blocked, id=37592, stack(0x000000b305d00000,0x000000b305e00000)]
  0x000002149f405f60 JavaThread "C1 CompilerThread1" daemon [_thread_blocked, id=42580, stack(0x000000b305e00000,0x000000b305f00000)]
  0x00000214a19b8590 JavaThread "Notification Thread" daemon [_thread_blocked, id=29160, stack(0x000000b306300000,0x000000b306400000)]
  0x00000214a2396840 JavaThread "Active Thread: Equinox Container: d1c747ad-9ce5-41e8-8ef0-5d23b83c2229" [_thread_blocked, id=36500, stack(0x000000b306c00000,0x000000b306d00000)]
  0x00000214a19a1580 JavaThread "Framework Event Dispatcher: Equinox Container: d1c747ad-9ce5-41e8-8ef0-5d23b83c2229" daemon [_thread_blocked, id=42420, stack(0x000000b305f00000,0x000000b306000000)]
  0x00000214a22b4400 JavaThread "Start Level: Equinox Container: d1c747ad-9ce5-41e8-8ef0-5d23b83c2229" daemon [_thread_in_native, id=7932, stack(0x000000b306200000,0x000000b306300000)]
  0x00000214a2697ce0 JavaThread "Bundle File Closer" daemon [_thread_blocked, id=6836, stack(0x000000b306000000,0x000000b306100000)]

Other Threads:
  0x000002148626e8f0 VMThread "VM Thread" [stack: 0x000000b305300000,0x000000b305400000] [id=424]
  0x00000214a19b8cc0 WatcherThread [stack: 0x000000b306400000,0x000000b306500000] [id=30436]
  0x00000214861fad50 GCTaskThread "GC Thread#0" [stack: 0x000000b305200000,0x000000b305300000] [id=35872]
  0x00000214a1bca0a0 GCTaskThread "GC Thread#1" [stack: 0x000000b306700000,0x000000b306800000] [id=33176]
  0x00000214a1bcb7a0 GCTaskThread "GC Thread#2" [stack: 0x000000b306800000,0x000000b306900000] [id=36776]
  0x00000214a21ed850 GCTaskThread "GC Thread#3" [stack: 0x000000b306900000,0x000000b306a00000] [id=39660]
  0x00000214a21edb10 GCTaskThread "GC Thread#4" [stack: 0x000000b306a00000,0x000000b306b00000] [id=37908]
  0x00000214a21edfe0 GCTaskThread "GC Thread#5" [stack: 0x000000b306b00000,0x000000b306c00000] [id=37204]
  0x00000214a237cab0 GCTaskThread "GC Thread#6" [stack: 0x000000b306500000,0x000000b306600000] [id=35212]
  0x00000214a2248420 GCTaskThread "GC Thread#7" [stack: 0x000000b306600000,0x000000b306700000] [id=40988]
  0x00000214a27d4db0 GCTaskThread "GC Thread#8" [stack: 0x000000b306100000,0x000000b306200000] [id=42668]

Threads with active compile tasks:
C2 CompilerThread0     6780 2238   !   4       java.util.jar.Attributes::read (498 bytes)

VM state: not at safepoint (normal execution)

VM Mutex/Monitor currently owned by a thread: None

Heap address: 0x00000000c0000000, size: 1024 MB, Compressed Oops mode: 32-bit

CDS archive(s) not mapped
Compressed class space mapped at: 0x0000000100000000-0x0000000140000000, reserved size: 1073741824
Narrow klass base: 0x0000000000000000, Narrow klass shift: 3, Narrow klass range: 0x140000000

GC Precious Log:
 CPUs: 20 total, 20 available
 Memory: 32508M
 Large Page Support: Disabled
 NUMA Support: Disabled
 Compressed Oops: Enabled (32-bit)
 Alignments: Space 512K, Generation 512K, Heap 2M
 Heap Min Capacity: 100M
 Heap Initial Capacity: 100M
 Heap Max Capacity: 1G
 Pre-touch: Disabled
 Parallel Workers: 15

Heap:
 PSYoungGen      total 29696K, used 4893K [0x00000000eab00000, 0x00000000ecc00000, 0x0000000100000000)
  eden space 25600K, 3% used [0x00000000eab00000,0x00000000eabcbd70,0x00000000ec400000)
  from space 4096K, 99% used [0x00000000ec400000,0x00000000ec7fb9f0,0x00000000ec800000)
  to   space 4096K, 0% used [0x00000000ec800000,0x00000000ec800000,0x00000000ecc00000)
 ParOldGen       total 68608K, used 5500K [0x00000000c0000000, 0x00000000c4300000, 0x00000000eab00000)
  object space 68608K, 8% used [0x00000000c0000000,0x00000000c055f120,0x00000000c4300000)
 Metaspace       used 16085K, committed 16256K, reserved 1114112K
  class space    used 1605K, committed 1664K, reserved 1048576K

Card table byte_map: [0x0000021485b70000,0x0000021485d80000] _byte_map_base: 0x0000021485570000

Marking Bits: (ParMarkBitMap*) 0x00007ffe4039d820
 Begin Bits: [0x0000021497e70000, 0x0000021498e70000)
 End Bits:   [0x0000021498e70000, 0x0000021499e70000)

Polling page: 0x0000021484140000

Metaspace:

Usage:
  Non-class:     14.14 MB used.
      Class:      1.57 MB used.
       Both:     15.71 MB used.

Virtual space:
  Non-class space:       64.00 MB reserved,      14.25 MB ( 22%) committed,  1 nodes.
      Class space:        1.00 GB reserved,       1.62 MB ( <1%) committed,  1 nodes.
             Both:        1.06 GB reserved,      15.88 MB (  1%) committed. 

Chunk freelists:
   Non-Class:  928.00 KB
       Class:  14.38 MB
        Both:  15.29 MB

MaxMetaspaceSize: unlimited
CompressedClassSpaceSize: 1.00 GB
Initial GC threshold: 21.00 MB
Current GC threshold: 21.00 MB
CDS: off
MetaspaceReclaimPolicy: balanced
 - commit_granule_bytes: 65536.
 - commit_granule_words: 8192.
 - virtual_space_node_default_size: 8388608.
 - enlarge_chunks_in_place: 1.
 - new_chunks_are_fully_committed: 0.
 - uncommit_free_chunks: 1.
 - use_allocation_guard: 0.
 - handle_deallocations: 1.


Internal statistics:

num_allocs_failed_limit: 0.
num_arena_births: 104.
num_arena_deaths: 0.
num_vsnodes_births: 2.
num_vsnodes_deaths: 0.
num_space_committed: 254.
num_space_uncommitted: 0.
num_chunks_returned_to_freelist: 0.
num_chunks_taken_from_freelist: 327.
num_chunk_merges: 0.
num_chunk_splits: 204.
num_chunks_enlarged: 151.
num_inconsistent_stats: 0.

CodeHeap 'non-profiled nmethods': size=119168Kb used=978Kb max_used=978Kb free=118190Kb
 bounds [0x0000021490a10000, 0x0000021490c80000, 0x0000021497e70000]
CodeHeap 'profiled nmethods': size=119104Kb used=4232Kb max_used=4232Kb free=114871Kb
 bounds [0x0000021488e70000, 0x00000214892a0000, 0x00000214902c0000]
CodeHeap 'non-nmethods': size=7488Kb used=1735Kb max_used=2878Kb free=5752Kb
 bounds [0x00000214902c0000, 0x00000214905a0000, 0x0000021490a10000]
 total_blobs=2702 nmethods=2238 adapters=377
 compilation: enabled
              stopped_count=0, restarted_count=0
 full_count=0

Compilation events (20 events):
Event: 6.386 Thread 0x000002149f405f60 nmethod 2227 0x000002148928e110 code [0x000002148928e2c0, 0x000002148928e4d8]
Event: 6.393 Thread 0x000002149f405f60 2229       3       aQute.libg.qtokens.QuotedTokenizer::quotedString (152 bytes)
Event: 6.394 Thread 0x000002149f28a540 2230       4       java.util.AbstractCollection::<init> (5 bytes)
Event: 6.394 Thread 0x000002149f28a540 nmethod 2230 0x0000021490b03b10 code [0x0000021490b03c80, 0x0000021490b03cf8]
Event: 6.394 Thread 0x000002149f405f60 nmethod 2229 0x000002148928e610 code [0x000002148928e920, 0x000002148928fb78]
Event: 6.404 Thread 0x000002149f405f60 2231       3       java.lang.ref.Reference::enqueueFromPending (19 bytes)
Event: 6.404 Thread 0x000002149f28c1a0 2232   !   3       java.lang.ref.ReferenceQueue::enqueue (119 bytes)
Event: 6.404 Thread 0x000002149f405f60 nmethod 2231 0x0000021489290290 code [0x0000021489290440, 0x0000021489290668]
Event: 6.404 Thread 0x000002149f28c1a0 nmethod 2232 0x0000021489290710 code [0x00000214892908e0, 0x0000021489290ec8]
Event: 6.404 Thread 0x000002149f28a540 2234       4       java.util.ArrayList::<init> (12 bytes)
Event: 6.404 Thread 0x000002149f28a540 nmethod 2234 0x0000021490b04210 code [0x0000021490b04380, 0x0000021490b04418]
Event: 6.411 Thread 0x000002149f405f60 2235       3       java.lang.Math::min (46 bytes)
Event: 6.411 Thread 0x000002149f405f60 nmethod 2235 0x0000021489291090 code [0x0000021489291240, 0x0000021489291598]
Event: 6.652 Thread 0x000002149f405f60 2236       3       java.util.AbstractList$Itr::hasNext (20 bytes)
Event: 6.652 Thread 0x000002149f405f60 nmethod 2236 0x0000021489291610 code [0x00000214892917c0, 0x00000214892919e8]
Event: 6.753 Thread 0x000002149f405f60 2237       1       org.eclipse.osgi.internal.loader.BundleLoader::getWiring (5 bytes)
Event: 6.753 Thread 0x000002149f405f60 nmethod 2237 0x0000021490b04510 code [0x0000021490b046a0, 0x0000021490b04778]
Event: 6.753 Thread 0x000002149f405f60 2239       3       org.eclipse.osgi.internal.loader.classpath.TitleVersionVendor::of (27 bytes)
Event: 6.753 Thread 0x000002149f28a540 2238   !   4       java.util.jar.Attributes::read (498 bytes)
Event: 6.753 Thread 0x000002149f405f60 nmethod 2239 0x0000021489291a90 code [0x0000021489291c40, 0x0000021489291f58]

GC Heap History (6 events):
Event: 0.408 GC heap before
{Heap before GC invocations=1 (full 0):
 PSYoungGen      total 29696K, used 25600K [0x00000000eab00000, 0x00000000ecc00000, 0x0000000100000000)
  eden space 25600K, 100% used [0x00000000eab00000,0x00000000ec400000,0x00000000ec400000)
  from space 4096K, 0% used [0x00000000ec800000,0x00000000ec800000,0x00000000ecc00000)
  to   space 4096K, 0% used [0x00000000ec400000,0x00000000ec400000,0x00000000ec800000)
 ParOldGen       total 68608K, used 0K [0x00000000c0000000, 0x00000000c4300000, 0x00000000eab00000)
  object space 68608K, 0% used [0x00000000c0000000,0x00000000c0000000,0x00000000c4300000)
 Metaspace       used 10581K, committed 10688K, reserved 1114112K
  class space    used 1050K, committed 1088K, reserved 1048576K
}
Event: 0.411 GC heap after
{Heap after GC invocations=1 (full 0):
 PSYoungGen      total 29696K, used 3092K [0x00000000eab00000, 0x00000000ecc00000, 0x0000000100000000)
  eden space 25600K, 0% used [0x00000000eab00000,0x00000000eab00000,0x00000000ec400000)
  from space 4096K, 75% used [0x00000000ec400000,0x00000000ec705268,0x00000000ec800000)
  to   space 4096K, 0% used [0x00000000ec800000,0x00000000ec800000,0x00000000ecc00000)
 ParOldGen       total 68608K, used 16K [0x00000000c0000000, 0x00000000c4300000, 0x00000000eab00000)
  object space 68608K, 0% used [0x00000000c0000000,0x00000000c0004000,0x00000000c4300000)
 Metaspace       used 10581K, committed 10688K, reserved 1114112K
  class space    used 1050K, committed 1088K, reserved 1048576K
}
Event: 2.837 GC heap before
{Heap before GC invocations=2 (full 0):
 PSYoungGen      total 29696K, used 28692K [0x00000000eab00000, 0x00000000ecc00000, 0x0000000100000000)
  eden space 25600K, 100% used [0x00000000eab00000,0x00000000ec400000,0x00000000ec400000)
  from space 4096K, 75% used [0x00000000ec400000,0x00000000ec705268,0x00000000ec800000)
  to   space 4096K, 0% used [0x00000000ec800000,0x00000000ec800000,0x00000000ecc00000)
 ParOldGen       total 68608K, used 16K [0x00000000c0000000, 0x00000000c4300000, 0x00000000eab00000)
  object space 68608K, 0% used [0x00000000c0000000,0x00000000c0004000,0x00000000c4300000)
 Metaspace       used 14225K, committed 14400K, reserved 1114112K
  class space    used 1407K, committed 1472K, reserved 1048576K
}
Event: 2.840 GC heap after
{Heap after GC invocations=2 (full 0):
 PSYoungGen      total 29696K, used 4093K [0x00000000eab00000, 0x00000000ecc00000, 0x0000000100000000)
  eden space 25600K, 0% used [0x00000000eab00000,0x00000000eab00000,0x00000000ec400000)
  from space 4096K, 99% used [0x00000000ec800000,0x00000000ecbff6e0,0x00000000ecc00000)
  to   space 4096K, 0% used [0x00000000ec400000,0x00000000ec400000,0x00000000ec800000)
 ParOldGen       total 68608K, used 1434K [0x00000000c0000000, 0x00000000c4300000, 0x00000000eab00000)
  object space 68608K, 2% used [0x00000000c0000000,0x00000000c01668c0,0x00000000c4300000)
 Metaspace       used 14225K, committed 14400K, reserved 1114112K
  class space    used 1407K, committed 1472K, reserved 1048576K
}
Event: 6.400 GC heap before
{Heap before GC invocations=3 (full 0):
 PSYoungGen      total 29696K, used 29693K [0x00000000eab00000, 0x00000000ecc00000, 0x0000000100000000)
  eden space 25600K, 100% used [0x00000000eab00000,0x00000000ec400000,0x00000000ec400000)
  from space 4096K, 99% used [0x00000000ec800000,0x00000000ecbff6e0,0x00000000ecc00000)
  to   space 4096K, 0% used [0x00000000ec400000,0x00000000ec400000,0x00000000ec800000)
 ParOldGen       total 68608K, used 1434K [0x00000000c0000000, 0x00000000c4300000, 0x00000000eab00000)
  object space 68608K, 2% used [0x00000000c0000000,0x00000000c01668c0,0x00000000c4300000)
 Metaspace       used 16082K, committed 16256K, reserved 1114112K
  class space    used 1605K, committed 1664K, reserved 1048576K
}
Event: 6.404 GC heap after
{Heap after GC invocations=3 (full 0):
 PSYoungGen      total 29696K, used 4078K [0x00000000eab00000, 0x00000000ecc00000, 0x0000000100000000)
  eden space 25600K, 0% used [0x00000000eab00000,0x00000000eab00000,0x00000000ec400000)
  from space 4096K, 99% used [0x00000000ec400000,0x00000000ec7fb9f0,0x00000000ec800000)
  to   space 4096K, 0% used [0x00000000ec800000,0x00000000ec800000,0x00000000ecc00000)
 ParOldGen       total 68608K, used 5500K [0x00000000c0000000, 0x00000000c4300000, 0x00000000eab00000)
  object space 68608K, 8% used [0x00000000c0000000,0x00000000c055f120,0x00000000c4300000)
 Metaspace       used 16082K, committed 16256K, reserved 1114112K
  class space    used 1605K, committed 1664K, reserved 1048576K
}

Dll operation events (9 events):
Event: 0.014 Loaded shared library c:\Users\Cassel Robson\.vscode\extensions\redhat.java-1.32.0-win32-x64\jre\17.0.11-win32-x86_64\bin\java.dll
Event: 0.077 Loaded shared library c:\Users\Cassel Robson\.vscode\extensions\redhat.java-1.32.0-win32-x64\jre\17.0.11-win32-x86_64\bin\zip.dll
Event: 0.079 Loaded shared library C:\Users\Cassel Robson\.vscode\extensions\redhat.java-1.32.0-win32-x64\jre\17.0.11-win32-x86_64\bin\instrument.dll
Event: 0.087 Loaded shared library C:\Users\Cassel Robson\.vscode\extensions\redhat.java-1.32.0-win32-x64\jre\17.0.11-win32-x86_64\bin\net.dll
Event: 0.088 Loaded shared library C:\Users\Cassel Robson\.vscode\extensions\redhat.java-1.32.0-win32-x64\jre\17.0.11-win32-x86_64\bin\nio.dll
Event: 0.091 Loaded shared library C:\Users\Cassel Robson\.vscode\extensions\redhat.java-1.32.0-win32-x64\jre\17.0.11-win32-x86_64\bin\zip.dll
Event: 0.099 Loaded shared library C:\Users\Cassel Robson\.vscode\extensions\redhat.java-1.32.0-win32-x64\jre\17.0.11-win32-x86_64\bin\jimage.dll
Event: 0.136 Loaded shared library c:\Users\Cassel Robson\.vscode\extensions\redhat.java-1.32.0-win32-x64\jre\17.0.11-win32-x86_64\bin\verify.dll
Event: 2.862 Loaded shared library C:\Users\Cassel Robson\AppData\Roaming\Code\User\globalStorage\redhat.java\1.32.0\config_win\org.eclipse.equinox.launcher\org.eclipse.equinox.launcher.win32.win32.x86_64_1.2.1100.v20240613-2013\eclipse_11903.dll

Deoptimization events (20 events):
Event: 4.149 Thread 0x00000214a22b4400 DEOPT PACKING pc=0x0000021490a288ec sp=0x000000b3062fdf60
Event: 4.149 Thread 0x00000214a22b4400 DEOPT UNPACKING pc=0x00000214903166a3 sp=0x000000b3062fde30 mode 2
Event: 4.149 Thread 0x00000214a22b4400 Uncommon trap: trap_request=0xffffff45 fr.pc=0x0000021490a41318 relative=0x00000000000003f8
Event: 4.149 Thread 0x00000214a22b4400 Uncommon trap: reason=unstable_if action=reinterpret pc=0x0000021490a41318 method=java.lang.String.substring(II)Ljava/lang/String; @ 31 c2
Event: 4.149 Thread 0x00000214a22b4400 DEOPT PACKING pc=0x0000021490a41318 sp=0x000000b3062fdf10
Event: 4.149 Thread 0x00000214a22b4400 DEOPT UNPACKING pc=0x00000214903166a3 sp=0x000000b3062fdee0 mode 2
Event: 4.654 Thread 0x00000214a22b4400 Uncommon trap: trap_request=0xffffff45 fr.pc=0x0000021490a25878 relative=0x00000000000000f8
Event: 4.654 Thread 0x00000214a22b4400 Uncommon trap: reason=unstable_if action=reinterpret pc=0x0000021490a25878 method=java.lang.StringCoding.hasNegatives([BII)Z @ 12 c2
Event: 4.654 Thread 0x00000214a22b4400 DEOPT PACKING pc=0x0000021490a25878 sp=0x000000b3062fd3d0
Event: 4.654 Thread 0x00000214a22b4400 DEOPT UNPACKING pc=0x00000214903166a3 sp=0x000000b3062fd360 mode 2
Event: 4.786 Thread 0x00000214a22b4400 DEOPT PACKING pc=0x000002148924ac56 sp=0x000000b3062fd3d0
Event: 4.786 Thread 0x00000214a22b4400 DEOPT UNPACKING pc=0x0000021490316e43 sp=0x000000b3062fc858 mode 0
Event: 5.024 Thread 0x00000214a22b4400 DEOPT PACKING pc=0x000002148924ac56 sp=0x000000b3062fd3d0
Event: 5.024 Thread 0x00000214a22b4400 DEOPT UNPACKING pc=0x0000021490316e43 sp=0x000000b3062fc858 mode 0
Event: 5.989 Thread 0x00000214a22b4400 Uncommon trap: trap_request=0xffffff45 fr.pc=0x0000021490a77b84 relative=0x0000000000000164
Event: 5.989 Thread 0x00000214a22b4400 Uncommon trap: reason=unstable_if action=reinterpret pc=0x0000021490a77b84 method=java.lang.String.startsWith(Ljava/lang/String;I)Z @ 50 c2
Event: 5.989 Thread 0x00000214a22b4400 DEOPT PACKING pc=0x0000021490a77b84 sp=0x000000b3062fe320
Event: 5.989 Thread 0x00000214a22b4400 DEOPT UNPACKING pc=0x00000214903166a3 sp=0x000000b3062fe228 mode 2
Event: 5.991 Thread 0x00000214a22b4400 DEOPT PACKING pc=0x0000021488fe4f1e sp=0x000000b3062fdec0
Event: 5.991 Thread 0x00000214a22b4400 DEOPT UNPACKING pc=0x0000021490316e43 sp=0x000000b3062fd3b8 mode 0

Classes unloaded (0 events):
No events

Classes redefined (0 events):
No events

Internal exceptions (20 events):
Event: 0.388 Thread 0x00000214861e6380 Exception <a 'java/lang/ClassNotFoundException'{0x00000000ec28c860}: sun/net/www/protocol/c/Handler> (0x00000000ec28c860) 
thrown [s\src\hotspot\share\classfile\systemDictionary.cpp, line 256]
Event: 0.392 Thread 0x00000214861e6380 Exception <a 'java/io/FileNotFoundException'{0x00000000ec2b3ee0}> (0x00000000ec2b3ee0) 
thrown [s\src\hotspot\share\prims\jni.cpp, line 516]
Event: 0.406 Thread 0x00000214861e6380 Implicit null exception at 0x0000021490a700fb to 0x0000021490a70b04
Event: 0.406 Thread 0x00000214861e6380 Implicit null exception at 0x0000021490a67eec to 0x0000021490a680cc
Event: 0.406 Thread 0x00000214861e6380 Implicit null exception at 0x0000021490a60b6c to 0x0000021490a60d4c
Event: 0.406 Thread 0x00000214861e6380 Implicit null exception at 0x0000021490a5bc8f to 0x0000021490a5bd05
Event: 0.430 Thread 0x00000214861e6380 Exception <a 'java/lang/NoSuchMethodError'{0x00000000ead926b8}: 'int java.lang.invoke.DirectMethodHandle$Holder.invokeStaticInit(java.lang.Object, java.lang.Object, java.lang.Object, java.lang.Object)'> (0x00000000ead926b8) 
thrown [s\src\hotspot\share\interpreter\linkResolver.cpp, line 759]
Event: 0.431 Thread 0x00000214861e6380 Exception <a 'java/lang/NoSuchMethodError'{0x00000000ead9ce30}: 'java.lang.Object java.lang.invoke.DirectMethodHandle$Holder.invokeInterface(java.lang.Object, java.lang.Object)'> (0x00000000ead9ce30) 
thrown [s\src\hotspot\share\interpreter\linkResolver.cpp, line 759]
Event: 0.432 Thread 0x00000214861e6380 Exception <a 'java/lang/IncompatibleClassChangeError'{0x00000000eada0628}: Found class java.lang.Object, but interface was expected> (0x00000000eada0628) 
thrown [s\src\hotspot\share\interpreter\linkResolver.cpp, line 826]
Event: 0.432 Thread 0x00000214861e6380 Exception <a 'java/lang/NoSuchMethodError'{0x00000000eada4b18}: 'void java.lang.invoke.DirectMethodHandle$Holder.invokeStatic(java.lang.Object, java.lang.Object)'> (0x00000000eada4b18) 
thrown [s\src\hotspot\share\interpreter\linkResolver.cpp, line 759]
Event: 0.433 Thread 0x00000214861e6380 Exception <a 'java/lang/NoSuchMethodError'{0x00000000eada8318}: 'void java.lang.invoke.DirectMethodHandle$Holder.invokeStaticInit(java.lang.Object, java.lang.Object)'> (0x00000000eada8318) 
thrown [s\src\hotspot\share\interpreter\linkResolver.cpp, line 759]
Event: 0.433 Thread 0x00000214861e6380 Exception <a 'java/lang/NoSuchMethodError'{0x00000000eadafa70}: 'int java.lang.invoke.DirectMethodHandle$Holder.invokeStaticInit(java.lang.Object, java.lang.Object)'> (0x00000000eadafa70) 
thrown [s\src\hotspot\share\interpreter\linkResolver.cpp, line 759]
Event: 0.462 Thread 0x00000214861e6380 Exception <a 'java/lang/NoSuchMethodError'{0x00000000eaefc2b8}: 'void java.lang.invoke.DirectMethodHandle$Holder.invokeSpecial(java.lang.Object, java.lang.Object, java.lang.Object)'> (0x00000000eaefc2b8) 
thrown [s\src\hotspot\share\interpreter\linkResolver.cpp, line 759]
Event: 0.586 Thread 0x00000214861e6380 Exception <a 'java/lang/NoSuchMethodError'{0x00000000ebcdca88}: 'java.lang.Object java.lang.invoke.DirectMethodHandle$Holder.newInvokeSpecial(java.lang.Object, int, java.lang.Object)'> (0x00000000ebcdca88) 
thrown [s\src\hotspot\share\interpreter\linkResolver.cpp, line 759]
Event: 2.829 Thread 0x00000214861e6380 Exception <a 'java/lang/UnsatisfiedLinkError'{0x00000000ec2d66b0}: 'void org.eclipse.equinox.launcher.JNIBridge._update_splash()'> (0x00000000ec2d66b0) 
thrown [s\src\hotspot\share\prims\nativeLookup.cpp, line 543]
Event: 2.857 Thread 0x00000214a22b4400 Exception <a 'java/lang/NoSuchMethodError'{0x00000000ead36b70}: 'java.lang.Object java.lang.invoke.DirectMethodHandle$Holder.invokeStaticInit(java.lang.Object)'> (0x00000000ead36b70) 
thrown [s\src\hotspot\share\interpreter\linkResolver.cpp, line 759]
Event: 2.864 Thread 0x00000214a22b4400 Exception <a 'java/lang/NoSuchMethodError'{0x00000000eae76f38}: 'java.lang.Object java.lang.invoke.DirectMethodHandle$Holder.newInvokeSpecial(java.lang.Object, java.lang.Object, int, java.lang.Object)'> (0x00000000eae76f38) 
thrown [s\src\hotspot\share\interpreter\linkResolver.cpp, line 759]
Event: 2.864 Thread 0x00000214a22b4400 Exception <a 'java/lang/NoSuchMethodError'{0x00000000eae7b220}: 'java.lang.Object java.lang.invoke.DirectMethodHandle$Holder.invokeSpecial(java.lang.Object, java.lang.Object, java.lang.Object, int, java.lang.Object)'> (0x00000000eae7b220) 
thrown [s\src\hotspot\share\interpreter\linkResolver.cpp, line 759]
Event: 2.885 Thread 0x00000214a22b4400 Exception <a 'java/lang/NoSuchMethodError'{0x00000000eb04bae8}: 'java.lang.Object java.lang.invoke.DirectMethodHandle$Holder.invokeStatic(java.lang.Object, int, java.lang.Object)'> (0x00000000eb04bae8) 
thrown [s\src\hotspot\share\interpreter\linkResolver.cpp, line 759]
Event: 2.892 Thread 0x00000214a22b4400 Exception <a 'java/lang/ClassNotFoundException'{0x00000000eb141720}: sun/util/logging/resources/spi/loggingProvider> (0x00000000eb141720) 
thrown [s\src\hotspot\share\classfile\systemDictionary.cpp, line 256]

VM Operations (20 events):
Event: 2.837 Executing VM operation: ParallelGCFailedAllocation
Event: 2.840 Executing VM operation: ParallelGCFailedAllocation done
Event: 2.852 Executing VM operation: HandshakeAllThreads
Event: 2.852 Executing VM operation: HandshakeAllThreads done
Event: 2.883 Executing VM operation: HandshakeAllThreads
Event: 2.883 Executing VM operation: HandshakeAllThreads done
Event: 2.897 Executing VM operation: HandshakeAllThreads
Event: 2.897 Executing VM operation: HandshakeAllThreads done
Event: 2.903 Executing VM operation: HandshakeAllThreads
Event: 2.903 Executing VM operation: HandshakeAllThreads done
Event: 2.909 Executing VM operation: HandshakeAllThreads
Event: 2.909 Executing VM operation: HandshakeAllThreads done
Event: 3.916 Executing VM operation: Cleanup
Event: 3.916 Executing VM operation: Cleanup done
Event: 4.925 Executing VM operation: Cleanup
Event: 4.925 Executing VM operation: Cleanup done
Event: 5.940 Executing VM operation: Cleanup
Event: 5.940 Executing VM operation: Cleanup done
Event: 6.400 Executing VM operation: ParallelGCFailedAllocation
Event: 6.404 Executing VM operation: ParallelGCFailedAllocation done

Events (20 events):
Event: 2.901 loading class java/util/stream/FindOps$FindSink$OfInt done
Event: 2.901 loading class java/util/OptionalInt
Event: 2.901 loading class java/util/OptionalInt done
Event: 2.902 loading class java/util/stream/IntPipeline$10$1
Event: 2.902 loading class java/util/stream/Sink$ChainedInt
Event: 2.902 loading class java/util/stream/Sink$ChainedInt done
Event: 2.902 loading class java/util/stream/IntPipeline$10$1 done
Event: 2.902 loading class java/lang/StringUTF16$CharsSpliterator
Event: 2.902 loading class java/lang/StringUTF16$CharsSpliterator done
Event: 2.902 loading class java/lang/CharacterData00
Event: 2.902 loading class java/lang/CharacterData00 done
Event: 2.903 loading class java/time/LocalTime$1
Event: 2.903 loading class java/time/LocalTime$1 done
Event: 2.903 loading class java/util/Formattable
Event: 2.903 loading class java/util/Formattable done
Event: 2.913 Thread 0x00000214a22aa560 Thread added: 0x00000214a22aa560
Event: 3.145 Thread 0x00000214a22aa560 Thread exited: 0x00000214a22aa560
Event: 3.437 Thread 0x00000214a19a1060 Thread exited: 0x00000214a19a1060
Event: 3.437 Thread 0x00000214a22acfe0 Thread exited: 0x00000214a22acfe0
Event: 4.150 Thread 0x00000214a2697ce0 Thread added: 0x00000214a2697ce0


Dynamic libraries:
0x00007ff729cd0000 - 0x00007ff729cde000 	c:\Users\Cassel Robson\.vscode\extensions\redhat.java-1.32.0-win32-x64\jre\17.0.11-win32-x86_64\bin\java.exe
0x00007ffee1af0000 - 0x00007ffee1d07000 	C:\WINDOWS\SYSTEM32\ntdll.dll
0x00007ffee0c50000 - 0x00007ffee0d14000 	C:\WINDOWS\System32\KERNEL32.DLL
0x00007ffedf240000 - 0x00007ffedf5ed000 	C:\WINDOWS\System32\KERNELBASE.dll
0x00007ffedf710000 - 0x00007ffedf821000 	C:\WINDOWS\System32\ucrtbase.dll
0x00007ffecc4e0000 - 0x00007ffecc4f7000 	c:\Users\Cassel Robson\.vscode\extensions\redhat.java-1.32.0-win32-x64\jre\17.0.11-win32-x86_64\bin\jli.dll
0x00007ffecc4c0000 - 0x00007ffecc4db000 	c:\Users\Cassel Robson\.vscode\extensions\redhat.java-1.32.0-win32-x64\jre\17.0.11-win32-x86_64\bin\VCRUNTIME140.dll
0x00007ffee10f0000 - 0x00007ffee129e000 	C:\WINDOWS\System32\USER32.dll
0x00007ffecdac0000 - 0x00007ffecdd53000 	C:\WINDOWS\WinSxS\amd64_microsoft.windows.common-controls_6595b64144ccf1df_6.0.22621.3672_none_2713b9d173822955\COMCTL32.dll
0x00007ffedf0a0000 - 0x00007ffedf0c6000 	C:\WINDOWS\System32\win32u.dll
0x00007ffee1960000 - 0x00007ffee1989000 	C:\WINDOWS\System32\GDI32.dll
0x00007ffee0100000 - 0x00007ffee01a7000 	C:\WINDOWS\System32\msvcrt.dll
0x00007ffedf5f0000 - 0x00007ffedf709000 	C:\WINDOWS\System32\gdi32full.dll
0x00007ffedefd0000 - 0x00007ffedf06a000 	C:\WINDOWS\System32\msvcp_win.dll
0x00007ffee0f80000 - 0x00007ffee0fb1000 	C:\WINDOWS\System32\IMM32.DLL
0x00007ffed6f60000 - 0x00007ffed6f6c000 	c:\Users\Cassel Robson\.vscode\extensions\redhat.java-1.32.0-win32-x64\jre\17.0.11-win32-x86_64\bin\vcruntime140_1.dll
0x00007ffe964d0000 - 0x00007ffe9655d000 	c:\Users\Cassel Robson\.vscode\extensions\redhat.java-1.32.0-win32-x64\jre\17.0.11-win32-x86_64\bin\msvcp140.dll
0x00007ffe3f800000 - 0x00007ffe40462000 	c:\Users\Cassel Robson\.vscode\extensions\redhat.java-1.32.0-win32-x64\jre\17.0.11-win32-x86_64\bin\server\jvm.dll
0x00007ffee01c0000 - 0x00007ffee0272000 	C:\WINDOWS\System32\ADVAPI32.dll
0x00007ffee0d20000 - 0x00007ffee0dc9000 	C:\WINDOWS\System32\sechost.dll
0x00007ffedf070000 - 0x00007ffedf098000 	C:\WINDOWS\System32\bcrypt.dll
0x00007ffee0690000 - 0x00007ffee07a4000 	C:\WINDOWS\System32\RPCRT4.dll
0x00007ffeddc70000 - 0x00007ffeddcbd000 	C:\WINDOWS\SYSTEM32\POWRPROF.dll
0x00007ffea4690000 - 0x00007ffea4699000 	C:\WINDOWS\SYSTEM32\WSOCK32.dll
0x00007ffed4a00000 - 0x00007ffed4a34000 	C:\WINDOWS\SYSTEM32\WINMM.dll
0x00007ffee1070000 - 0x00007ffee10e1000 	C:\WINDOWS\System32\WS2_32.dll
0x00007ffed5dd0000 - 0x00007ffed5dda000 	C:\WINDOWS\SYSTEM32\VERSION.dll
0x00007ffeddc50000 - 0x00007ffeddc63000 	C:\WINDOWS\SYSTEM32\UMPDC.dll
0x00007ffeddf00000 - 0x00007ffeddf18000 	C:\WINDOWS\SYSTEM32\kernel.appcore.dll
0x00007ffed4430000 - 0x00007ffed443a000 	c:\Users\Cassel Robson\.vscode\extensions\redhat.java-1.32.0-win32-x64\jre\17.0.11-win32-x86_64\bin\jimage.dll
0x00007ffedc5d0000 - 0x00007ffedc802000 	C:\WINDOWS\SYSTEM32\DBGHELP.DLL
0x00007ffee08c0000 - 0x00007ffee0c48000 	C:\WINDOWS\System32\combase.dll
0x00007ffee1880000 - 0x00007ffee1957000 	C:\WINDOWS\System32\OLEAUT32.dll
0x00007ffea44d0000 - 0x00007ffea4502000 	C:\WINDOWS\SYSTEM32\dbgcore.DLL
0x00007ffedee20000 - 0x00007ffedee9b000 	C:\WINDOWS\System32\bcryptPrimitives.dll
0x00007ffed6f20000 - 0x00007ffed6f2e000 	c:\Users\Cassel Robson\.vscode\extensions\redhat.java-1.32.0-win32-x64\jre\17.0.11-win32-x86_64\bin\instrument.dll
0x00007ffecc500000 - 0x00007ffecc525000 	c:\Users\Cassel Robson\.vscode\extensions\redhat.java-1.32.0-win32-x64\jre\17.0.11-win32-x86_64\bin\java.dll
0x00007ffed6f00000 - 0x00007ffed6f18000 	c:\Users\Cassel Robson\.vscode\extensions\redhat.java-1.32.0-win32-x64\jre\17.0.11-win32-x86_64\bin\zip.dll
0x00007ffedf830000 - 0x00007ffee008f000 	C:\WINDOWS\System32\SHELL32.dll
0x00007ffedcd30000 - 0x00007ffedd62c000 	C:\WINDOWS\SYSTEM32\windows.storage.dll
0x00007ffedcbf0000 - 0x00007ffedcd2f000 	C:\WINDOWS\SYSTEM32\wintypes.dll
0x00007ffee07b0000 - 0x00007ffee08a4000 	C:\WINDOWS\System32\SHCORE.dll
0x00007ffee1820000 - 0x00007ffee187e000 	C:\WINDOWS\System32\shlwapi.dll
0x00007ffeded50000 - 0x00007ffeded71000 	C:\WINDOWS\SYSTEM32\profapi.dll
0x00007ffecc5f0000 - 0x00007ffecc609000 	C:\Users\Cassel Robson\.vscode\extensions\redhat.java-1.32.0-win32-x64\jre\17.0.11-win32-x86_64\bin\net.dll
0x00007ffed6ac0000 - 0x00007ffed6bf6000 	C:\WINDOWS\SYSTEM32\WINHTTP.dll
0x00007ffede360000 - 0x00007ffede3c9000 	C:\WINDOWS\system32\mswsock.dll
0x00007ffecc460000 - 0x00007ffecc476000 	C:\Users\Cassel Robson\.vscode\extensions\redhat.java-1.32.0-win32-x64\jre\17.0.11-win32-x86_64\bin\nio.dll
0x00007ffecc450000 - 0x00007ffecc460000 	c:\Users\Cassel Robson\.vscode\extensions\redhat.java-1.32.0-win32-x64\jre\17.0.11-win32-x86_64\bin\verify.dll
0x00007ffeac8f0000 - 0x00007ffeac934000 	C:\Users\Cassel Robson\AppData\Roaming\Code\User\globalStorage\redhat.java\1.32.0\config_win\org.eclipse.equinox.launcher\org.eclipse.equinox.launcher.win32.win32.x86_64_1.2.1100.v20240613-2013\eclipse_11903.dll
0x00007ffee0dd0000 - 0x00007ffee0f75000 	C:\WINDOWS\System32\ole32.dll

dbghelp: loaded successfully - version: 4.0.5 - missing functions: none
symbol engine: initialized successfully - sym options: 0x614 - pdb path: .;c:\Users\Cassel Robson\.vscode\extensions\redhat.java-1.32.0-win32-x64\jre\17.0.11-win32-x86_64\bin;C:\WINDOWS\SYSTEM32;C:\WINDOWS\WinSxS\amd64_microsoft.windows.common-controls_6595b64144ccf1df_6.0.22621.3672_none_2713b9d173822955;c:\Users\Cassel Robson\.vscode\extensions\redhat.java-1.32.0-win32-x64\jre\17.0.11-win32-x86_64\bin\server;C:\Users\Cassel Robson\AppData\Roaming\Code\User\globalStorage\redhat.java\1.32.0\config_win\org.eclipse.equinox.launcher\org.eclipse.equinox.launcher.win32.win32.x86_64_1.2.1100.v20240613-2013

VM Arguments:
jvm_args: --add-modules=ALL-SYSTEM --add-opens=java.base/java.util=ALL-UNNAMED --add-opens=java.base/java.lang=ALL-UNNAMED --add-opens=java.base/sun.nio.fs=ALL-UNNAMED -Declipse.application=org.eclipse.jdt.ls.core.id1 -Dosgi.bundles.defaultStartLevel=4 -Declipse.product=org.eclipse.jdt.ls.core.product -Djava.import.generatesMetadataFilesAtProjectRoot=false -DDetectVMInstallationsJob.disabled=true -Dfile.encoding=utf8 -XX:+UseParallelGC -XX:GCTimeRatio=4 -XX:AdaptiveSizePolicyWeight=90 -Dsun.zip.disableMemoryMapping=true -Xmx1G -Xms100m -Xlog:disable -javaagent:c:\Users\Cassel Robson\.vscode\extensions\redhat.java-1.32.0-win32-x64\lombok\lombok-1.18.33.jar -XX:+HeapDumpOnOutOfMemoryError -XX:HeapDumpPath=c:\Users\Cassel Robson\AppData\Roaming\Code\User\workspaceStorage\91d333ee4e4b4ecfdc62c85a850c3d8d\redhat.java -Daether.dependencyCollector.impl=bf 
java_command: c:\Users\Cassel Robson\.vscode\extensions\redhat.java-1.32.0-win32-x64\server\plugins\org.eclipse.equinox.launcher_1.6.900.v20240613-2009.jar -configuration c:\Users\Cassel Robson\AppData\Roaming\Code\User\globalStorage\redhat.java\1.32.0\config_win -data c:\Users\Cassel Robson\AppData\Roaming\Code\User\workspaceStorage\91d333ee4e4b4ecfdc62c85a850c3d8d\redhat.java\jdt_ws --pipe=\\.\pipe\lsp-09dd4091f456b484eb873d0edf9e4e65-sock
java_class_path (initial): c:\Users\Cassel Robson\.vscode\extensions\redhat.java-1.32.0-win32-x64\server\plugins\org.eclipse.equinox.launcher_1.6.900.v20240613-2009.jar
Launcher Type: SUN_STANDARD

[Global flags]
    uintx AdaptiveSizePolicyWeight                 = 90                                        {product} {command line}
     intx CICompilerCount                          = 12                                        {product} {ergonomic}
    uintx GCTimeRatio                              = 4                                         {product} {command line}
     bool HeapDumpOnOutOfMemoryError               = true                                   {manageable} {command line}
    ccstr HeapDumpPath                             = c:\Users\Cassel Robson\AppData\Roaming\Code\User\workspaceStorage\91d333ee4e4b4ecfdc62c85a850c3d8d\redhat.java         {manageable} {command line}
   size_t InitialHeapSize                          = 104857600                                 {product} {command line}
   size_t MaxHeapSize                              = 1073741824                                {product} {command line}
   size_t MaxNewSize                               = 357564416                                 {product} {ergonomic}
   size_t MinHeapDeltaBytes                        = 524288                                    {product} {ergonomic}
   size_t MinHeapSize                              = 104857600                                 {product} {command line}
   size_t NewSize                                  = 34603008                                  {product} {ergonomic}
    uintx NonNMethodCodeHeapSize                   = 7602480                                {pd product} {ergonomic}
    uintx NonProfiledCodeHeapSize                  = 122027880                              {pd product} {ergonomic}
   size_t OldSize                                  = 70254592                                  {product} {ergonomic}
    uintx ProfiledCodeHeapSize                     = 122027880                              {pd product} {ergonomic}
    uintx ReservedCodeCacheSize                    = 251658240                              {pd product} {ergonomic}
     bool SegmentedCodeCache                       = true                                      {product} {ergonomic}
   size_t SoftMaxHeapSize                          = 1073741824                             {manageable} {ergonomic}
     bool UseCompressedClassPointers               = true                           {product lp64_product} {ergonomic}
     bool UseCompressedOops                        = true                           {product lp64_product} {ergonomic}
     bool UseLargePagesIndividualAllocation        = false                                  {pd product} {ergonomic}
     bool UseParallelGC                            = true                                      {product} {command line}

Logging:
Log output configuration:
 #0: stdout all=off uptime,level,tags
 #1: stderr all=off uptime,level,tags

Environment Variables:
JAVA_HOME=C:\Program Files\Amazon Corretto\jdk21.0.1_12
PATH=C:\Program Files\Amazon Corretto\jdk21.0.1_12\bin;C:\MinGW\bin;"C:\MinGW\bin;C:\MinGW\msys\1.0\bin";C:\Program Files (x86)\Common Files\Oracle\Java\javapath;C:\Program Files (x86)\Intel\Intel(R) Management Engine Components\iCLS\;C:\Program Files\Intel\Intel(R) Management Engine Components\iCLS\;C:\Windows\system32;C:\Windows;C:\Windows\System32\Wbem;C:\Windows\System32\WindowsPowerShell\v1.0\;C:\Program Files (x86)\NVIDIA Corporation\PhysX\Common;C:\Program Files (x86)\Intel\Intel(R) Management Engine Components\DAL;C:\Program Files\Intel\Intel(R) Management Engine Components\DAL;C:\Program Files (x86)\Intel\Intel(R) Management Engine Components\IPT;C:\Program Files\Intel\Intel(R) Management Engine Components\IPT;C:\Program Files\Intel\WiFi\bin\;C:\Program Files\Common Files\Intel\WirelessCommon\;C:\WINDOWS\system32;C:\WINDOWS;C:\WINDOWS\System32\Wbem;C:\WINDOWS\System32\WindowsPowerShell\v1.0\;C:\WINDOWS\System32\OpenSSH\;C:\Program Files (x86)\Common Files\Seagate\VirtualFile\;C:\Program Files (x86)\Common Files\Seagate\VirtualFile64\;C:\Program Files (x86)\Common Files\Seagate\SnapAPI\;C:\Program Files\NVIDIA Corporation\NVIDIA NvDLISR;C:\WINDOWS\system32;C:\WINDOWS;C:\WINDOWS\System32\Wbem;C:\WINDOWS\System32\WindowsPowerShell\v1.0\;C:\WINDOWS\System32\OpenSSH\;C:\Program Files\dotnet\;C:\cygwin64\bin;C:\Program Files\Git\cmd;C:\Program Files\wooting-analog-sdk\;C:\Program Files\Docker\Docker\resources\bin;C:\Program Files\MySQL\MySQL Shell 8.0\bin\;C:\Program Files (x86)\Common Files\Oracle\Java\javapath;C:\Program Files (x86)\Intel\Intel(R) Management Engine Components\iCLS\;C:\Program Files\Intel\Intel(R) Management Engine Components\iCLS\;C:\Windows\system32;C:\Windows;C:\Windows\System32\Wbem;C:\Windows\System32\WindowsPowerShell\v1.0\;C:\Program Files (x86)\NVIDIA Corporation\PhysX\Common;C:\Program Files (x86)\Intel\Intel(R) Management Engine Components\DAL;C:\Program Files\Intel\Intel(R) Management Engine Components\DAL;C:\Program Files (x86)\Intel\In
USERNAME=Cassel Robson
OS=Windows_NT
PROCESSOR_IDENTIFIER=Intel64 Family 6 Model 151 Stepping 2, GenuineIntel
TMP=C:\Users\CASSEL~1\AppData\Local\Temp
TEMP=C:\Users\CASSEL~1\AppData\Local\Temp



Periodic native trim disabled


---------------  S Y S T E M  ---------------

OS:
 Windows 11 , 64 bit Build 22621 (10.0.22621.3672)
OS uptime: 1 days 15:47 hours
Hyper-V role detected

CPU: total 20 (initial active 20) (10 cores per cpu, 2 threads per core) family 6 model 151 stepping 2 microcode 0x26, cx8, cmov, fxsr, ht, mmx, 3dnowpref, sse, sse2, sse3, ssse3, sse4.1, sse4.2, popcnt, lzcnt, tsc, tscinvbit, avx, avx2, aes, erms, clmul, bmi1, bmi2, adx, sha, fma, vzeroupper, clflush, clflushopt, clwb, hv
Processor Information for all 20 processors :
  Max Mhz: 3600, Current Mhz: 3600, Mhz Limit: 3600

Memory: 4k page, system-wide physical 32508M (17699M free)
TotalPageFile size 44482M (AvailPageFile size 4M)
current process WorkingSet (physical memory assigned to process): 103M, peak: 103M
current process commit charge ("private bytes"): 236M, peak: 237M

vm_info: OpenJDK 64-Bit Server VM (17.0.11+9) for windows-amd64 JRE (17.0.11+9), built on Apr 17 2024 06:07:48 by "admin" with MS VC++ 16.10 / 16.11 (VS2019)

END.
