#
# There is insufficient memory for the Java Runtime Environment to continue.
# Native memory allocation (malloc) failed to allocate 1704176 bytes. Error detail: Chunk::new
# Possible reasons:
#   The system is out of physical RAM or swap space
#   This process is running with CompressedOops enabled, and the Java Heap may be blocking the growth of the native heap
# Possible solutions:
#   Reduce memory load on the system
#   Increase physical memory or swap space
#   Check if swap backing store is full
#   Decrease Java heap size (-Xmx/-Xms)
#   Decrease number of Java threads
#   Decrease Java thread stack sizes (-Xss)
#   Set larger code cache with -XX:ReservedCodeCacheSize=
#   JVM is running with Unscaled Compressed Oops mode in which the Java heap is
#     placed in the first 4GB address space. The Java Heap base address is the
#     maximum limit for the native heap growth. Please use -XX:HeapBaseMinAddress
#     to set the Java Heap base and to place the Java Heap above 4GB virtual address.
# This output file may be truncated or incomplete.
#
#  Out of Memory Error (arena.cpp:191), pid=4196, tid=36152
#
# JRE version: OpenJDK Runtime Environment Temurin-17.0.11+9 (17.0.11+9) (build 17.0.11+9)
# Java VM: OpenJDK 64-Bit Server VM Temurin-17.0.11+9 (17.0.11+9, mixed mode, tiered, compressed oops, compressed class ptrs, parallel gc, windows-amd64)
# No core dump will be written. Minidumps are not enabled by default on client versions of Windows
#

---------------  S U M M A R Y ------------

Command Line: --add-modules=ALL-SYSTEM --add-opens=java.base/java.util=ALL-UNNAMED --add-opens=java.base/java.lang=ALL-UNNAMED --add-opens=java.base/sun.nio.fs=ALL-UNNAMED -Declipse.application=org.eclipse.jdt.ls.core.id1 -Dosgi.bundles.defaultStartLevel=4 -Declipse.product=org.eclipse.jdt.ls.core.product -Djava.import.generatesMetadataFilesAtProjectRoot=false -DDetectVMInstallationsJob.disabled=true -Dfile.encoding=utf8 -XX:+UseParallelGC -XX:GCTimeRatio=4 -XX:AdaptiveSizePolicyWeight=90 -Dsun.zip.disableMemoryMapping=true -Xmx1G -Xms100m -Xlog:disable -javaagent:c:\Users\Cassel Robson\.vscode\extensions\redhat.java-1.32.0-win32-x64\lombok\lombok-1.18.33.jar c:\Users\Cassel Robson\.vscode\extensions\redhat.java-1.32.0-win32-x64\server\plugins\org.eclipse.equinox.launcher_1.6.900.v20240613-2009.jar -configuration c:\Users\Cassel Robson\AppData\Roaming\Code\User\globalStorage\redhat.java\1.32.0\config_ss_win -data c:\Users\Cassel Robson\AppData\Roaming\Code\User\workspaceStorage\91d333ee4e4b4ecfdc62c85a850c3d8d\redhat.java\ss_ws --pipe=\\.\pipe\lsp-8b49042144a97b273ece6321b4f67bcb-sock

Host: 12th Gen Intel(R) Core(TM) i7-12700K, 20 cores, 31G,  Windows 11 , 64 bit Build 22621 (10.0.22621.3672)
Time: Thu Jul 25 14:44:18 2024 Eastern Daylight Time elapsed time: 4.298575 seconds (0d 0h 0m 4s)

---------------  T H R E A D  ---------------

Current thread (0x000001887333b830):  JavaThread "C2 CompilerThread3" daemon [_thread_in_native, id=36152, stack(0x0000003f71c00000,0x0000003f71d00000)]


Current CompileTask:
C2:   4298 4342   !   4       org.eclipse.osgi.internal.loader.classpath.ClasspathManager::findLocalClass (210 bytes)

Stack: [0x0000003f71c00000,0x0000003f71d00000]
Native frames: (J=compiled Java code, j=interpreted, Vv=VM code, C=native code)
V  [jvm.dll+0x67d429]
V  [jvm.dll+0x834b7a]
V  [jvm.dll+0x83663e]
V  [jvm.dll+0x836ca3]
V  [jvm.dll+0x247dbf]
V  [jvm.dll+0xac534]
V  [jvm.dll+0xacb7c]
V  [jvm.dll+0x3665f2]
V  [jvm.dll+0x330bba]
V  [jvm.dll+0x33005a]
V  [jvm.dll+0x21a471]
V  [jvm.dll+0x2198b1]
V  [jvm.dll+0x1a534d]
V  [jvm.dll+0x2295cd]
V  [jvm.dll+0x22779c]
V  [jvm.dll+0x7e9d07]
V  [jvm.dll+0x7e410a]
V  [jvm.dll+0x67c315]
C  [ucrtbase.dll+0x29333]
C  [KERNEL32.DLL+0x1257d]
C  [ntdll.dll+0x5af28]


---------------  P R O C E S S  ---------------

Threads class SMR info:
_java_thread_list=0x0000018874d6dab0, length=57, elements={
0x0000018856e02bb0, 0x000001886ac8e020, 0x000001886fe06920, 0x0000018856eabec0,
0x0000018856eaea60, 0x000001886fe30e60, 0x000001886fe332e0, 0x000001886fe35f80,
0x000001886fe3c5f0, 0x000001886fe3d6e0, 0x000001886fea9180, 0x0000018872608e40,
0x0000018872deebd0, 0x0000018872582bb0, 0x0000018872dee1b0, 0x0000018872def5f0,
0x0000018872dedca0, 0x0000018872ede340, 0x0000018872dee6c0, 0x0000018872def0e0,
0x0000018873122e10, 0x0000018873126ad0, 0x00000188732f4bf0, 0x000001887333b830,
0x0000018873776220, 0x0000018873836c80, 0x0000018873125180, 0x0000018873129d70,
0x0000018873123320, 0x0000018873126fe0, 0x0000018873128420, 0x0000018873123d40,
0x0000018873124c70, 0x0000018873125690, 0x00000188731274f0, 0x000001887312a280,
0x0000018873127a00, 0x000001887312a790, 0x0000018873125ba0, 0x0000018873128e40,
0x0000018873123830, 0x0000018873127f10, 0x0000018873124250, 0x00000188731260b0,
0x00000188731265c0, 0x0000018873128930, 0x0000018873129350, 0x0000018873129860,
0x0000018874615560, 0x00000188746131f0, 0x0000018874613700, 0x0000018874611db0,
0x0000018874615a70, 0x0000018874a5f2b0, 0x00000188747b6880, 0x0000018874bce010,
0x0000018874af9f50
}

Java Threads: ( => current thread )
  0x0000018856e02bb0 JavaThread "main" [_thread_blocked, id=38892, stack(0x0000003f6f800000,0x0000003f6f900000)]
  0x000001886ac8e020 JavaThread "Reference Handler" daemon [_thread_blocked, id=26184, stack(0x0000003f6fb00000,0x0000003f6fc00000)]
  0x000001886fe06920 JavaThread "Finalizer" daemon [_thread_blocked, id=37868, stack(0x0000003f6fc00000,0x0000003f6fd00000)]
  0x0000018856eabec0 JavaThread "Signal Dispatcher" daemon [_thread_blocked, id=40060, stack(0x0000003f6fd00000,0x0000003f6fe00000)]
  0x0000018856eaea60 JavaThread "Attach Listener" daemon [_thread_blocked, id=4344, stack(0x0000003f6fe00000,0x0000003f6ff00000)]
  0x000001886fe30e60 JavaThread "Service Thread" daemon [_thread_blocked, id=39160, stack(0x0000003f6ff00000,0x0000003f70000000)]
  0x000001886fe332e0 JavaThread "Monitor Deflation Thread" daemon [_thread_blocked, id=15004, stack(0x0000003f70000000,0x0000003f70100000)]
  0x000001886fe35f80 JavaThread "C2 CompilerThread0" daemon [_thread_blocked, id=38492, stack(0x0000003f70100000,0x0000003f70200000)]
  0x000001886fe3c5f0 JavaThread "C1 CompilerThread0" daemon [_thread_blocked, id=42556, stack(0x0000003f70200000,0x0000003f70300000)]
  0x000001886fe3d6e0 JavaThread "Sweeper thread" daemon [_thread_blocked, id=1400, stack(0x0000003f70300000,0x0000003f70400000)]
  0x000001886fea9180 JavaThread "Common-Cleaner" daemon [_thread_blocked, id=32856, stack(0x0000003f70400000,0x0000003f70500000)]
  0x0000018872608e40 JavaThread "Notification Thread" daemon [_thread_blocked, id=6780, stack(0x0000003f70a00000,0x0000003f70b00000)]
  0x0000018872deebd0 JavaThread "Active Thread: Equinox Container: 041e592b-4079-4839-a290-e89b9935fef5" [_thread_blocked, id=31516, stack(0x0000003f71100000,0x0000003f71200000)]
  0x0000018872582bb0 JavaThread "C2 CompilerThread1" daemon [_thread_blocked, id=7316, stack(0x0000003f70500000,0x0000003f70600000)]
  0x0000018872dee1b0 JavaThread "Framework Event Dispatcher: Equinox Container: 041e592b-4079-4839-a290-e89b9935fef5" daemon [_thread_blocked, id=7996, stack(0x0000003f70600000,0x0000003f70700000)]
  0x0000018872def5f0 JavaThread "Start Level: Equinox Container: 041e592b-4079-4839-a290-e89b9935fef5" daemon [_thread_blocked, id=37848, stack(0x0000003f70700000,0x0000003f70800000)]
  0x0000018872dedca0 JavaThread "SCR Component Actor" daemon [_thread_blocked, id=41612, stack(0x0000003f70800000,0x0000003f70900000)]
  0x0000018872ede340 JavaThread "C1 CompilerThread1" daemon [_thread_blocked, id=39240, stack(0x0000003f71300000,0x0000003f71400000)]
  0x0000018872dee6c0 JavaThread "SCR Component Registry" daemon [_thread_blocked, id=18084, stack(0x0000003f71400000,0x0000003f71500000)]
  0x0000018872def0e0 JavaThread "Worker-JM" [_thread_blocked, id=39468, stack(0x0000003f71500000,0x0000003f71600000)]
  0x0000018873122e10 JavaThread "Worker-0" [_thread_blocked, id=40288, stack(0x0000003f71800000,0x0000003f71900000)]
  0x0000018873126ad0 JavaThread "Worker-1" [_thread_blocked, id=36832, stack(0x0000003f71a00000,0x0000003f71b00000)]
  0x00000188732f4bf0 JavaThread "C2 CompilerThread2" daemon [_thread_blocked, id=10020, stack(0x0000003f71b00000,0x0000003f71c00000)]
=>0x000001887333b830 JavaThread "C2 CompilerThread3" daemon [_thread_in_native, id=36152, stack(0x0000003f71c00000,0x0000003f71d00000)]
  0x0000018873776220 JavaThread "C1 CompilerThread2" daemon [_thread_blocked, id=36276, stack(0x0000003f71f00000,0x0000003f72000000)]
  0x0000018873836c80 JavaThread "C1 CompilerThread3" daemon [_thread_blocked, id=34468, stack(0x0000003f72200000,0x0000003f72300000)]
  0x0000018873125180 JavaThread "JNA Cleaner" daemon [_thread_blocked, id=13088, stack(0x0000003f72300000,0x0000003f72400000)]
  0x0000018873129d70 JavaThread "Thread-2" daemon [_thread_in_native, id=32392, stack(0x0000003f72400000,0x0000003f72500000)]
  0x0000018873123320 JavaThread "Thread-3" daemon [_thread_in_native, id=32928, stack(0x0000003f72500000,0x0000003f72600000)]
  0x0000018873126fe0 JavaThread "Thread-4" daemon [_thread_in_native, id=7224, stack(0x0000003f72600000,0x0000003f72700000)]
  0x0000018873128420 JavaThread "Thread-5" daemon [_thread_in_native, id=14512, stack(0x0000003f72700000,0x0000003f72800000)]
  0x0000018873123d40 JavaThread "Thread-6" daemon [_thread_in_native, id=11872, stack(0x0000003f72800000,0x0000003f72900000)]
  0x0000018873124c70 JavaThread "Thread-7" daemon [_thread_in_native, id=27300, stack(0x0000003f72900000,0x0000003f72a00000)]
  0x0000018873125690 JavaThread "Thread-8" daemon [_thread_in_native, id=38488, stack(0x0000003f72a00000,0x0000003f72b00000)]
  0x00000188731274f0 JavaThread "Thread-9" daemon [_thread_in_native, id=39444, stack(0x0000003f72b00000,0x0000003f72c00000)]
  0x000001887312a280 JavaThread "Thread-10" daemon [_thread_in_native, id=24240, stack(0x0000003f72c00000,0x0000003f72d00000)]
  0x0000018873127a00 JavaThread "Thread-11" daemon [_thread_in_native, id=38880, stack(0x0000003f72d00000,0x0000003f72e00000)]
  0x000001887312a790 JavaThread "Thread-12" daemon [_thread_in_native, id=32452, stack(0x0000003f72e00000,0x0000003f72f00000)]
  0x0000018873125ba0 JavaThread "Thread-13" daemon [_thread_in_native, id=34876, stack(0x0000003f72f00000,0x0000003f73000000)]
  0x0000018873128e40 JavaThread "Thread-14" daemon [_thread_in_native, id=36328, stack(0x0000003f73000000,0x0000003f73100000)]
  0x0000018873123830 JavaThread "Thread-15" daemon [_thread_in_native, id=40776, stack(0x0000003f73100000,0x0000003f73200000)]
  0x0000018873127f10 JavaThread "Thread-16" daemon [_thread_in_native, id=41912, stack(0x0000003f73200000,0x0000003f73300000)]
  0x0000018873124250 JavaThread "Thread-17" daemon [_thread_in_native, id=36128, stack(0x0000003f73300000,0x0000003f73400000)]
  0x00000188731260b0 JavaThread "Thread-18" daemon [_thread_in_native, id=42568, stack(0x0000003f73400000,0x0000003f73500000)]
  0x00000188731265c0 JavaThread "Thread-19" daemon [_thread_in_native, id=40788, stack(0x0000003f73500000,0x0000003f73600000)]
  0x0000018873128930 JavaThread "Thread-20" daemon [_thread_in_native, id=40196, stack(0x0000003f73600000,0x0000003f73700000)]
  0x0000018873129350 JavaThread "Thread-21" daemon [_thread_in_native, id=41720, stack(0x0000003f73700000,0x0000003f73800000)]
  0x0000018873129860 JavaThread "Thread-22" daemon [_thread_in_native, id=42488, stack(0x0000003f73800000,0x0000003f73900000)]
  0x0000018874615560 JavaThread "pool-2-thread-1" [_thread_blocked, id=28556, stack(0x0000003f73900000,0x0000003f73a00000)]
  0x00000188746131f0 JavaThread "WorkspaceEventsHandler" [_thread_blocked, id=35884, stack(0x0000003f73a00000,0x0000003f73b00000)]
  0x0000018874613700 JavaThread "pool-1-thread-1" [_thread_blocked, id=776, stack(0x0000003f73b00000,0x0000003f73c00000)]
  0x0000018874611db0 JavaThread "ForkJoinPool.commonPool-worker-1" daemon [_thread_blocked, id=41020, stack(0x0000003f73c00000,0x0000003f73d00000)]
  0x0000018874615a70 JavaThread "ForkJoinPool.commonPool-worker-2" daemon [_thread_in_native, id=27536, stack(0x0000003f73d00000,0x0000003f73e00000)]
  0x0000018874a5f2b0 JavaThread "C2 CompilerThread4" daemon [_thread_blocked, id=34008, stack(0x0000003f73e00000,0x0000003f73f00000)]
  0x00000188747b6880 JavaThread "C2 CompilerThread5" daemon [_thread_blocked, id=33948, stack(0x0000003f73f00000,0x0000003f74000000)]
  0x0000018874bce010 JavaThread "C2 CompilerThread6" daemon [_thread_blocked, id=38620, stack(0x0000003f74000000,0x0000003f74100000)]
  0x0000018874af9f50 JavaThread "C2 CompilerThread7" daemon [_thread_blocked, id=41064, stack(0x0000003f74100000,0x0000003f74200000)]

Other Threads:
  0x000001886ac79f40 VMThread "VM Thread" [stack: 0x0000003f6fa00000,0x0000003f6fb00000] [id=30992]
  0x0000018872609320 WatcherThread [stack: 0x0000003f70b00000,0x0000003f70c00000] [id=29284]
  0x0000018856e17f90 GCTaskThread "GC Thread#0" [stack: 0x0000003f6f900000,0x0000003f6fa00000] [id=41828]
  0x0000018872c66380 GCTaskThread "GC Thread#1" [stack: 0x0000003f70c00000,0x0000003f70d00000] [id=32308]
  0x0000018872c66a50 GCTaskThread "GC Thread#2" [stack: 0x0000003f70d00000,0x0000003f70e00000] [id=6908]
  0x0000018872b72660 GCTaskThread "GC Thread#3" [stack: 0x0000003f70e00000,0x0000003f70f00000] [id=35352]
  0x0000018872b72920 GCTaskThread "GC Thread#4" [stack: 0x0000003f70f00000,0x0000003f71000000] [id=38248]
  0x0000018872b72ff0 GCTaskThread "GC Thread#5" [stack: 0x0000003f71000000,0x0000003f71100000] [id=41740]
  0x0000018854bcd230 GCTaskThread "GC Thread#6" [stack: 0x0000003f70900000,0x0000003f70a00000] [id=39876]
  0x0000018872ea54c0 GCTaskThread "GC Thread#7" [stack: 0x0000003f71200000,0x0000003f71300000] [id=34824]
  0x0000018873208160 GCTaskThread "GC Thread#8" [stack: 0x0000003f71600000,0x0000003f71700000] [id=42108]
  0x0000018873208420 GCTaskThread "GC Thread#9" [stack: 0x0000003f71700000,0x0000003f71800000] [id=29876]
  0x0000018873108d20 GCTaskThread "GC Thread#10" [stack: 0x0000003f71900000,0x0000003f71a00000] [id=36692]
  0x000001887333d5b0 GCTaskThread "GC Thread#11" [stack: 0x0000003f71d00000,0x0000003f71e00000] [id=35976]
  0x00000188734bfcc0 GCTaskThread "GC Thread#12" [stack: 0x0000003f71e00000,0x0000003f71f00000] [id=38172]
  0x0000018873b049f0 GCTaskThread "GC Thread#13" [stack: 0x0000003f72000000,0x0000003f72100000] [id=41052]
  0x0000018874b4ab80 GCTaskThread "GC Thread#14" [stack: 0x0000003f72100000,0x0000003f72200000] [id=41104]

Threads with active compile tasks:
C2 CompilerThread2     4308 4445       4       java.io.WinNTFileSystem::normalize (143 bytes)
C2 CompilerThread3     4308 4342   !   4       org.eclipse.osgi.internal.loader.classpath.ClasspathManager::findLocalClass (210 bytes)

VM state: not at safepoint (normal execution)

VM Mutex/Monitor currently owned by a thread: None

Heap address: 0x00000000c0000000, size: 1024 MB, Compressed Oops mode: 32-bit

CDS archive(s) not mapped
Compressed class space mapped at: 0x0000000100000000-0x0000000140000000, reserved size: 1073741824
Narrow klass base: 0x0000000000000000, Narrow klass shift: 3, Narrow klass range: 0x140000000

GC Precious Log:
 CPUs: 20 total, 20 available
 Memory: 32508M
 Large Page Support: Disabled
 NUMA Support: Disabled
 Compressed Oops: Enabled (32-bit)
 Alignments: Space 512K, Generation 512K, Heap 2M
 Heap Min Capacity: 100M
 Heap Initial Capacity: 100M
 Heap Max Capacity: 1G
 Pre-touch: Disabled
 Parallel Workers: 15

Heap:
 PSYoungGen      total 23040K, used 2014K [0x00000000eab00000, 0x00000000ec380000, 0x0000000100000000)
  eden space 22016K, 5% used [0x00000000eab00000,0x00000000eac19688,0x00000000ec080000)
  from space 1024K, 86% used [0x00000000ec080000,0x00000000ec15e1f8,0x00000000ec180000)
  to   space 1536K, 0% used [0x00000000ec200000,0x00000000ec200000,0x00000000ec380000)
 ParOldGen       total 68608K, used 20832K [0x00000000c0000000, 0x00000000c4300000, 0x00000000eab00000)
  object space 68608K, 30% used [0x00000000c0000000,0x00000000c1458180,0x00000000c4300000)
 Metaspace       used 41044K, committed 41792K, reserved 1114112K
  class space    used 4174K, committed 4480K, reserved 1048576K

Card table byte_map: [0x0000018856790000,0x00000188569a0000] _byte_map_base: 0x0000018856190000

Marking Bits: (ParMarkBitMap*) 0x00007ffe4039d820
 Begin Bits: [0x0000018868a90000, 0x0000018869a90000)
 End Bits:   [0x0000018869a90000, 0x000001886aa90000)

Polling page: 0x0000018854cd0000

Metaspace:

Usage:
  Non-class:     36.01 MB used.
      Class:      4.08 MB used.
       Both:     40.08 MB used.

Virtual space:
  Non-class space:       64.00 MB reserved,      36.44 MB ( 57%) committed,  1 nodes.
      Class space:        1.00 GB reserved,       4.38 MB ( <1%) committed,  1 nodes.
             Both:        1.06 GB reserved,      40.81 MB (  4%) committed. 

Chunk freelists:
   Non-Class:  11.34 MB
       Class:  11.64 MB
        Both:  22.98 MB

MaxMetaspaceSize: unlimited
CompressedClassSpaceSize: 1.00 GB
Initial GC threshold: 21.00 MB
Current GC threshold: 58.38 MB
CDS: off
MetaspaceReclaimPolicy: balanced
 - commit_granule_bytes: 65536.
 - commit_granule_words: 8192.
 - virtual_space_node_default_size: 8388608.
 - enlarge_chunks_in_place: 1.
 - new_chunks_are_fully_committed: 0.
 - uncommit_free_chunks: 1.
 - use_allocation_guard: 0.
 - handle_deallocations: 1.


Internal statistics:

num_allocs_failed_limit: 6.
num_arena_births: 386.
num_arena_deaths: 14.
num_vsnodes_births: 2.
num_vsnodes_deaths: 0.
num_space_committed: 653.
num_space_uncommitted: 0.
num_chunks_returned_to_freelist: 20.
num_chunks_taken_from_freelist: 1693.
num_chunk_merges: 5.
num_chunk_splits: 1089.
num_chunks_enlarged: 746.
num_inconsistent_stats: 0.

CodeHeap 'non-profiled nmethods': size=119168Kb used=2261Kb max_used=2261Kb free=116906Kb
 bounds [0x0000018861630000, 0x00000188618a0000, 0x0000018868a90000]
CodeHeap 'profiled nmethods': size=119104Kb used=9609Kb max_used=9609Kb free=109494Kb
 bounds [0x0000018859a90000, 0x000001885a400000, 0x0000018860ee0000]
CodeHeap 'non-nmethods': size=7488Kb used=2991Kb max_used=3065Kb free=4496Kb
 bounds [0x0000018860ee0000, 0x0000018861240000, 0x0000018861630000]
 total_blobs=5083 nmethods=4443 adapters=550
 compilation: enabled
              stopped_count=0, restarted_count=0
 full_count=0

Compilation events (20 events):
Event: 4.287 Thread 0x0000018873776220 4431   !   3       org.eclipse.osgi.internal.loader.classpath.ClasspathManager::findLocalResource (183 bytes)
Event: 4.287 Thread 0x000001886fe3c5f0 nmethod 4429 0x000001885a3e9510 code [0x000001885a3e96c0, 0x000001885a3e99d8]
Event: 4.287 Thread 0x0000018872ede340 nmethod 4430 0x000001885a3e9b10 code [0x000001885a3e9cc0, 0x000001885a3e9e28]
Event: 4.287 Thread 0x000001886fe3c5f0 4433       3       org.eclipse.osgi.internal.loader.classpath.ClasspathManager::findLocalResourceImpl (174 bytes)
Event: 4.288 Thread 0x0000018873836c80 nmethod 4432 0x000001885a3e9f10 code [0x000001885a3ea0e0, 0x000001885a3ea508]
Event: 4.288 Thread 0x0000018873776220 nmethod 4431 0x000001885a3ea710 code [0x000001885a3ea9c0, 0x000001885a3ebb38]
Event: 4.288 Thread 0x000001886fe3c5f0 nmethod 4433 0x000001885a3ec010 code [0x000001885a3ec260, 0x000001885a3ecdc8]
Event: 4.288 Thread 0x0000018873836c80 4434       3       sun.net.www.protocol.jar.Handler::openConnection (10 bytes)
Event: 4.288 Thread 0x0000018873776220 4435       3       sun.net.www.protocol.jar.JarURLConnection::<init> (44 bytes)
Event: 4.288 Thread 0x0000018872ede340 4436       3       java.net.JarURLConnection::<init> (11 bytes)
Event: 4.288 Thread 0x000001886fe3c5f0 4437       3       java.net.JarURLConnection::parseSpecs (134 bytes)
Event: 4.288 Thread 0x0000018873836c80 nmethod 4434 0x000001885a3ed210 code [0x000001885a3ed3c0, 0x000001885a3ed568]
Event: 4.288 Thread 0x0000018873836c80 4438       3       sun.net.www.protocol.jar.JarURLConnection::getInputStream (97 bytes)
Event: 4.288 Thread 0x0000018872ede340 nmethod 4436 0x000001885a3ed610 code [0x000001885a3ed7c0, 0x000001885a3ed938]
Event: 4.288 Thread 0x0000018873776220 nmethod 4435 0x000001885a3eda10 code [0x000001885a3edc00, 0x000001885a3ee158]
Event: 4.289 Thread 0x0000018873836c80 nmethod 4438 0x000001885a3ee390 code [0x000001885a3ee640, 0x000001885a3ef2a8]
Event: 4.289 Thread 0x000001886fe3c5f0 nmethod 4437 0x000001885a3ef710 code [0x000001885a3efa00, 0x000001885a3f0808]
Event: 4.296 Thread 0x000001886fe35f80 4439 %     4       java.net.URI::quote @ 24 (214 bytes)
Event: 4.297 Thread 0x000001886fe3c5f0 4440   !   3       sun.net.www.protocol.jar.JarURLConnection$JarURLInputStream::close (51 bytes)
Event: 4.297 Thread 0x000001886fe3c5f0 nmethod 4440 0x000001885a3f0d90 code [0x000001885a3f0fa0, 0x000001885a3f16a8]

GC Heap History (20 events):
Event: 3.372 GC heap before
{Heap before GC invocations=7 (full 1):
 PSYoungGen      total 26112K, used 26080K [0x00000000eab00000, 0x00000000ec880000, 0x0000000100000000)
  eden space 25088K, 100% used [0x00000000eab00000,0x00000000ec380000,0x00000000ec380000)
  from space 1024K, 96% used [0x00000000ec400000,0x00000000ec4f80a0,0x00000000ec500000)
  to   space 2560K, 0% used [0x00000000ec600000,0x00000000ec600000,0x00000000ec880000)
 ParOldGen       total 68608K, used 6684K [0x00000000c0000000, 0x00000000c4300000, 0x00000000eab00000)
  object space 68608K, 9% used [0x00000000c0000000,0x00000000c0687088,0x00000000c4300000)
 Metaspace       used 27360K, committed 27904K, reserved 1114112K
  class space    used 2636K, committed 2880K, reserved 1048576K
}
Event: 3.373 GC heap after
{Heap after GC invocations=7 (full 1):
 PSYoungGen      total 27136K, used 2534K [0x00000000eab00000, 0x00000000ec900000, 0x0000000100000000)
  eden space 24576K, 0% used [0x00000000eab00000,0x00000000eab00000,0x00000000ec300000)
  from space 2560K, 98% used [0x00000000ec600000,0x00000000ec879938,0x00000000ec880000)
  to   space 3072K, 0% used [0x00000000ec300000,0x00000000ec300000,0x00000000ec600000)
 ParOldGen       total 68608K, used 6883K [0x00000000c0000000, 0x00000000c4300000, 0x00000000eab00000)
  object space 68608K, 10% used [0x00000000c0000000,0x00000000c06b8c38,0x00000000c4300000)
 Metaspace       used 27360K, committed 27904K, reserved 1114112K
  class space    used 2636K, committed 2880K, reserved 1048576K
}
Event: 3.531 GC heap before
{Heap before GC invocations=8 (full 1):
 PSYoungGen      total 27136K, used 27110K [0x00000000eab00000, 0x00000000ec900000, 0x0000000100000000)
  eden space 24576K, 100% used [0x00000000eab00000,0x00000000ec300000,0x00000000ec300000)
  from space 2560K, 98% used [0x00000000ec600000,0x00000000ec879938,0x00000000ec880000)
  to   space 3072K, 0% used [0x00000000ec300000,0x00000000ec300000,0x00000000ec600000)
 ParOldGen       total 68608K, used 6883K [0x00000000c0000000, 0x00000000c4300000, 0x00000000eab00000)
  object space 68608K, 10% used [0x00000000c0000000,0x00000000c06b8c38,0x00000000c4300000)
 Metaspace       used 30426K, committed 30976K, reserved 1114112K
  class space    used 2932K, committed 3200K, reserved 1048576K
}
Event: 3.532 GC heap after
{Heap after GC invocations=8 (full 1):
 PSYoungGen      total 27136K, used 3060K [0x00000000eab00000, 0x00000000ecb80000, 0x0000000100000000)
  eden space 24064K, 0% used [0x00000000eab00000,0x00000000eab00000,0x00000000ec280000)
  from space 3072K, 99% used [0x00000000ec300000,0x00000000ec5fd278,0x00000000ec600000)
  to   space 4608K, 0% used [0x00000000ec700000,0x00000000ec700000,0x00000000ecb80000)
 ParOldGen       total 68608K, used 7872K [0x00000000c0000000, 0x00000000c4300000, 0x00000000eab00000)
  object space 68608K, 11% used [0x00000000c0000000,0x00000000c07b0148,0x00000000c4300000)
 Metaspace       used 30426K, committed 30976K, reserved 1114112K
  class space    used 2932K, committed 3200K, reserved 1048576K
}
Event: 3.734 GC heap before
{Heap before GC invocations=9 (full 1):
 PSYoungGen      total 27136K, used 27124K [0x00000000eab00000, 0x00000000ecb80000, 0x0000000100000000)
  eden space 24064K, 100% used [0x00000000eab00000,0x00000000ec280000,0x00000000ec280000)
  from space 3072K, 99% used [0x00000000ec300000,0x00000000ec5fd278,0x00000000ec600000)
  to   space 4608K, 0% used [0x00000000ec700000,0x00000000ec700000,0x00000000ecb80000)
 ParOldGen       total 68608K, used 7872K [0x00000000c0000000, 0x00000000c4300000, 0x00000000eab00000)
  object space 68608K, 11% used [0x00000000c0000000,0x00000000c07b0148,0x00000000c4300000)
 Metaspace       used 34089K, committed 34752K, reserved 1114112K
  class space    used 3390K, committed 3712K, reserved 1048576K
}
Event: 3.736 GC heap after
{Heap after GC invocations=9 (full 1):
 PSYoungGen      total 28160K, used 4506K [0x00000000eab00000, 0x00000000ecc00000, 0x0000000100000000)
  eden space 23552K, 0% used [0x00000000eab00000,0x00000000eab00000,0x00000000ec200000)
  from space 4608K, 97% used [0x00000000ec700000,0x00000000ecb66970,0x00000000ecb80000)
  to   space 5120K, 0% used [0x00000000ec200000,0x00000000ec200000,0x00000000ec700000)
 ParOldGen       total 68608K, used 7880K [0x00000000c0000000, 0x00000000c4300000, 0x00000000eab00000)
  object space 68608K, 11% used [0x00000000c0000000,0x00000000c07b2148,0x00000000c4300000)
 Metaspace       used 34089K, committed 34752K, reserved 1114112K
  class space    used 3390K, committed 3712K, reserved 1048576K
}
Event: 3.782 GC heap before
{Heap before GC invocations=10 (full 1):
 PSYoungGen      total 28160K, used 11438K [0x00000000eab00000, 0x00000000ecc00000, 0x0000000100000000)
  eden space 23552K, 29% used [0x00000000eab00000,0x00000000eb1c5088,0x00000000ec200000)
  from space 4608K, 97% used [0x00000000ec700000,0x00000000ecb66970,0x00000000ecb80000)
  to   space 5120K, 0% used [0x00000000ec200000,0x00000000ec200000,0x00000000ec700000)
 ParOldGen       total 68608K, used 7880K [0x00000000c0000000, 0x00000000c4300000, 0x00000000eab00000)
  object space 68608K, 11% used [0x00000000c0000000,0x00000000c07b2148,0x00000000c4300000)
 Metaspace       used 35215K, committed 35840K, reserved 1114112K
  class space    used 3523K, committed 3840K, reserved 1048576K
}
Event: 3.784 GC heap after
{Heap after GC invocations=10 (full 1):
 PSYoungGen      total 27136K, used 3377K [0x00000000eab00000, 0x00000000eca00000, 0x0000000100000000)
  eden space 23552K, 0% used [0x00000000eab00000,0x00000000eab00000,0x00000000ec200000)
  from space 3584K, 94% used [0x00000000ec200000,0x00000000ec54c7a8,0x00000000ec580000)
  to   space 4096K, 0% used [0x00000000ec600000,0x00000000ec600000,0x00000000eca00000)
 ParOldGen       total 68608K, used 9586K [0x00000000c0000000, 0x00000000c4300000, 0x00000000eab00000)
  object space 68608K, 13% used [0x00000000c0000000,0x00000000c095cb18,0x00000000c4300000)
 Metaspace       used 35215K, committed 35840K, reserved 1114112K
  class space    used 3523K, committed 3840K, reserved 1048576K
}
Event: 3.784 GC heap before
{Heap before GC invocations=11 (full 2):
 PSYoungGen      total 27136K, used 3377K [0x00000000eab00000, 0x00000000eca00000, 0x0000000100000000)
  eden space 23552K, 0% used [0x00000000eab00000,0x00000000eab00000,0x00000000ec200000)
  from space 3584K, 94% used [0x00000000ec200000,0x00000000ec54c7a8,0x00000000ec580000)
  to   space 4096K, 0% used [0x00000000ec600000,0x00000000ec600000,0x00000000eca00000)
 ParOldGen       total 68608K, used 9586K [0x00000000c0000000, 0x00000000c4300000, 0x00000000eab00000)
  object space 68608K, 13% used [0x00000000c0000000,0x00000000c095cb18,0x00000000c4300000)
 Metaspace       used 35215K, committed 35840K, reserved 1114112K
  class space    used 3523K, committed 3840K, reserved 1048576K
}
Event: 3.792 GC heap after
{Heap after GC invocations=11 (full 2):
 PSYoungGen      total 27136K, used 0K [0x00000000eab00000, 0x00000000eca00000, 0x0000000100000000)
  eden space 23552K, 0% used [0x00000000eab00000,0x00000000eab00000,0x00000000ec200000)
  from space 3584K, 0% used [0x00000000ec200000,0x00000000ec200000,0x00000000ec580000)
  to   space 4096K, 0% used [0x00000000ec600000,0x00000000ec600000,0x00000000eca00000)
 ParOldGen       total 68608K, used 12560K [0x00000000c0000000, 0x00000000c4300000, 0x00000000eab00000)
  object space 68608K, 18% used [0x00000000c0000000,0x00000000c0c440a0,0x00000000c4300000)
 Metaspace       used 35215K, committed 35840K, reserved 1114112K
  class space    used 3523K, committed 3840K, reserved 1048576K
}
Event: 3.975 GC heap before
{Heap before GC invocations=12 (full 2):
 PSYoungGen      total 27136K, used 23552K [0x00000000eab00000, 0x00000000eca00000, 0x0000000100000000)
  eden space 23552K, 100% used [0x00000000eab00000,0x00000000ec200000,0x00000000ec200000)
  from space 3584K, 0% used [0x00000000ec200000,0x00000000ec200000,0x00000000ec580000)
  to   space 4096K, 0% used [0x00000000ec600000,0x00000000ec600000,0x00000000eca00000)
 ParOldGen       total 68608K, used 12560K [0x00000000c0000000, 0x00000000c4300000, 0x00000000eab00000)
  object space 68608K, 18% used [0x00000000c0000000,0x00000000c0c440a0,0x00000000c4300000)
 Metaspace       used 38010K, committed 38720K, reserved 1114112K
  class space    used 3834K, committed 4160K, reserved 1048576K
}
Event: 3.976 GC heap after
{Heap after GC invocations=12 (full 2):
 PSYoungGen      total 25088K, used 1936K [0x00000000eab00000, 0x00000000ec800000, 0x0000000100000000)
  eden space 23040K, 0% used [0x00000000eab00000,0x00000000eab00000,0x00000000ec180000)
  from space 2048K, 94% used [0x00000000ec600000,0x00000000ec7e4080,0x00000000ec800000)
  to   space 2560K, 0% used [0x00000000ec300000,0x00000000ec300000,0x00000000ec580000)
 ParOldGen       total 68608K, used 12568K [0x00000000c0000000, 0x00000000c4300000, 0x00000000eab00000)
  object space 68608K, 18% used [0x00000000c0000000,0x00000000c0c460a0,0x00000000c4300000)
 Metaspace       used 38010K, committed 38720K, reserved 1114112K
  class space    used 3834K, committed 4160K, reserved 1048576K
}
Event: 4.009 GC heap before
{Heap before GC invocations=13 (full 2):
 PSYoungGen      total 25088K, used 24976K [0x00000000eab00000, 0x00000000ec800000, 0x0000000100000000)
  eden space 23040K, 100% used [0x00000000eab00000,0x00000000ec180000,0x00000000ec180000)
  from space 2048K, 94% used [0x00000000ec600000,0x00000000ec7e4080,0x00000000ec800000)
  to   space 2560K, 0% used [0x00000000ec300000,0x00000000ec300000,0x00000000ec580000)
 ParOldGen       total 68608K, used 12568K [0x00000000c0000000, 0x00000000c4300000, 0x00000000eab00000)
  object space 68608K, 18% used [0x00000000c0000000,0x00000000c0c460a0,0x00000000c4300000)
 Metaspace       used 38093K, committed 38784K, reserved 1114112K
  class space    used 3842K, committed 4160K, reserved 1048576K
}
Event: 4.010 GC heap after
{Heap after GC invocations=13 (full 2):
 PSYoungGen      total 24576K, used 1984K [0x00000000eab00000, 0x00000000ec680000, 0x0000000100000000)
  eden space 22528K, 0% used [0x00000000eab00000,0x00000000eab00000,0x00000000ec100000)
  from space 2048K, 96% used [0x00000000ec300000,0x00000000ec4f0010,0x00000000ec500000)
  to   space 1536K, 0% used [0x00000000ec500000,0x00000000ec500000,0x00000000ec680000)
 ParOldGen       total 68608K, used 14300K [0x00000000c0000000, 0x00000000c4300000, 0x00000000eab00000)
  object space 68608K, 20% used [0x00000000c0000000,0x00000000c0df7168,0x00000000c4300000)
 Metaspace       used 38093K, committed 38784K, reserved 1114112K
  class space    used 3842K, committed 4160K, reserved 1048576K
}
Event: 4.044 GC heap before
{Heap before GC invocations=14 (full 2):
 PSYoungGen      total 24576K, used 24512K [0x00000000eab00000, 0x00000000ec680000, 0x0000000100000000)
  eden space 22528K, 100% used [0x00000000eab00000,0x00000000ec100000,0x00000000ec100000)
  from space 2048K, 96% used [0x00000000ec300000,0x00000000ec4f0010,0x00000000ec500000)
  to   space 1536K, 0% used [0x00000000ec500000,0x00000000ec500000,0x00000000ec680000)
 ParOldGen       total 68608K, used 14300K [0x00000000c0000000, 0x00000000c4300000, 0x00000000eab00000)
  object space 68608K, 20% used [0x00000000c0000000,0x00000000c0df7168,0x00000000c4300000)
 Metaspace       used 38187K, committed 38912K, reserved 1114112K
  class space    used 3851K, committed 4160K, reserved 1048576K
}
Event: 4.045 GC heap after
{Heap after GC invocations=14 (full 2):
 PSYoungGen      total 23552K, used 1504K [0x00000000eab00000, 0x00000000ec880000, 0x0000000100000000)
  eden space 22016K, 0% used [0x00000000eab00000,0x00000000eab00000,0x00000000ec080000)
  from space 1536K, 97% used [0x00000000ec500000,0x00000000ec678010,0x00000000ec680000)
  to   space 4096K, 0% used [0x00000000ec080000,0x00000000ec080000,0x00000000ec480000)
 ParOldGen       total 68608K, used 16236K [0x00000000c0000000, 0x00000000c4300000, 0x00000000eab00000)
  object space 68608K, 23% used [0x00000000c0000000,0x00000000c0fdb168,0x00000000c4300000)
 Metaspace       used 38187K, committed 38912K, reserved 1114112K
  class space    used 3851K, committed 4160K, reserved 1048576K
}
Event: 4.064 GC heap before
{Heap before GC invocations=15 (full 2):
 PSYoungGen      total 23552K, used 23520K [0x00000000eab00000, 0x00000000ec880000, 0x0000000100000000)
  eden space 22016K, 100% used [0x00000000eab00000,0x00000000ec080000,0x00000000ec080000)
  from space 1536K, 97% used [0x00000000ec500000,0x00000000ec678010,0x00000000ec680000)
  to   space 4096K, 0% used [0x00000000ec080000,0x00000000ec080000,0x00000000ec480000)
 ParOldGen       total 68608K, used 16236K [0x00000000c0000000, 0x00000000c4300000, 0x00000000eab00000)
  object space 68608K, 23% used [0x00000000c0000000,0x00000000c0fdb168,0x00000000c4300000)
 Metaspace       used 38262K, committed 38912K, reserved 1114112K
  class space    used 3851K, committed 4160K, reserved 1048576K
}
Event: 4.065 GC heap after
{Heap after GC invocations=15 (full 2):
 PSYoungGen      total 24064K, used 1792K [0x00000000eab00000, 0x00000000ec580000, 0x0000000100000000)
  eden space 22016K, 0% used [0x00000000eab00000,0x00000000eab00000,0x00000000ec080000)
  from space 2048K, 87% used [0x00000000ec080000,0x00000000ec240000,0x00000000ec280000)
  to   space 2560K, 0% used [0x00000000ec300000,0x00000000ec300000,0x00000000ec580000)
 ParOldGen       total 68608K, used 17740K [0x00000000c0000000, 0x00000000c4300000, 0x00000000eab00000)
  object space 68608K, 25% used [0x00000000c0000000,0x00000000c1153178,0x00000000c4300000)
 Metaspace       used 38262K, committed 38912K, reserved 1114112K
  class space    used 3851K, committed 4160K, reserved 1048576K
}
Event: 4.140 GC heap before
{Heap before GC invocations=16 (full 2):
 PSYoungGen      total 24064K, used 23800K [0x00000000eab00000, 0x00000000ec580000, 0x0000000100000000)
  eden space 22016K, 99% used [0x00000000eab00000,0x00000000ec07e2d0,0x00000000ec080000)
  from space 2048K, 87% used [0x00000000ec080000,0x00000000ec240000,0x00000000ec280000)
  to   space 2560K, 0% used [0x00000000ec300000,0x00000000ec300000,0x00000000ec580000)
 ParOldGen       total 68608K, used 17740K [0x00000000c0000000, 0x00000000c4300000, 0x00000000eab00000)
  object space 68608K, 25% used [0x00000000c0000000,0x00000000c1153178,0x00000000c4300000)
 Metaspace       used 38973K, committed 39744K, reserved 1114112K
  class space    used 3939K, committed 4288K, reserved 1048576K
}
Event: 4.141 GC heap after
{Heap after GC invocations=16 (full 2):
 PSYoungGen      total 24064K, used 1760K [0x00000000eab00000, 0x00000000ec500000, 0x0000000100000000)
  eden space 22016K, 0% used [0x00000000eab00000,0x00000000eab00000,0x00000000ec080000)
  from space 2048K, 85% used [0x00000000ec300000,0x00000000ec4b8010,0x00000000ec500000)
  to   space 2048K, 0% used [0x00000000ec080000,0x00000000ec080000,0x00000000ec280000)
 ParOldGen       total 68608K, used 19284K [0x00000000c0000000, 0x00000000c4300000, 0x00000000eab00000)
  object space 68608K, 28% used [0x00000000c0000000,0x00000000c12d5178,0x00000000c4300000)
 Metaspace       used 38973K, committed 39744K, reserved 1114112K
  class space    used 3939K, committed 4288K, reserved 1048576K
}

Dll operation events (10 events):
Event: 0.014 Loaded shared library c:\Users\Cassel Robson\.vscode\extensions\redhat.java-1.32.0-win32-x64\jre\17.0.11-win32-x86_64\bin\java.dll
Event: 0.076 Loaded shared library c:\Users\Cassel Robson\.vscode\extensions\redhat.java-1.32.0-win32-x64\jre\17.0.11-win32-x86_64\bin\zip.dll
Event: 0.078 Loaded shared library C:\Users\Cassel Robson\.vscode\extensions\redhat.java-1.32.0-win32-x64\jre\17.0.11-win32-x86_64\bin\instrument.dll
Event: 0.085 Loaded shared library C:\Users\Cassel Robson\.vscode\extensions\redhat.java-1.32.0-win32-x64\jre\17.0.11-win32-x86_64\bin\net.dll
Event: 0.086 Loaded shared library C:\Users\Cassel Robson\.vscode\extensions\redhat.java-1.32.0-win32-x64\jre\17.0.11-win32-x86_64\bin\nio.dll
Event: 0.089 Loaded shared library C:\Users\Cassel Robson\.vscode\extensions\redhat.java-1.32.0-win32-x64\jre\17.0.11-win32-x86_64\bin\zip.dll
Event: 0.097 Loaded shared library C:\Users\Cassel Robson\.vscode\extensions\redhat.java-1.32.0-win32-x64\jre\17.0.11-win32-x86_64\bin\jimage.dll
Event: 0.136 Loaded shared library c:\Users\Cassel Robson\.vscode\extensions\redhat.java-1.32.0-win32-x64\jre\17.0.11-win32-x86_64\bin\verify.dll
Event: 2.847 Loaded shared library C:\Users\Cassel Robson\AppData\Roaming\Code\User\globalStorage\redhat.java\1.32.0\config_ss_win\org.eclipse.equinox.launcher\org.eclipse.equinox.launcher.win32.win32.x86_64_1.2.1100.v20240613-2013\eclipse_11903.dll
Event: 3.624 Loaded shared library C:\Users\Cassel Robson\AppData\Local\Temp\jna-2001893832\jna11954548124234489390.dll

Deoptimization events (20 events):
Event: 4.115 Thread 0x0000018874615a70 DEOPT PACKING pc=0x0000018859fc91ef sp=0x0000003f73dfdd70
Event: 4.115 Thread 0x0000018874615a70 DEOPT UNPACKING pc=0x0000018860f36e43 sp=0x0000003f73dfd280 mode 0
Event: 4.117 Thread 0x0000018874611db0 DEOPT PACKING pc=0x0000018859fc91ce sp=0x0000003f73cfdc80
Event: 4.117 Thread 0x0000018874611db0 DEOPT UNPACKING pc=0x0000018860f36e43 sp=0x0000003f73cfd190 mode 0
Event: 4.173 Thread 0x0000018874615a70 DEOPT PACKING pc=0x0000018859fc91ce sp=0x0000003f73dfdae0
Event: 4.173 Thread 0x0000018874615a70 DEOPT UNPACKING pc=0x0000018860f36e43 sp=0x0000003f73dfcff0 mode 0
Event: 4.232 Thread 0x0000018874615a70 DEOPT PACKING pc=0x0000018859b0d489 sp=0x0000003f73df95b0
Event: 4.232 Thread 0x0000018874615a70 DEOPT UNPACKING pc=0x0000018860f36e43 sp=0x0000003f73df8aa8 mode 0
Event: 4.251 Thread 0x0000018874615a70 DEOPT PACKING pc=0x0000018859fae8c5 sp=0x0000003f73df97e0
Event: 4.251 Thread 0x0000018874615a70 DEOPT UNPACKING pc=0x0000018860f36e43 sp=0x0000003f73df8c90 mode 0
Event: 4.258 Thread 0x0000018874615a70 DEOPT PACKING pc=0x0000018859fae841 sp=0x0000003f73dfc240
Event: 4.258 Thread 0x0000018874615a70 DEOPT UNPACKING pc=0x0000018860f36e43 sp=0x0000003f73dfb6f0 mode 0
Event: 4.263 Thread 0x0000018874615a70 DEOPT PACKING pc=0x0000018859fae8c5 sp=0x0000003f73dfbf30
Event: 4.263 Thread 0x0000018874615a70 DEOPT UNPACKING pc=0x0000018860f36e43 sp=0x0000003f73dfb3e0 mode 0
Event: 4.268 Thread 0x0000018874615a70 DEOPT PACKING pc=0x0000018859fae8c5 sp=0x0000003f73dfbf30
Event: 4.268 Thread 0x0000018874615a70 DEOPT UNPACKING pc=0x0000018860f36e43 sp=0x0000003f73dfb3e0 mode 0
Event: 4.271 Thread 0x0000018874615a70 DEOPT PACKING pc=0x0000018859fae8c5 sp=0x0000003f73dfbff0
Event: 4.271 Thread 0x0000018874615a70 DEOPT UNPACKING pc=0x0000018860f36e43 sp=0x0000003f73dfb4a0 mode 0
Event: 4.276 Thread 0x0000018874615a70 DEOPT PACKING pc=0x0000018859fae8c5 sp=0x0000003f73dfd030
Event: 4.276 Thread 0x0000018874615a70 DEOPT UNPACKING pc=0x0000018860f36e43 sp=0x0000003f73dfc4e0 mode 0

Classes unloaded (7 events):
Event: 3.184 Thread 0x000001886ac79f40 Unloading class 0x000000010021a400 'java/lang/invoke/LambdaForm$MH+0x000000010021a400'
Event: 3.184 Thread 0x000001886ac79f40 Unloading class 0x000000010021a000 'java/lang/invoke/LambdaForm$MH+0x000000010021a000'
Event: 3.184 Thread 0x000001886ac79f40 Unloading class 0x0000000100219c00 'java/lang/invoke/LambdaForm$MH+0x0000000100219c00'
Event: 3.184 Thread 0x000001886ac79f40 Unloading class 0x0000000100219800 'java/lang/invoke/LambdaForm$MH+0x0000000100219800'
Event: 3.184 Thread 0x000001886ac79f40 Unloading class 0x0000000100219400 'java/lang/invoke/LambdaForm$BMH+0x0000000100219400'
Event: 3.184 Thread 0x000001886ac79f40 Unloading class 0x0000000100219000 'java/lang/invoke/LambdaForm$DMH+0x0000000100219000'
Event: 3.184 Thread 0x000001886ac79f40 Unloading class 0x0000000100214400 'java/lang/invoke/LambdaForm$DMH+0x0000000100214400'

Classes redefined (0 events):
No events

Internal exceptions (20 events):
Event: 3.885 Thread 0x0000018874615a70 Exception <a 'sun/nio/fs/WindowsException'{0x00000000eb5328f8}> (0x00000000eb5328f8) 
thrown [s\src\hotspot\share\prims\jni.cpp, line 516]
Event: 3.885 Thread 0x0000018874615a70 Exception <a 'sun/nio/fs/WindowsException'{0x00000000eb533450}> (0x00000000eb533450) 
thrown [s\src\hotspot\share\prims\jni.cpp, line 516]
Event: 3.885 Thread 0x0000018874615a70 Exception <a 'sun/nio/fs/WindowsException'{0x00000000eb5348b0}> (0x00000000eb5348b0) 
thrown [s\src\hotspot\share\prims\jni.cpp, line 516]
Event: 3.885 Thread 0x0000018874615a70 Exception <a 'sun/nio/fs/WindowsException'{0x00000000eb535408}> (0x00000000eb535408) 
thrown [s\src\hotspot\share\prims\jni.cpp, line 516]
Event: 3.891 Thread 0x0000018874615a70 Exception <a 'sun/nio/fs/WindowsException'{0x00000000eb54b210}> (0x00000000eb54b210) 
thrown [s\src\hotspot\share\prims\jni.cpp, line 516]
Event: 3.891 Thread 0x0000018874615a70 Exception <a 'sun/nio/fs/WindowsException'{0x00000000eb54bd68}> (0x00000000eb54bd68) 
thrown [s\src\hotspot\share\prims\jni.cpp, line 516]
Event: 3.891 Thread 0x0000018874615a70 Exception <a 'sun/nio/fs/WindowsException'{0x00000000eb55ed78}> (0x00000000eb55ed78) 
thrown [s\src\hotspot\share\prims\jni.cpp, line 516]
Event: 3.892 Thread 0x0000018874615a70 Exception <a 'sun/nio/fs/WindowsException'{0x00000000eb55f8d0}> (0x00000000eb55f8d0) 
thrown [s\src\hotspot\share\prims\jni.cpp, line 516]
Event: 3.892 Thread 0x0000018874615a70 Exception <a 'sun/nio/fs/WindowsException'{0x00000000eb5612c0}> (0x00000000eb5612c0) 
thrown [s\src\hotspot\share\prims\jni.cpp, line 516]
Event: 3.892 Thread 0x0000018874615a70 Exception <a 'sun/nio/fs/WindowsException'{0x00000000eb561c30}> (0x00000000eb561c30) 
thrown [s\src\hotspot\share\prims\jni.cpp, line 516]
Event: 3.892 Thread 0x0000018874615a70 Exception <a 'sun/nio/fs/WindowsException'{0x00000000eb5629f8}> (0x00000000eb5629f8) 
thrown [s\src\hotspot\share\prims\jni.cpp, line 516]
Event: 3.892 Thread 0x0000018874615a70 Exception <a 'sun/nio/fs/WindowsException'{0x00000000eb563368}> (0x00000000eb563368) 
thrown [s\src\hotspot\share\prims\jni.cpp, line 516]
Event: 3.892 Thread 0x0000018874615a70 Exception <a 'sun/nio/fs/WindowsException'{0x00000000eb564400}> (0x00000000eb564400) 
thrown [s\src\hotspot\share\prims\jni.cpp, line 516]
Event: 3.892 Thread 0x0000018874615a70 Exception <a 'sun/nio/fs/WindowsException'{0x00000000eb564d70}> (0x00000000eb564d70) 
thrown [s\src\hotspot\share\prims\jni.cpp, line 516]
Event: 3.893 Thread 0x0000018874615a70 Exception <a 'sun/nio/fs/WindowsException'{0x00000000eb5668d8}> (0x00000000eb5668d8) 
thrown [s\src\hotspot\share\prims\jni.cpp, line 516]
Event: 3.893 Thread 0x0000018874615a70 Exception <a 'sun/nio/fs/WindowsException'{0x00000000eb567248}> (0x00000000eb567248) 
thrown [s\src\hotspot\share\prims\jni.cpp, line 516]
Event: 3.894 Thread 0x0000018874615a70 Exception <a 'java/lang/NoSuchMethodError'{0x00000000eb57b268}: 'void java.lang.invoke.DirectMethodHandle$Holder.invokeVirtual(java.lang.Object, java.lang.Object, java.lang.Object, java.lang.Object)'> (0x00000000eb57b268) 
thrown [s\src\hotspot\share\interpreter\linkResolver.cpp, line 759]
Event: 3.917 Thread 0x0000018874611db0 Exception <a 'java/lang/NoSuchMethodError'{0x00000000eb817e30}: 'java.lang.Object java.lang.invoke.Invokers$Holder.invoke_MT(java.lang.Object, java.lang.Object, java.lang.Object)'> (0x00000000eb817e30) 
thrown [s\src\hotspot\share\interpreter\linkResolver.cpp, line 759]
Event: 4.207 Thread 0x0000018874613700 Exception <a 'java/lang/LinkageError'{0x00000000eb1fa910}: loader lombok.launch.ShadowClassLoader @1819bc36 attempted duplicate class definition for lombok.launch.PatchFixesHider$Transform. (lombok.launch.PatchFixesHider$Transform is in unnamed module of loader lombok.launch.ShadowClassLoader @1819bc36, parent loader org.eclipse.osgi.internal.loader.EquinoxClassLoader @12e820dc)> (0x00000000eb1fa910) 
thrown [s\src\hotspot\share\classfile\systemDictionary.cpp, line 1723]
Event: 4.207 Thread 0x0000018874611db0 Exception <a 'java/lang/LinkageError'{0x00000000eb272980}: loader lombok.launch.ShadowClassLoader @1819bc36 attempted duplicate class definition for lombok.launch.PatchFixesHider$Transform. (lombok.launch.PatchFixesHider$Transform is in unnamed module of loader lombok.launch.ShadowClassLoader @1819bc36, parent loader org.eclipse.osgi.internal.loader.EquinoxClassLoader @12e820dc)> (0x00000000eb272980) 
thrown [s\src\hotspot\share\classfile\systemDictionary.cpp, line 1723]

VM Operations (20 events):
Event: 3.923 Executing VM operation: HandshakeAllThreads
Event: 3.923 Executing VM operation: HandshakeAllThreads done
Event: 3.923 Executing VM operation: HandshakeAllThreads
Event: 3.923 Executing VM operation: HandshakeAllThreads done
Event: 3.972 Executing VM operation: HandshakeAllThreads
Event: 3.972 Executing VM operation: HandshakeAllThreads done
Event: 3.975 Executing VM operation: ParallelGCFailedAllocation
Event: 3.976 Executing VM operation: ParallelGCFailedAllocation done
Event: 4.009 Executing VM operation: ParallelGCFailedAllocation
Event: 4.010 Executing VM operation: ParallelGCFailedAllocation done
Event: 4.044 Executing VM operation: ParallelGCFailedAllocation
Event: 4.045 Executing VM operation: ParallelGCFailedAllocation done
Event: 4.064 Executing VM operation: ParallelGCFailedAllocation
Event: 4.065 Executing VM operation: ParallelGCFailedAllocation done
Event: 4.111 Executing VM operation: HandshakeAllThreads
Event: 4.111 Executing VM operation: HandshakeAllThreads done
Event: 4.140 Executing VM operation: ParallelGCFailedAllocation
Event: 4.141 Executing VM operation: ParallelGCFailedAllocation done
Event: 4.190 Executing VM operation: HandshakeAllThreads
Event: 4.190 Executing VM operation: HandshakeAllThreads done

Events (20 events):
Event: 3.971 loading class java/nio/channels/Channels$ReadableByteChannelImpl
Event: 3.971 loading class java/nio/channels/Channels$ReadableByteChannelImpl done
Event: 3.972 loading class java/nio/channels/NonWritableChannelException
Event: 3.972 loading class java/nio/channels/NonWritableChannelException done
Event: 3.996 Thread 0x0000018874a5f2b0 Thread added: 0x0000018874a5f2b0
Event: 4.000 Thread 0x00000188747b6880 Thread added: 0x00000188747b6880
Event: 4.000 Thread 0x0000018874bce010 Thread added: 0x0000018874bce010
Event: 4.005 Thread 0x0000018874af9f50 Thread added: 0x0000018874af9f50
Event: 4.096 loading class sun/nio/cs/ThreadLocalCoders
Event: 4.096 loading class sun/nio/cs/ThreadLocalCoders done
Event: 4.096 loading class sun/nio/cs/ThreadLocalCoders$1
Event: 4.096 loading class sun/nio/cs/ThreadLocalCoders$Cache
Event: 4.096 loading class sun/nio/cs/ThreadLocalCoders$Cache done
Event: 4.096 loading class sun/nio/cs/ThreadLocalCoders$1 done
Event: 4.097 loading class sun/nio/cs/ThreadLocalCoders$2
Event: 4.097 loading class sun/nio/cs/ThreadLocalCoders$2 done
Event: 4.121 loading class java/lang/ExceptionInInitializerError
Event: 4.121 loading class java/lang/ExceptionInInitializerError done
Event: 4.274 loading class java/util/Vector$1
Event: 4.274 loading class java/util/Vector$1 done


Dynamic libraries:
0x00007ff729cd0000 - 0x00007ff729cde000 	c:\Users\Cassel Robson\.vscode\extensions\redhat.java-1.32.0-win32-x64\jre\17.0.11-win32-x86_64\bin\java.exe
0x00007ffee1af0000 - 0x00007ffee1d07000 	C:\WINDOWS\SYSTEM32\ntdll.dll
0x00007ffee0c50000 - 0x00007ffee0d14000 	C:\WINDOWS\System32\KERNEL32.DLL
0x00007ffedf240000 - 0x00007ffedf5ed000 	C:\WINDOWS\System32\KERNELBASE.dll
0x00007ffedf710000 - 0x00007ffedf821000 	C:\WINDOWS\System32\ucrtbase.dll
0x00007ffecc4e0000 - 0x00007ffecc4f7000 	c:\Users\Cassel Robson\.vscode\extensions\redhat.java-1.32.0-win32-x64\jre\17.0.11-win32-x86_64\bin\jli.dll
0x00007ffecc4c0000 - 0x00007ffecc4db000 	c:\Users\Cassel Robson\.vscode\extensions\redhat.java-1.32.0-win32-x64\jre\17.0.11-win32-x86_64\bin\VCRUNTIME140.dll
0x00007ffee10f0000 - 0x00007ffee129e000 	C:\WINDOWS\System32\USER32.dll
0x00007ffecdac0000 - 0x00007ffecdd53000 	C:\WINDOWS\WinSxS\amd64_microsoft.windows.common-controls_6595b64144ccf1df_6.0.22621.3672_none_2713b9d173822955\COMCTL32.dll
0x00007ffedf0a0000 - 0x00007ffedf0c6000 	C:\WINDOWS\System32\win32u.dll
0x00007ffee0100000 - 0x00007ffee01a7000 	C:\WINDOWS\System32\msvcrt.dll
0x00007ffee1960000 - 0x00007ffee1989000 	C:\WINDOWS\System32\GDI32.dll
0x00007ffedf5f0000 - 0x00007ffedf709000 	C:\WINDOWS\System32\gdi32full.dll
0x00007ffedefd0000 - 0x00007ffedf06a000 	C:\WINDOWS\System32\msvcp_win.dll
0x00007ffee0f80000 - 0x00007ffee0fb1000 	C:\WINDOWS\System32\IMM32.DLL
0x00007ffed6f60000 - 0x00007ffed6f6c000 	c:\Users\Cassel Robson\.vscode\extensions\redhat.java-1.32.0-win32-x64\jre\17.0.11-win32-x86_64\bin\vcruntime140_1.dll
0x00007ffe964d0000 - 0x00007ffe9655d000 	c:\Users\Cassel Robson\.vscode\extensions\redhat.java-1.32.0-win32-x64\jre\17.0.11-win32-x86_64\bin\msvcp140.dll
0x00007ffe3f800000 - 0x00007ffe40462000 	c:\Users\Cassel Robson\.vscode\extensions\redhat.java-1.32.0-win32-x64\jre\17.0.11-win32-x86_64\bin\server\jvm.dll
0x00007ffee01c0000 - 0x00007ffee0272000 	C:\WINDOWS\System32\ADVAPI32.dll
0x00007ffee0d20000 - 0x00007ffee0dc9000 	C:\WINDOWS\System32\sechost.dll
0x00007ffedf070000 - 0x00007ffedf098000 	C:\WINDOWS\System32\bcrypt.dll
0x00007ffee0690000 - 0x00007ffee07a4000 	C:\WINDOWS\System32\RPCRT4.dll
0x00007ffeddc70000 - 0x00007ffeddcbd000 	C:\WINDOWS\SYSTEM32\POWRPROF.dll
0x00007ffea4690000 - 0x00007ffea4699000 	C:\WINDOWS\SYSTEM32\WSOCK32.dll
0x00007ffed5dd0000 - 0x00007ffed5dda000 	C:\WINDOWS\SYSTEM32\VERSION.dll
0x00007ffee1070000 - 0x00007ffee10e1000 	C:\WINDOWS\System32\WS2_32.dll
0x00007ffed4a00000 - 0x00007ffed4a34000 	C:\WINDOWS\SYSTEM32\WINMM.dll
0x00007ffeddc50000 - 0x00007ffeddc63000 	C:\WINDOWS\SYSTEM32\UMPDC.dll
0x00007ffeddf00000 - 0x00007ffeddf18000 	C:\WINDOWS\SYSTEM32\kernel.appcore.dll
0x00007ffed4430000 - 0x00007ffed443a000 	c:\Users\Cassel Robson\.vscode\extensions\redhat.java-1.32.0-win32-x64\jre\17.0.11-win32-x86_64\bin\jimage.dll
0x00007ffedc5d0000 - 0x00007ffedc802000 	C:\WINDOWS\SYSTEM32\DBGHELP.DLL
0x00007ffee08c0000 - 0x00007ffee0c48000 	C:\WINDOWS\System32\combase.dll
0x00007ffee1880000 - 0x00007ffee1957000 	C:\WINDOWS\System32\OLEAUT32.dll
0x00007ffea44d0000 - 0x00007ffea4502000 	C:\WINDOWS\SYSTEM32\dbgcore.DLL
0x00007ffedee20000 - 0x00007ffedee9b000 	C:\WINDOWS\System32\bcryptPrimitives.dll
0x00007ffed6f20000 - 0x00007ffed6f2e000 	c:\Users\Cassel Robson\.vscode\extensions\redhat.java-1.32.0-win32-x64\jre\17.0.11-win32-x86_64\bin\instrument.dll
0x00007ffecc500000 - 0x00007ffecc525000 	c:\Users\Cassel Robson\.vscode\extensions\redhat.java-1.32.0-win32-x64\jre\17.0.11-win32-x86_64\bin\java.dll
0x00007ffed6f00000 - 0x00007ffed6f18000 	c:\Users\Cassel Robson\.vscode\extensions\redhat.java-1.32.0-win32-x64\jre\17.0.11-win32-x86_64\bin\zip.dll
0x00007ffedf830000 - 0x00007ffee008f000 	C:\WINDOWS\System32\SHELL32.dll
0x00007ffedcd30000 - 0x00007ffedd62c000 	C:\WINDOWS\SYSTEM32\windows.storage.dll
0x00007ffedcbf0000 - 0x00007ffedcd2f000 	C:\WINDOWS\SYSTEM32\wintypes.dll
0x00007ffee07b0000 - 0x00007ffee08a4000 	C:\WINDOWS\System32\SHCORE.dll
0x00007ffee1820000 - 0x00007ffee187e000 	C:\WINDOWS\System32\shlwapi.dll
0x00007ffeded50000 - 0x00007ffeded71000 	C:\WINDOWS\SYSTEM32\profapi.dll
0x00007ffecc5f0000 - 0x00007ffecc609000 	C:\Users\Cassel Robson\.vscode\extensions\redhat.java-1.32.0-win32-x64\jre\17.0.11-win32-x86_64\bin\net.dll
0x00007ffed6ac0000 - 0x00007ffed6bf6000 	C:\WINDOWS\SYSTEM32\WINHTTP.dll
0x00007ffede360000 - 0x00007ffede3c9000 	C:\WINDOWS\system32\mswsock.dll
0x00007ffecc460000 - 0x00007ffecc476000 	C:\Users\Cassel Robson\.vscode\extensions\redhat.java-1.32.0-win32-x64\jre\17.0.11-win32-x86_64\bin\nio.dll
0x00007ffecc450000 - 0x00007ffecc460000 	c:\Users\Cassel Robson\.vscode\extensions\redhat.java-1.32.0-win32-x64\jre\17.0.11-win32-x86_64\bin\verify.dll
0x00007ffeba860000 - 0x00007ffeba8a4000 	C:\Users\Cassel Robson\AppData\Roaming\Code\User\globalStorage\redhat.java\1.32.0\config_ss_win\org.eclipse.equinox.launcher\org.eclipse.equinox.launcher.win32.win32.x86_64_1.2.1100.v20240613-2013\eclipse_11903.dll
0x00007ffee0dd0000 - 0x00007ffee0f75000 	C:\WINDOWS\System32\ole32.dll
0x00007ffede600000 - 0x00007ffede61b000 	C:\WINDOWS\SYSTEM32\CRYPTSP.dll
0x00007ffedde60000 - 0x00007ffedde95000 	C:\WINDOWS\system32\rsaenh.dll
0x00007ffede400000 - 0x00007ffede428000 	C:\WINDOWS\SYSTEM32\USERENV.dll
0x00007ffede560000 - 0x00007ffede56c000 	C:\WINDOWS\SYSTEM32\CRYPTBASE.dll
0x00007ffedd900000 - 0x00007ffedd92d000 	C:\WINDOWS\SYSTEM32\IPHLPAPI.DLL
0x00007ffee02d0000 - 0x00007ffee02d9000 	C:\WINDOWS\System32\NSI.dll
0x00007ffed6820000 - 0x00007ffed6839000 	C:\WINDOWS\SYSTEM32\dhcpcsvc6.DLL
0x00007ffed6770000 - 0x00007ffed678f000 	C:\WINDOWS\SYSTEM32\dhcpcsvc.DLL
0x00007ffedd970000 - 0x00007ffedda68000 	C:\WINDOWS\SYSTEM32\DNSAPI.dll
0x00007ffeabc80000 - 0x00007ffeabcc5000 	C:\Users\Cassel Robson\AppData\Local\Temp\jna-2001893832\jna11954548124234489390.dll
0x00007ffee01b0000 - 0x00007ffee01b8000 	C:\WINDOWS\System32\PSAPI.DLL

dbghelp: loaded successfully - version: 4.0.5 - missing functions: none
symbol engine: initialized successfully - sym options: 0x614 - pdb path: .;c:\Users\Cassel Robson\.vscode\extensions\redhat.java-1.32.0-win32-x64\jre\17.0.11-win32-x86_64\bin;C:\WINDOWS\SYSTEM32;C:\WINDOWS\WinSxS\amd64_microsoft.windows.common-controls_6595b64144ccf1df_6.0.22621.3672_none_2713b9d173822955;c:\Users\Cassel Robson\.vscode\extensions\redhat.java-1.32.0-win32-x64\jre\17.0.11-win32-x86_64\bin\server;C:\Users\Cassel Robson\AppData\Roaming\Code\User\globalStorage\redhat.java\1.32.0\config_ss_win\org.eclipse.equinox.launcher\org.eclipse.equinox.launcher.win32.win32.x86_64_1.2.1100.v20240613-2013;C:\Users\Cassel Robson\AppData\Local\Temp\jna-2001893832

VM Arguments:
jvm_args: --add-modules=ALL-SYSTEM --add-opens=java.base/java.util=ALL-UNNAMED --add-opens=java.base/java.lang=ALL-UNNAMED --add-opens=java.base/sun.nio.fs=ALL-UNNAMED -Declipse.application=org.eclipse.jdt.ls.core.id1 -Dosgi.bundles.defaultStartLevel=4 -Declipse.product=org.eclipse.jdt.ls.core.product -Djava.import.generatesMetadataFilesAtProjectRoot=false -DDetectVMInstallationsJob.disabled=true -Dfile.encoding=utf8 -XX:+UseParallelGC -XX:GCTimeRatio=4 -XX:AdaptiveSizePolicyWeight=90 -Dsun.zip.disableMemoryMapping=true -Xmx1G -Xms100m -Xlog:disable -javaagent:c:\Users\Cassel Robson\.vscode\extensions\redhat.java-1.32.0-win32-x64\lombok\lombok-1.18.33.jar 
java_command: c:\Users\Cassel Robson\.vscode\extensions\redhat.java-1.32.0-win32-x64\server\plugins\org.eclipse.equinox.launcher_1.6.900.v20240613-2009.jar -configuration c:\Users\Cassel Robson\AppData\Roaming\Code\User\globalStorage\redhat.java\1.32.0\config_ss_win -data c:\Users\Cassel Robson\AppData\Roaming\Code\User\workspaceStorage\91d333ee4e4b4ecfdc62c85a850c3d8d\redhat.java\ss_ws --pipe=\\.\pipe\lsp-8b49042144a97b273ece6321b4f67bcb-sock
java_class_path (initial): c:\Users\Cassel Robson\.vscode\extensions\redhat.java-1.32.0-win32-x64\server\plugins\org.eclipse.equinox.launcher_1.6.900.v20240613-2009.jar
Launcher Type: SUN_STANDARD

[Global flags]
    uintx AdaptiveSizePolicyWeight                 = 90                                        {product} {command line}
     intx CICompilerCount                          = 12                                        {product} {ergonomic}
    uintx GCTimeRatio                              = 4                                         {product} {command line}
   size_t InitialHeapSize                          = 104857600                                 {product} {command line}
   size_t MaxHeapSize                              = 1073741824                                {product} {command line}
   size_t MaxNewSize                               = 357564416                                 {product} {ergonomic}
   size_t MinHeapDeltaBytes                        = 524288                                    {product} {ergonomic}
   size_t MinHeapSize                              = 104857600                                 {product} {command line}
   size_t NewSize                                  = 34603008                                  {product} {ergonomic}
    uintx NonNMethodCodeHeapSize                   = 7602480                                {pd product} {ergonomic}
    uintx NonProfiledCodeHeapSize                  = 122027880                              {pd product} {ergonomic}
   size_t OldSize                                  = 70254592                                  {product} {ergonomic}
    uintx ProfiledCodeHeapSize                     = 122027880                              {pd product} {ergonomic}
    uintx ReservedCodeCacheSize                    = 251658240                              {pd product} {ergonomic}
     bool SegmentedCodeCache                       = true                                      {product} {ergonomic}
   size_t SoftMaxHeapSize                          = 1073741824                             {manageable} {ergonomic}
     bool UseCompressedClassPointers               = true                           {product lp64_product} {ergonomic}
     bool UseCompressedOops                        = true                           {product lp64_product} {ergonomic}
     bool UseLargePagesIndividualAllocation        = false                                  {pd product} {ergonomic}
     bool UseParallelGC                            = true                                      {product} {command line}

Logging:
Log output configuration:
 #0: stdout all=off uptime,level,tags
 #1: stderr all=off uptime,level,tags

Environment Variables:
JAVA_HOME=C:\Program Files\Amazon Corretto\jdk21.0.1_12
PATH=C:\Program Files\Amazon Corretto\jdk21.0.1_12\bin;C:\MinGW\bin;"C:\MinGW\bin;C:\MinGW\msys\1.0\bin";C:\Program Files (x86)\Common Files\Oracle\Java\javapath;C:\Program Files (x86)\Intel\Intel(R) Management Engine Components\iCLS\;C:\Program Files\Intel\Intel(R) Management Engine Components\iCLS\;C:\Windows\system32;C:\Windows;C:\Windows\System32\Wbem;C:\Windows\System32\WindowsPowerShell\v1.0\;C:\Program Files (x86)\NVIDIA Corporation\PhysX\Common;C:\Program Files (x86)\Intel\Intel(R) Management Engine Components\DAL;C:\Program Files\Intel\Intel(R) Management Engine Components\DAL;C:\Program Files (x86)\Intel\Intel(R) Management Engine Components\IPT;C:\Program Files\Intel\Intel(R) Management Engine Components\IPT;C:\Program Files\Intel\WiFi\bin\;C:\Program Files\Common Files\Intel\WirelessCommon\;C:\WINDOWS\system32;C:\WINDOWS;C:\WINDOWS\System32\Wbem;C:\WINDOWS\System32\WindowsPowerShell\v1.0\;C:\WINDOWS\System32\OpenSSH\;C:\Program Files (x86)\Common Files\Seagate\VirtualFile\;C:\Program Files (x86)\Common Files\Seagate\VirtualFile64\;C:\Program Files (x86)\Common Files\Seagate\SnapAPI\;C:\Program Files\NVIDIA Corporation\NVIDIA NvDLISR;C:\WINDOWS\system32;C:\WINDOWS;C:\WINDOWS\System32\Wbem;C:\WINDOWS\System32\WindowsPowerShell\v1.0\;C:\WINDOWS\System32\OpenSSH\;C:\Program Files\dotnet\;C:\cygwin64\bin;C:\Program Files\Git\cmd;C:\Program Files\wooting-analog-sdk\;C:\Program Files\Docker\Docker\resources\bin;C:\Program Files\MySQL\MySQL Shell 8.0\bin\;C:\Program Files (x86)\Common Files\Oracle\Java\javapath;C:\Program Files (x86)\Intel\Intel(R) Management Engine Components\iCLS\;C:\Program Files\Intel\Intel(R) Management Engine Components\iCLS\;C:\Windows\system32;C:\Windows;C:\Windows\System32\Wbem;C:\Windows\System32\WindowsPowerShell\v1.0\;C:\Program Files (x86)\NVIDIA Corporation\PhysX\Common;C:\Program Files (x86)\Intel\Intel(R) Management Engine Components\DAL;C:\Program Files\Intel\Intel(R) Management Engine Components\DAL;C:\Program Files (x86)\Intel\In
USERNAME=Cassel Robson
OS=Windows_NT
PROCESSOR_IDENTIFIER=Intel64 Family 6 Model 151 Stepping 2, GenuineIntel
TMP=C:\Users\CASSEL~1\AppData\Local\Temp
TEMP=C:\Users\CASSEL~1\AppData\Local\Temp



Periodic native trim disabled


---------------  S Y S T E M  ---------------

OS:
 Windows 11 , 64 bit Build 22621 (10.0.22621.3672)
OS uptime: 1 days 15:47 hours
Hyper-V role detected

CPU: total 20 (initial active 20) (10 cores per cpu, 2 threads per core) family 6 model 151 stepping 2 microcode 0x26, cx8, cmov, fxsr, ht, mmx, 3dnowpref, sse, sse2, sse3, ssse3, sse4.1, sse4.2, popcnt, lzcnt, tsc, tscinvbit, avx, avx2, aes, erms, clmul, bmi1, bmi2, adx, sha, fma, vzeroupper, clflush, clflushopt, clwb, hv
Processor Information for all 20 processors :
  Max Mhz: 3600, Current Mhz: 3600, Mhz Limit: 3600

Memory: 4k page, system-wide physical 32508M (17772M free)
TotalPageFile size 44482M (AvailPageFile size 7M)
current process WorkingSet (physical memory assigned to process): 185M, peak: 187M
current process commit charge ("private bytes"): 297M, peak: 301M

vm_info: OpenJDK 64-Bit Server VM (17.0.11+9) for windows-amd64 JRE (17.0.11+9), built on Apr 17 2024 06:07:48 by "admin" with MS VC++ 16.10 / 16.11 (VS2019)

END.
